Report End Points: 
-----+-------+------+-------+-------+-----+-----+-------+-----------+-------------------
     |Group  |Launch|Capture|Shift  |Delay|Depth|Slack  |Begin Point|End Point          
-----+-------+------+-------+-------+-----+-----+-------+-----------+-------------------
1    |default|sysclk|sysclk |60000.0| 57.1|    2|59739.5|error_reg/Q|error_reg/D        
2    |default|sysclk|sysclk |60000.0|  8.4|    1|59767.9|error_reg/Q|clk_gate_posv_reg/E
-----+-------+------+-------+-------+-----+-----+-------+-----------+-------------------
Report End Points: 
-----+-----+--------------+-------+-------+------+-----+-------+-----------+---------------
     |Group|Launch        |Capture|Shift  |Delay |Depth|Slack  |Begin Point|End Point      
-----+-----+--------------+-------+-------+------+-----+-------+-----------+---------------
1    |I2R  |rtDefaultClock|sysclk |60000.0|4870.1|   67|54388.7|in_a[1]    |error_reg/D    
2    |I2R  |rtDefaultClock|sysclk |60000.0|4817.4|   66|54443.6|in_a[1]    |err_reg/D      
3    |I2R  |rtDefaultClock|sysclk |60000.0|4731.2|   65|54526.1|in_a[1]    |out_c_reg[63]/D
-----+-----+--------------+-------+-------+------+-----+-------+-----------+---------------
Report End Points: 
-----+-----+------+-------+-----+-----+-----+-----+-----------+---------
     |Group|Launch|Capture|Shift|Delay|Depth|Slack|Begin Point|End Point
-----+-----+------+-------+-----+-----+-----+-----+-----------+---------
1    |I2O  |      |       |     |     |     |     |           |         
-----+-----+------+-------+-----+-----+-----+-----+-----------+---------
Report End Points: 
-----+-----+------+-------+-------+-----+-----+-------+---------------+---------
     |Group|Launch|Capture|Shift  |Delay|Depth|Slack  |Begin Point    |End Point
-----+-----+------+-------+-------+-----+-----+-------+---------------+---------
1    |R2O  |sysclk|vsysclk|60000.0|  1.3|    0|41775.5|out_c_reg[63]/Q|out_c[60]
2    |R2O  |sysclk|vsysclk|60000.0|  1.3|    0|41775.5|out_c_reg[63]/Q|out_c[56]
3    |R2O  |sysclk|vsysclk|60000.0|  1.3|    0|41775.5|out_c_reg[63]/Q|out_c[52]
-----+-----+------+-------+-------+-----+-----+-------+---------------+---------
