warning: No library characterized for (process = 1.00 voltage = 0.85 temperature = 25.00) can be found in the database for power domain '/PD_TOP'  [NL-174]
Report Power (instances with prefix '*' are included in total) : 
-----+-----------------------+--------------------+---------------------+-------------------+-----------------
     | Instance              | Internal Power(uw) | Switching Power(uw) | Leakage Power(uw) | Total Power(uw) 
-----+-----------------------+--------------------+---------------------+-------------------+-----------------
1    |*posv_reg              |            0.034608|             0.044670|           0.086213|         0.165490
2    |*i_0_5                 |           51.747200|            43.143726|           1.264237|        96.155167
3    |*i_0_7                 |           60.245720|            50.932533|           1.316485|       112.494743
4    |*i_0_9                 |           61.139008|            37.113079|           1.316485|        99.568573
5    |*i_0_11                |           62.442146|            38.029194|           1.316485|       101.787834
6    |*i_0_13                |           62.844582|            38.301769|           1.316485|       102.462837
7    |*i_0_15                |           62.973541|            38.391720|           1.316485|       102.681755
8    |*i_0_17                |           63.050529|            39.048218|           1.316485|       103.415230
9    |*i_0_19                |           63.069176|            39.062023|           1.316485|       103.447685
10   |*i_0_21                |           63.077370|            39.068207|           1.316485|       103.462067
11   |*i_0_23                |           63.081192|            39.071121|           1.316485|       103.468803
12   |*i_0_25                |           63.083027|            39.072529|           1.316485|       103.472038
13   |*i_0_27                |           63.083931|            39.073223|           1.316485|       103.473640
14   |*i_0_29                |           63.084377|            39.073566|           1.316485|       103.474434
15   |*i_0_31                |           63.084595|            39.073738|           1.316485|       103.474823
16   |*i_0_33                |           78.455429|           125.603439|           1.929919|       205.988800
17   |*zero_reg              |            0.034584|             0.045638|           0.086213|         0.166435
18   |*err_reg               |            0.038335|             0.044704|           0.100162|         0.183201
19   |*done_reg              |            0.000000|             0.000000|           0.100162|         0.100162
20   |*out_c_reg[63]         |            0.032128|             1.928891|           0.086213|         2.047231
21   |*out_c_reg[15]         |            0.034607|             0.045124|           0.086213|         0.165944
22   |*out_c_reg[14]         |            0.034607|             0.045067|           0.086213|         0.165887
23   |*out_c_reg[13]         |            0.034609|             0.046002|           0.086213|         0.166823
24   |*out_c_reg[12]         |            0.034609|             0.046002|           0.086213|         0.166823
25   |*out_c_reg[11]         |            0.034607|             0.045033|           0.086213|         0.165853
26   |*out_c_reg[10]         |            0.034607|             0.044976|           0.086213|         0.165796
27   |*out_c_reg[9]          |            0.034608|             0.045911|           0.086213|         0.166732
28   |*out_c_reg[8]          |            0.034607|             0.045911|           0.086213|         0.166731
29   |*out_c_reg[7]          |            0.034607|             0.044942|           0.086213|         0.165762
30   |*out_c_reg[6]          |            0.034607|             0.044885|           0.086213|         0.165705
31   |*out_c_reg[5]          |            0.034608|             0.045820|           0.086213|         0.166641
32   |*out_c_reg[4]          |            0.034608|             0.045820|           0.086213|         0.166641
33   |*out_c_reg[3]          |            0.034607|             0.044851|           0.086213|         0.165671
34   |*out_c_reg[2]          |            0.034607|             0.044795|           0.086213|         0.165614
35   |*out_c_reg[1]          |            0.034608|             0.045729|           0.086213|         0.166550
36   |*out_c_reg[0]          |            0.034608|             0.045729|           0.086213|         0.166550
37   |*error_reg             |            0.072335|             0.166126|           0.086213|         0.324674
38   |*error_reg_enable_mux_0|            0.024280|             0.009058|           0.035928|         0.069267
39   |*i_0_0_0               |            0.498106|             1.755002|           0.014353|         2.267461
40   |*clk_gate_posv_reg     |            0.069805|             0.000000|           0.059138|         0.128943
41   |*i_0_1_0               |            0.008438|             0.011089|           0.021200|         0.040727
42   |*i_0_1_1               |            0.014279|             0.011698|           0.027858|         0.053835
43   |*i_0_1_2               |            0.560214|            11.355150|           0.021200|        11.936564
44   |*i_0_1_3               |            0.009014|             0.007085|           0.022695|         0.038793
45   |*i_0_1_4               |            1.035463|             1.201321|           0.022695|         2.259479
46   |*i_0_1_5               |            0.843291|             4.401838|           0.014353|         5.259482
47   |*i_0_1_6               |            0.007924|             0.045603|           0.014353|         0.067881
48   |*i_0_2_0               |            1.181289|             0.932511|           0.025066|         2.138866
49   |*i_0_2_1               |            1.210707|             2.097426|           0.025066|         3.333200
50   |*i_0_2_2               |            1.210707|             2.097426|           0.025066|         3.333200
51   |*i_0_2_3               |            1.210707|             2.097426|           0.025066|         3.333200
52   |*i_0_2_4               |            1.210707|             2.097426|           0.025066|         3.333200
53   |*i_0_2_5               |            1.210707|             2.097426|           0.025066|         3.333200
54   |*i_0_2_6               |            1.210707|             2.097426|           0.025066|         3.333200
55   |*i_0_2_7               |            1.210707|             2.097426|           0.025066|         3.333200
56   |*i_0_2_8               |            1.210707|             2.097426|           0.025066|         3.333200
57   |*i_0_2_9               |            1.210707|             2.097426|           0.025066|         3.333200
58   |*i_0_2_10              |            1.210707|             2.097426|           0.025066|         3.333200
59   |*i_0_2_11              |            1.210707|             2.097426|           0.025066|         3.333200
60   |*i_0_2_12              |            1.210707|             2.097426|           0.025066|         3.333200
61   |*i_0_2_13              |            1.210707|             2.097426|           0.025066|         3.333200
62   |*i_0_2_14              |            1.231034|             7.905810|           0.025066|         9.161911
63   |*i_0_2_15              |            0.573095|            20.520475|           0.014353|        21.107924
64   |*i_0_2_16              |            1.170254|             7.140069|           0.032612|         8.342935
65   |*i_0_2_17              |            0.577324|             1.116390|           0.014353|         1.708067
66   |*i_0_2_18              |            1.170254|             7.140069|           0.032612|         8.342935
67   |*i_0_2_19              |            0.537179|             2.517155|           0.014353|         3.068688
68   |*i_0_2_20              |            1.170254|             7.140069|           0.032612|         8.342935
69   |*i_0_2_21              |            0.537179|             2.517155|           0.014353|         3.068688
70   |*i_0_2_22              |            1.170254|             7.140069|           0.032612|         8.342935
71   |*i_0_2_23              |            0.537179|             2.517155|           0.014353|         3.068688
72   |*i_0_2_24              |            1.170254|             7.140069|           0.032612|         8.342935
73   |*i_0_2_25              |            0.537179|             2.517155|           0.014353|         3.068688
74   |*i_0_2_26              |            1.170254|             7.140069|           0.032612|         8.342935
75   |*i_0_2_27              |            0.537179|             2.517155|           0.014353|         3.068688
76   |*i_0_2_28              |            1.170254|             7.140069|           0.032612|         8.342935
77   |*i_0_2_29              |            0.537179|             2.517155|           0.014353|         3.068688
78   |*i_0_2_30              |            1.170254|             7.140069|           0.032612|         8.342935
79   |*i_0_2_31              |            0.537179|             2.517155|           0.014353|         3.068688
80   |*i_0_2_32              |            1.170254|             7.140069|           0.032612|         8.342935
81   |*i_0_2_33              |            0.537179|             2.517155|           0.014353|         3.068688
82   |*i_0_2_34              |            1.170254|             7.140069|           0.032612|         8.342935
83   |*i_0_2_35              |            0.537179|             2.517155|           0.014353|         3.068688
84   |*i_0_2_36              |            1.170254|             7.140069|           0.032612|         8.342935
85   |*i_0_2_37              |            0.537179|             2.517155|           0.014353|         3.068688
86   |*i_0_2_38              |            1.170254|             7.140069|           0.032612|         8.342935
87   |*i_0_2_39              |            0.537179|             2.517155|           0.014353|         3.068688
88   |*i_0_2_40              |            1.170254|             7.140069|           0.032612|         8.342935
89   |*i_0_2_41              |            0.537179|             2.517155|           0.014353|         3.068688
90   |*i_0_2_42              |            0.299128|             1.736893|           0.017393|         2.053414
91   |*i_0_2_43              |            0.703539|             1.027908|           0.017393|         1.748841
92   |*i_0_2_44              |            0.644221|             2.523466|           0.017393|         3.185080
93   |*i_0_2_45              |            0.707657|             1.027908|           0.017393|         1.752958
94   |*i_0_2_46              |            0.644221|             2.523466|           0.017393|         3.185080
95   |*i_0_2_47              |            0.703822|             1.033909|           0.017393|         1.755125
96   |*i_0_2_48              |            0.644198|            12.511383|           0.017393|        13.172974
97   |*i_0_2_49              |            0.536545|            25.143509|           0.014353|        25.694408
98   |*i_0_2_50              |            1.172014|             7.448679|           0.032612|         8.653306
99   |*i_0_2_51              |            0.602277|             1.164643|           0.014353|         1.781274
100  |*i_0_2_52              |            1.172014|             7.448679|           0.032612|         8.653306
101  |*i_0_2_53              |            0.585244|             1.756314|           0.014353|         2.355911
102  |*i_0_2_54              |            1.172014|             7.448679|           0.032612|         8.653306
103  |*i_0_2_55              |            0.585244|             1.756314|           0.014353|         2.355911
104  |*i_0_2_56              |            1.172014|             7.448679|           0.032612|         8.653306
105  |*i_0_2_57              |            0.585244|             1.756314|           0.014353|         2.355911
106  |*i_0_2_58              |            1.172014|             7.448679|           0.032612|         8.653306
107  |*i_0_2_59              |            0.585244|             1.756314|           0.014353|         2.355911
108  |*i_0_2_60              |            1.172014|             7.448679|           0.032612|         8.653306
109  |*i_0_2_61              |            0.585244|             1.756314|           0.014353|         2.355911
110  |*i_0_2_62              |            1.172014|             7.448679|           0.032612|         8.653306
111  |*i_0_2_63              |            0.585244|             1.756314|           0.014353|         2.355911
112  |*i_0_2_64              |            1.172014|             7.448679|           0.032612|         8.653306
113  |*i_0_2_65              |            0.585244|             1.756314|           0.014353|         2.355911
114  |*i_0_2_66              |            1.172014|             7.448679|           0.032612|         8.653306
115  |*i_0_2_67              |            0.585244|             1.756314|           0.014353|         2.355911
116  |*i_0_2_68              |            1.172014|             7.448679|           0.032612|         8.653306
117  |*i_0_2_69              |            0.585244|             1.756314|           0.014353|         2.355911
118  |*i_0_2_70              |            1.172014|             7.448679|           0.032612|         8.653306
119  |*i_0_2_71              |            0.585244|             1.756314|           0.014353|         2.355911
120  |*i_0_2_72              |            1.172014|             7.448679|           0.032612|         8.653306
121  |*i_0_2_73              |            0.585244|             1.756314|           0.014353|         2.355911
122  |*i_0_2_74              |            1.172496|             7.448680|           0.032612|         8.653788
123  |*i_0_2_75              |            0.585244|             1.756314|           0.014353|         2.355911
124  |*i_0_2_76              |            1.172496|             7.448680|           0.032612|         8.653788
125  |*i_0_2_77              |            0.585244|             1.756314|           0.014353|         2.355911
126  |*i_0_2_78              |            1.172756|             7.454195|           0.032612|         8.659563
127  |*i_0_2_79              |            0.585677|             1.757614|           0.014353|         2.357645
128  |*i_0_2_80              |            1.172756|             7.454195|           0.032612|         8.659563
129  |*i_0_2_81              |            0.583432|             1.835617|           0.014353|         2.433402
130  |*i_0_2_82              |            1.178782|             7.455718|           0.032612|         8.667111
131  |*i_0_2_83              |            0.478786|             8.523957|           0.014353|         9.017096
132  |*i_0_2_84              |            1.811069|             1.242234|           0.035928|         3.089232
133  |*i_0_2_85              |            1.833653|             1.866924|           0.035928|         3.736506
134  |*i_0_2_86              |            1.833653|             1.866924|           0.035928|         3.736506
135  |*i_0_2_87              |            1.833653|             1.866924|           0.035928|         3.736506
136  |*i_0_2_88              |            1.833653|             1.866924|           0.035928|         3.736506
137  |*i_0_2_89              |            1.833653|             1.866924|           0.035928|         3.736506
138  |*i_0_2_90              |            1.833653|             1.866924|           0.035928|         3.736506
139  |*i_0_2_91              |            1.833653|             1.866924|           0.035928|         3.736506
140  |*i_0_2_92              |            1.833653|             1.866924|           0.035928|         3.736506
141  |*i_0_2_93              |            1.833653|             1.866924|           0.035928|         3.736506
142  |*i_0_2_94              |            1.833653|             1.866924|           0.035928|         3.736506
143  |*i_0_2_95              |            1.833653|             1.866924|           0.035928|         3.736506
144  |*i_0_2_96              |            1.833653|             1.866924|           0.035928|         3.736506
145  |*i_0_2_97              |            1.833893|             1.867254|           0.035928|         3.737076
146  |*i_0_2_98              |            1.833893|             1.867254|           0.035928|         3.737076
147  |*i_0_2_99              |            1.835413|             1.948951|           0.035928|         3.820293
148  |*i_0_2_100             |            1.929188|             8.952147|           0.035928|        10.917263
149  |*i_0_2_101             |            1.823666|             1.256099|           0.035928|         3.115694
150  |*i_0_2_102             |            1.846820|             1.887762|           0.035928|         3.770510
151  |*i_0_2_103             |            1.846820|             1.887762|           0.035928|         3.770510
152  |*i_0_2_104             |            1.846820|             1.887762|           0.035928|         3.770510
153  |*i_0_2_105             |            1.846820|             1.887762|           0.035928|         3.770510
154  |*i_0_2_106             |            1.846820|             1.887762|           0.035928|         3.770510
155  |*i_0_2_107             |            1.846820|             1.887762|           0.035928|         3.770510
156  |*i_0_2_108             |            1.846820|             1.887762|           0.035928|         3.770510
157  |*i_0_2_109             |            1.846820|             1.887762|           0.035928|         3.770510
158  |*i_0_2_110             |            1.846820|             1.887762|           0.035928|         3.770510
159  |*i_0_2_111             |            1.846820|             1.887762|           0.035928|         3.770510
160  |*i_0_2_112             |            1.846820|             1.887762|           0.035928|         3.770510
161  |*i_0_2_113             |            1.846877|             1.887844|           0.035928|         3.770650
162  |*i_0_2_114             |            1.846877|             1.887844|           0.035928|         3.770650
163  |*i_0_2_115             |            1.846814|             1.887867|           0.035928|         3.770610
164  |*i_0_2_116             |            1.849207|             1.970392|           0.035928|         3.855527
165  |*i_0_2_117             |            1.948185|             9.050316|           0.035928|        11.034429
166  |*i_0_2_118             |            1.826774|             1.259565|           0.035928|         3.122268
167  |*i_0_2_119             |            1.850315|             1.892971|           0.035928|         3.779214
168  |*i_0_2_120             |            1.850315|             1.892971|           0.035928|         3.779214
169  |*i_0_2_121             |            1.850315|             1.892971|           0.035928|         3.779214
170  |*i_0_2_122             |            1.850315|             1.892971|           0.035928|         3.779214
171  |*i_0_2_123             |            1.850315|             1.892971|           0.035928|         3.779214
172  |*i_0_2_124             |            1.850315|             1.892971|           0.035928|         3.779214
173  |*i_0_2_125             |            1.850315|             1.892971|           0.035928|         3.779214
174  |*i_0_2_126             |            1.850315|             1.892971|           0.035928|         3.779214
175  |*i_0_2_127             |            1.850315|             1.892971|           0.035928|         3.779214
176  |*i_0_2_128             |            1.850315|             1.892971|           0.035928|         3.779214
177  |*i_0_2_129             |            1.850328|             1.892992|           0.035928|         3.779248
178  |*i_0_2_130             |            1.850328|             1.892992|           0.035928|         3.779248
179  |*i_0_2_131             |            1.850332|             1.892997|           0.035928|         3.779257
180  |*i_0_2_132             |            1.850255|             1.893003|           0.035928|         3.779186
181  |*i_0_2_133             |            1.852679|             1.975736|           0.035928|         3.864343
182  |*i_0_2_134             |            1.952867|             9.074779|           0.035928|        11.063574
183  |*i_0_2_135             |            1.849856|             1.861730|           0.035928|         3.747514
184  |*i_0_2_136             |            1.851074|             1.894273|           0.035928|         3.781276
185  |*i_0_2_137             |            1.851074|             1.894273|           0.035928|         3.781276
186  |*i_0_2_138             |            1.851074|             1.894273|           0.035928|         3.781276
187  |*i_0_2_139             |            1.851074|             1.894273|           0.035928|         3.781276
188  |*i_0_2_140             |            1.851074|             1.894273|           0.035928|         3.781276
189  |*i_0_2_141             |            1.851074|             1.894273|           0.035928|         3.781276
190  |*i_0_2_142             |            1.851074|             1.894273|           0.035928|         3.781276
191  |*i_0_2_143             |            1.851074|             1.894273|           0.035928|         3.781276
192  |*i_0_2_144             |            1.851074|             1.894273|           0.035928|         3.781276
193  |*i_0_2_145             |            1.851076|             1.894279|           0.035928|         3.781284
194  |*i_0_2_146             |            1.851076|             1.894279|           0.035928|         3.781284
195  |*i_0_2_147             |            1.851077|             1.894280|           0.035928|         3.781286
196  |*i_0_2_148             |            1.851078|             1.894281|           0.035928|         3.781287
197  |*i_0_2_149             |            1.850999|             1.894283|           0.035928|         3.781210
198  |*i_0_2_150             |            1.853441|             1.977067|           0.035928|         3.866436
199  |*i_0_2_151             |            1.954171|             9.080874|           0.035928|        11.070973
200  |*i_0_2_152             |            1.858459|             2.085748|           0.035928|         3.980135
201  |*i_0_2_153             |            1.849984|             1.862050|           0.035928|         3.747962
202  |*i_0_2_154             |            1.851206|             1.894599|           0.035928|         3.781734
203  |*i_0_2_155             |            1.851206|             1.894599|           0.035928|         3.781734
204  |*i_0_2_156             |            1.851206|             1.894599|           0.035928|         3.781734
205  |*i_0_2_157             |            1.851206|             1.894599|           0.035928|         3.781734
206  |*i_0_2_158             |            1.851206|             1.894599|           0.035928|         3.781734
207  |*i_0_2_159             |            1.851206|             1.894599|           0.035928|         3.781734
208  |*i_0_2_160             |            1.851206|             1.894599|           0.035928|         3.781734
209  |*i_0_2_161             |            1.851206|             1.894599|           0.035928|         3.781734
210  |*i_0_2_162             |            1.851206|             1.894600|           0.035928|         3.781735
211  |*i_0_2_163             |            1.851206|             1.894600|           0.035928|         3.781735
212  |*i_0_2_164             |            1.851207|             1.894601|           0.035928|         3.781735
213  |*i_0_2_165             |            1.851207|             1.894601|           0.035928|         3.781736
214  |*i_0_2_166             |            1.851207|             1.894601|           0.035928|         3.781737
215  |*i_0_2_167             |            1.851127|             1.894601|           0.035928|         3.781657
216  |*i_0_2_168             |            1.853579|             1.977399|           0.035928|         3.866906
217  |*i_0_2_169             |            1.954564|             9.082392|           0.035928|        11.072884
218  |*i_0_2_170             |            1.856007|             2.020307|           0.035928|         3.912242
219  |*i_0_2_171             |            1.849986|             1.862130|           0.035928|         3.748045
220  |*i_0_2_172             |            1.851210|             1.894680|           0.035928|         3.781819
221  |*i_0_2_173             |            1.851210|             1.894680|           0.035928|         3.781819
222  |*i_0_2_174             |            1.851210|             1.894680|           0.035928|         3.781819
223  |*i_0_2_175             |            1.851210|             1.894680|           0.035928|         3.781819
224  |*i_0_2_176             |            1.851210|             1.894680|           0.035928|         3.781819
225  |*i_0_2_177             |            1.851210|             1.894680|           0.035928|         3.781819
226  |*i_0_2_178             |            1.851210|             1.894680|           0.035928|         3.781819
227  |*i_0_2_179             |            1.851210|             1.894681|           0.035928|         3.781820
228  |*i_0_2_180             |            1.851210|             1.894681|           0.035928|         3.781820
229  |*i_0_2_181             |            1.851210|             1.894681|           0.035928|         3.781820
230  |*i_0_2_182             |            1.851210|             1.894681|           0.035928|         3.781820
231  |*i_0_2_183             |            1.851210|             1.894681|           0.035928|         3.781820
232  |*i_0_2_184             |            1.851210|             1.894681|           0.035928|         3.781820
233  |*i_0_2_185             |            1.851131|             1.894681|           0.035928|         3.781740
234  |*i_0_2_186             |            1.853587|             1.977482|           0.035928|         3.866997
235  |*i_0_2_187             |            1.954696|             9.082770|           0.035928|        11.073394
236  |*i_0_2_188             |            1.855109|             1.996776|           0.035928|         3.887814
237  |*i_0_2_189             |            1.849972|             1.862150|           0.035928|         3.748050
238  |*i_0_2_190             |            1.851197|             1.894701|           0.035928|         3.781826
239  |*i_0_2_191             |            1.851197|             1.894701|           0.035928|         3.781826
240  |*i_0_2_192             |            1.851197|             1.894701|           0.035928|         3.781826
241  |*i_0_2_193             |            1.851197|             1.894701|           0.035928|         3.781826
242  |*i_0_2_194             |            1.851197|             1.894701|           0.035928|         3.781826
243  |*i_0_2_195             |            1.851197|             1.894701|           0.035928|         3.781826
244  |*i_0_2_196             |            1.851197|             1.894701|           0.035928|         3.781826
245  |*i_0_2_197             |            1.851197|             1.894701|           0.035928|         3.781826
246  |*i_0_2_198             |            1.851197|             1.894701|           0.035928|         3.781826
247  |*i_0_2_199             |            1.851197|             1.894701|           0.035928|         3.781826
248  |*i_0_2_200             |            1.851197|             1.894701|           0.035928|         3.781826
249  |*i_0_2_201             |            1.851197|             1.894701|           0.035928|         3.781826
250  |*i_0_2_202             |            1.851197|             1.894701|           0.035928|         3.781826
251  |*i_0_2_203             |            1.851117|             1.894701|           0.035928|         3.781746
252  |*i_0_2_204             |            1.853576|             1.977502|           0.035928|         3.867007
253  |*i_0_2_205             |            1.954746|             9.082864|           0.035928|        11.073538
254  |*i_0_2_206             |            1.854617|             1.983964|           0.035928|         3.874510
255  |*i_0_2_207             |            1.849961|             1.862155|           0.035928|         3.748044
256  |*i_0_2_208             |            1.851186|             1.894706|           0.035928|         3.781821
257  |*i_0_2_209             |            1.851186|             1.894706|           0.035928|         3.781821
258  |*i_0_2_210             |            1.851186|             1.894706|           0.035928|         3.781821
259  |*i_0_2_211             |            1.851186|             1.894706|           0.035928|         3.781821
260  |*i_0_2_212             |            1.851186|             1.894706|           0.035928|         3.781821
261  |*i_0_2_213             |            1.851186|             1.894706|           0.035928|         3.781821
262  |*i_0_2_214             |            1.851186|             1.894706|           0.035928|         3.781821
263  |*i_0_2_215             |            1.851187|             1.894706|           0.035928|         3.781821
264  |*i_0_2_216             |            1.851186|             1.894706|           0.035928|         3.781821
265  |*i_0_2_217             |            1.851186|             1.894706|           0.035928|         3.781821
266  |*i_0_2_218             |            1.851187|             1.894706|           0.035928|         3.781821
267  |*i_0_2_219             |            1.851186|             1.894706|           0.035928|         3.781821
268  |*i_0_2_220             |            1.851186|             1.894706|           0.035928|         3.781821
269  |*i_0_2_221             |            1.851107|             1.894706|           0.035928|         3.781741
270  |*i_0_2_222             |            1.853567|             1.977507|           0.035928|         3.867003
271  |*i_0_2_223             |            1.954766|             9.082888|           0.035928|        11.073582
272  |*i_0_2_224             |            1.858456|             2.085867|           0.035928|         3.980252
273  |*i_0_2_225             |            1.849955|             1.862156|           0.035928|         3.748039
274  |*i_0_2_226             |            1.851180|             1.894707|           0.035928|         3.781816
275  |*i_0_2_227             |            1.851180|             1.894707|           0.035928|         3.781816
276  |*i_0_2_228             |            1.851180|             1.894707|           0.035928|         3.781816
277  |*i_0_2_229             |            1.851180|             1.894707|           0.035928|         3.781816
278  |*i_0_2_230             |            1.851180|             1.894707|           0.035928|         3.781816
279  |*i_0_2_231             |            1.851180|             1.894707|           0.035928|         3.781816
280  |*i_0_2_232             |            1.851180|             1.894707|           0.035928|         3.781816
281  |*i_0_2_233             |            1.851180|             1.894707|           0.035928|         3.781816
282  |*i_0_2_234             |            1.851180|             1.894707|           0.035928|         3.781816
283  |*i_0_2_235             |            1.851180|             1.894707|           0.035928|         3.781816
284  |*i_0_2_236             |            1.851180|             1.894707|           0.035928|         3.781816
285  |*i_0_2_237             |            1.851180|             1.894707|           0.035928|         3.781816
286  |*i_0_2_238             |            1.851180|             1.894707|           0.035928|         3.781816
287  |*i_0_2_239             |            1.851101|             1.894707|           0.035928|         3.781736
288  |*i_0_2_240             |            1.853562|             1.977508|           0.035928|         3.866998
289  |*i_0_2_241             |            1.954776|             9.082893|           0.035928|        11.073597
290  |*i_0_2_242             |            1.855981|             2.020335|           0.035928|         3.912245
291  |*i_0_2_243             |            1.849951|             1.862156|           0.035928|         3.748036
292  |*i_0_2_244             |            1.851177|             1.894707|           0.035928|         3.781813
293  |*i_0_2_245             |            1.851177|             1.894707|           0.035928|         3.781813
294  |*i_0_2_246             |            1.851177|             1.894707|           0.035928|         3.781813
295  |*i_0_2_247             |            1.851177|             1.894707|           0.035928|         3.781813
296  |*i_0_2_248             |            1.851177|             1.894707|           0.035928|         3.781813
297  |*i_0_2_249             |            1.851177|             1.894707|           0.035928|         3.781812
298  |*i_0_2_250             |            1.851177|             1.894707|           0.035928|         3.781813
299  |*i_0_2_251             |            1.851177|             1.894707|           0.035928|         3.781813
300  |*i_0_2_252             |            1.851177|             1.894707|           0.035928|         3.781813
301  |*i_0_2_253             |            1.851177|             1.894707|           0.035928|         3.781813
302  |*i_0_2_254             |            1.851177|             1.894707|           0.035928|         3.781813
303  |*i_0_2_255             |            1.851177|             1.894707|           0.035928|         3.781813
304  |*i_0_2_256             |            1.851177|             1.894707|           0.035928|         3.781813
305  |*i_0_2_257             |            1.851097|             1.894707|           0.035928|         3.781733
306  |*i_0_2_258             |            1.853559|             1.977509|           0.035928|         3.866996
307  |*i_0_2_259             |            1.954780|             9.082894|           0.035928|        11.073602
308  |*i_0_2_260             |            1.855091|             1.996783|           0.035928|         3.887803
309  |*i_0_2_261             |            1.849949|             1.862157|           0.035928|         3.748034
310  |*i_0_2_262             |            1.851175|             1.894707|           0.035928|         3.781811
311  |*i_0_2_263             |            1.851175|             1.894707|           0.035928|         3.781811
312  |*i_0_2_264             |            1.851175|             1.894707|           0.035928|         3.781811
313  |*i_0_2_265             |            1.851175|             1.894707|           0.035928|         3.781811
314  |*i_0_2_266             |            1.851175|             1.894707|           0.035928|         3.781811
315  |*i_0_2_267             |            1.851175|             1.894707|           0.035928|         3.781811
316  |*i_0_2_268             |            1.851175|             1.894707|           0.035928|         3.781811
317  |*i_0_2_269             |            1.851175|             1.894707|           0.035928|         3.781811
318  |*i_0_2_270             |            1.851175|             1.894707|           0.035928|         3.781811
319  |*i_0_2_271             |            1.851175|             1.894707|           0.035928|         3.781811
320  |*i_0_2_272             |            1.851175|             1.894707|           0.035928|         3.781811
321  |*i_0_2_273             |            1.851175|             1.894707|           0.035928|         3.781811
322  |*i_0_2_274             |            1.851175|             1.894707|           0.035928|         3.781811
323  |*i_0_2_275             |            1.851096|             1.894707|           0.035928|         3.781732
324  |*i_0_2_276             |            1.853557|             1.977509|           0.035928|         3.866994
325  |*i_0_2_277             |            1.954783|             9.082895|           0.035928|        11.073606
326  |*i_0_2_278             |            1.854606|             1.983966|           0.035928|         3.874501
327  |*i_0_2_279             |            1.950314|             8.485141|           0.035928|        10.471383
328  |*i_0_2_280             |            1.953662|             9.615899|           0.035928|        11.605489
329  |*i_0_2_281             |            1.893681|             3.311639|           0.035928|         5.241249
330  |*i_0_2_282             |            1.953662|             9.615899|           0.035928|        11.605489
331  |*i_0_2_283             |            1.893681|             3.311639|           0.035928|         5.241249
332  |*i_0_2_284             |            1.953662|             9.615899|           0.035928|        11.605489
333  |*i_0_2_285             |            1.893681|             3.311639|           0.035928|         5.241249
334  |*i_0_2_286             |            1.953662|             9.615899|           0.035928|        11.605489
335  |*i_0_2_287             |            1.893681|             3.311639|           0.035928|         5.241249
336  |*i_0_2_288             |            1.953662|             9.615899|           0.035928|        11.605489
337  |*i_0_2_289             |            1.893681|             3.311639|           0.035928|         5.241249
338  |*i_0_2_290             |            1.953662|             9.615899|           0.035928|        11.605489
339  |*i_0_2_291             |            1.893681|             3.311639|           0.035928|         5.241249
340  |*i_0_2_292             |            1.953662|             9.615899|           0.035928|        11.605489
341  |*i_0_2_293             |            1.953764|             9.615899|           0.035928|        11.605591
342  |*i_0_2_294             |            1.954322|             9.793468|           0.035928|        11.783718
343  |*i_0_2_295             |            1.850735|             1.841188|           0.035928|         3.727852
344  |*i_0_2_296             |            1.894404|             3.557201|           0.035928|         5.487534
345  |*i_0_2_297             |            1.855049|             2.020335|           0.035928|         3.911313
346  |*i_0_2_298             |            1.853443|             1.996783|           0.035928|         3.886155
347  |*i_0_2_299             |            1.853474|             1.983966|           0.035928|         3.873368
348  |*i_0_2_300             |            1.856770|             2.085868|           0.035928|         3.978566
349  |*i_0_2_301             |            1.854839|             2.020335|           0.035928|         3.911103
350  |*i_0_2_302             |            1.853443|             1.996783|           0.035928|         3.886155
351  |*i_0_2_303             |            1.908033|             3.881629|           0.035928|         5.825591
352  |*i_0_2_304             |            1.865179|             2.318640|           0.035928|         4.219748
353  |*i_0_2_305             |            1.847258|             1.818432|           0.035928|         3.701619
354  |*i_0_2_306             |            1.842953|             1.715890|           0.035928|         3.594772
355  |*i_0_2_307             |            1.845203|             1.763698|           0.035928|         3.644829
356  |*i_0_2_308             |            1.866068|             2.351283|           0.035928|         4.253279
357  |*i_0_2_309             |            1.849522|             1.878738|           0.035928|         3.764189
358  |*i_0_2_310             |            1.845421|             1.763698|           0.035928|         3.645047
359  |*i_0_2_311             |            1.847603|             1.818432|           0.035928|         3.701964
360  |*i_0_2_312             |            1.882267|             2.899850|           0.035928|         4.818046
361  |*i_0_2_313             |            0.264595|             0.199308|           0.032601|         0.496504
362  |*i_0_2_314             |            0.261556|             0.207205|           0.032601|         0.501363
363  |*i_0_2_315             |            0.276944|             0.228357|           0.032601|         0.537903
364  |*i_0_2_316             |            0.261809|             0.226480|           0.032601|         0.520890
365  |*i_0_2_317             |            0.000109|             0.000136|           0.027025|         0.027270
366  |*i_0_2_318             |            0.571795|             0.561449|           0.021200|         1.154444
367  |*i_0_2_319             |            0.359107|             0.196205|           0.027025|         0.582336
368  |*i_0_2_320             |            0.048386|             0.025954|           0.027025|         0.101365
369  |*i_0_2_321             |            0.006355|             0.005863|           0.027025|         0.039243
370  |*i_0_2_322             |            0.361178|             0.211080|           0.026733|         0.598992
371  |*i_0_2_323             |            0.049538|             0.046829|           0.026733|         0.123100
372  |*i_0_2_324             |            0.004858|             0.005785|           0.032601|         0.043244
373  |*i_0_2_325             |            0.005566|             0.009516|           0.021200|         0.036282
374  |                       |                    |                     |                   |                 
375  |*TOTAL                 |         1452.479614|          1701.125977|          33.016724|      3186.622559
-----+-----------------------+--------------------+---------------------+-------------------+-----------------
