Report End Points: 
-----+-------+------+-------+-------+------+-----+-------+-----------+----------------
     |Group  |Launch|Capture|Shift  |Delay |Depth|Slack  |Begin Point|End Point       
-----+-------+------+-------+-------+------+-----+-------+-----------+----------------
1    |default|sysclk|sysclk |60000.0|2645.5|   68|57189.6|z_reg[0]/Q |clk_gate_z_reg/E
2    |default|sysclk|sysclk |60000.0|1509.5|   39|58276.8|i_reg[0]/Q |state_reg[0]/D  
3    |default|sysclk|sysclk |60000.0|1273.2|   33|58521.0|i_reg[0]/Q |i_reg[31]/D     
-----+-------+------+-------+-------+------+-----+-------+-----------+----------------
Report End Points: 
-----+-----+--------------+-------+-------+------+-----+-------+-----------+----------------
     |Group|Launch        |Capture|Shift  |Delay |Depth|Slack  |Begin Point|End Point       
-----+-----+--------------+-------+-------+------+-----+-------+-----------+----------------
1    |I2R  |rtDefaultClock|sysclk |60000.0|2747.3|   68|56466.9|in_b[1]    |clk_gate_z_reg/E
2    |I2R  |rtDefaultClock|sysclk |60000.0|1984.1|   47|57272.3|in_a[1]    |z_reg[0]/D      
3    |I2R  |rtDefaultClock|sysclk |60000.0|  74.5|    2|59185.8|enbl       |state_reg[0]/D  
-----+-----+--------------+-------+-------+------+-----+-------+-----------+----------------
Report End Points: 
-----+-----+--------------+-------+-------+-----+-----+-------+-----------+---------
     |Group|Launch        |Capture|Shift  |Delay|Depth|Slack  |Begin Point|End Point
-----+-----+--------------+-------+-------+-----+-----+-------+-----------+---------
1    |I2O  |rtDefaultClock|vsysclk|60000.0|676.7|   12|40623.3|in_a[15]   |posv     
2    |I2O  |rtDefaultClock|vsysclk|60000.0|658.2|   13|40641.8|in_a[15]   |zero     
3    |I2O  |rtDefaultClock|vsysclk|60000.0|346.6|    6|40953.4|in_b[48]   |err      
-----+-----+--------------+-------+-------+-----+-----+-------+-----------+---------
Report End Points: 
-----+-----+------+-------+-------+------+-----+-------+-----------+---------
     |Group|Launch|Capture|Shift  |Delay |Depth|Slack  |Begin Point|End Point
-----+-----+------+-------+-------+------+-----+-------+-----------+---------
1    |R2O  |sysclk|vsysclk|60000.0|1997.4|   47|39828.6|i_reg[0]/Q |posv     
2    |R2O  |sysclk|vsysclk|60000.0|1978.9|   48|39847.1|i_reg[0]/Q |zero     
3    |R2O  |sysclk|vsysclk|60000.0|1656.6|   39|40169.4|i_reg[0]/Q |out_c[14]
-----+-----+------+-------+-------+------+-----+-------+-----------+---------
