Report for group default
------------------------------------------------------------------------------------------------------------------------------------------------------------
Startpoint: z_reg[0]/Q
    (Clocked by sysclk R)
Endpoint: clk_gate_z_reg/E
    (Clocked by sysclk R)
Path Group: default
Data required time: 59937.9
    (Clock shift: 60000.0, minus Uncertainty: 0.0, plus Latency 0.0, minus Setup time: 62.1)
Data arrival time: 2752.8
Slack: 57185.1
Logic depth: 68
------------------------------------------------------------------------------------------------------------------------------------------------------------
                                                     Arrival               Arc      Net               Net    Total   fan-                                   
Path                     Module/Cell           Edge     Time    Delay    Delay    Delay     Slew     Load     Load    out     Location Power Domain      (V)
                                                        (ps)     (ps)     (ps)     (ps)     (ps)     (ff)     (ff)    (#)      (um,um)                      
------------------------------------------------------------------------------------------------------------------------------------------------------------
clk                      {create_clock}           r      0.0      0.0      0.0                        0.0      0.0     35    73,  136                       
clk_gate_z_reg/CK->GCK   CLKGATETST_X1           rr      0.0      0.0      0.0      0.0      0.0      0.0      0.0     64    68,   67  /PD_TOP        (1.10)
z_reg[0]/CK->Q           DFFR_X1                 rf    106.2    106.2    106.2      0.0      0.0      3.0     16.7      4    68,   67  /PD_TOP        (1.10)
i_0_2_234/B2->ZN         OAI22_X4                fr    182.5     76.3     76.2      0.1     21.0      0.7     26.2      1    68,   67  /PD_TOP        (1.10)
i_0_2_235/A->ZN          INV_X8                  rf    187.8      5.3      5.3      0.0     56.9      0.8      3.3      1    68,   67  /PD_TOP        (1.10)
i_0_2_236/A->ZN          AOI221_X2               fr    266.9     79.1     79.1      0.0      3.3      0.9      4.9      1    68,   67  /PD_TOP        (1.10)
i_0_2_239/A1->ZN         OAI22_X4                rf    293.3     26.4     26.4      0.0     50.6      0.8      4.7      1    68,   67  /PD_TOP        (1.10)
i_0_2_240/A->ZN          OAI21_X4                fr    314.7     21.4     21.4      0.0     11.1      0.8      4.8      1    68,   67  /PD_TOP        (1.10)
i_0_2_243/A->ZN          OAI211_X4               rf    344.0     29.3     29.3      0.0     18.9      0.9      3.5      1    68,   67  /PD_TOP        (1.10)
i_0_2_244/A->ZN          OAI221_X2               fr    371.7     27.7     27.7      0.0     14.0      0.9      4.9      1    68,   67  /PD_TOP        (1.10)
i_0_2_247/A->ZN          OAI211_X4               rf    407.4     35.7     35.7      0.0     42.2      0.9      3.5      1    68,   67  /PD_TOP        (1.10)
i_0_2_248/A->ZN          OAI221_X2               fr    433.4     26.0     26.0      0.0     14.0      0.9      3.5      1    68,   67  /PD_TOP        (1.10)
i_0_2_251/A->ZN          OAI221_X2               rf    475.7     42.3     42.3      0.0     38.8      0.9      3.5      1    68,   67  /PD_TOP        (1.10)
i_0_2_252/A->ZN          OAI221_X2               fr    503.8     28.1     28.1      0.0     18.2      0.9      3.5      1    68,   67  /PD_TOP        (1.10)
i_0_2_255/A->ZN          OAI221_X2               rf    546.1     42.3     42.3      0.0     38.8      0.9      3.5      1    68,   67  /PD_TOP        (1.10)
i_0_2_256/A->ZN          OAI221_X2               fr    575.9     29.8     29.8      0.0     18.2      0.9      4.9      1    68,   67  /PD_TOP        (1.10)
i_0_2_259/A->ZN          OAI211_X4               rf    611.6     35.7     35.7      0.0     42.2      0.9      3.5      1    68,   67  /PD_TOP        (1.10)
i_0_2_260/A->ZN          OAI221_X2               fr    637.6     26.0     26.0      0.0     14.0      0.9      3.5      1    68,   67  /PD_TOP        (1.10)
i_0_2_263/A->ZN          OAI221_X2               rf    679.9     42.3     42.3      0.0     38.8      0.9      3.5      1    68,   67  /PD_TOP        (1.10)
i_0_2_264/A->ZN          OAI221_X2               fr    709.7     29.8     29.8      0.0     18.2      0.9      4.9      1    68,   67  /PD_TOP        (1.10)
i_0_2_267/A->ZN          OAI211_X4               rf    745.4     35.7     35.7      0.0     42.2      0.9      3.5      1    68,   67  /PD_TOP        (1.10)
i_0_2_268/A->ZN          OAI221_X2               fr    771.4     26.0     26.0      0.0     14.0      0.9      3.5      1    68,   67  /PD_TOP        (1.10)
i_0_2_271/A->ZN          OAI221_X2               rf    813.7     42.3     42.3      0.0     38.8      0.9      3.5      1    68,   67  /PD_TOP        (1.10)
i_0_2_272/A->ZN          OAI221_X2               fr    841.8     28.1     28.1      0.0     18.2      0.9      3.5      1    68,   67  /PD_TOP        (1.10)
i_0_2_275/A->ZN          OAI221_X2               rf    884.1     42.3     42.3      0.0     38.8      0.9      3.5      1    68,   67  /PD_TOP        (1.10)
i_0_2_276/A->ZN          OAI221_X2               fr    913.9     29.8     29.8      0.0     18.2      0.9      4.9      1    68,   67  /PD_TOP        (1.10)
i_0_2_279/A->ZN          OAI211_X4               rf    949.6     35.7     35.7      0.0     42.2      0.9      3.5      1    68,   67  /PD_TOP        (1.10)
i_0_2_280/A->ZN          OAI221_X2               fr    975.6     26.0     26.0      0.0     14.0      0.9      3.5      1    68,   67  /PD_TOP        (1.10)
i_0_2_283/A->ZN          OAI221_X2               rf   1017.9     42.3     42.3      0.0     38.8      0.9      3.5      1    68,   67  /PD_TOP        (1.10)
i_0_2_284/A->ZN          OAI221_X2               fr   1047.7     29.8     29.8      0.0     18.2      0.9      4.9      1    68,   67  /PD_TOP        (1.10)
i_0_2_287/A->ZN          OAI211_X4               rf   1083.4     35.7     35.7      0.0     42.2      0.9      3.5      1    68,   67  /PD_TOP        (1.10)
i_0_2_288/A->ZN          OAI221_X2               fr   1111.1     27.7     27.7      0.0     14.0      0.9      4.9      1    68,   67  /PD_TOP        (1.10)
i_0_2_291/A->ZN          OAI211_X4               rf   1146.8     35.7     35.7      0.0     42.2      0.9      3.5      1    68,   67  /PD_TOP        (1.10)
i_0_2_292/A->ZN          OAI221_X2               fr   1172.8     26.0     26.0      0.0     14.0      0.9      3.5      1    68,   67  /PD_TOP        (1.10)
i_0_2_295/A->ZN          OAI221_X2               rf   1215.1     42.3     42.3      0.0     38.8      0.9      3.5      1    68,   67  /PD_TOP        (1.10)
i_0_2_296/A->ZN          OAI221_X4               fr   1283.9     68.8     68.8      0.0     18.2      0.8     26.2      1    68,   67  /PD_TOP        (1.10)
i_0_2_297/A->ZN          INV_X8                  rf   1290.7      6.8      6.8      0.0     18.4      0.8      3.3      1    68,   67  /PD_TOP        (1.10)
i_0_2_298/A->ZN          AOI221_X2               fr   1363.7     73.0     73.0      0.0      3.3      0.9      3.4      1    68,   67  /PD_TOP        (1.10)
i_0_2_300/B->ZN          AOI211_X2               rf   1385.5     21.8     21.8      0.0     45.0      0.9      3.5      1    68,   67  /PD_TOP        (1.10)
i_0_2_301/A->ZN          AOI221_X2               fr   1460.8     75.3     75.3      0.0      9.0      0.9      3.5      1    68,   67  /PD_TOP        (1.10)
i_0_2_304/A->ZN          AOI221_X2               rf   1482.9     22.1     22.1      0.0     45.4      0.9      3.5      1    68,   67  /PD_TOP        (1.10)
i_0_2_305/A->ZN          AOI221_X2               fr   1560.2     77.3     77.3      0.0     15.3      0.9      3.4      1    68,   67  /PD_TOP        (1.10)
i_0_2_307/B->ZN          AOI211_X2               rf   1582.0     21.8     21.8      0.0     45.0      0.9      3.5      1    68,   67  /PD_TOP        (1.10)
i_0_2_308/A->ZN          AOI221_X2               fr   1657.3     75.3     75.3      0.0      9.0      0.9      3.5      1    68,   67  /PD_TOP        (1.10)
i_0_2_311/A->ZN          AOI221_X2               rf   1679.4     22.1     22.1      0.0     45.4      0.9      3.5      1    68,   67  /PD_TOP        (1.10)
i_0_2_312/A->ZN          AOI221_X2               fr   1757.0     77.6     77.6      0.0     15.3      0.9      3.5      1    68,   67  /PD_TOP        (1.10)
i_0_2_315/A->ZN          AOI221_X2               rf   1779.1     22.1     22.1      0.0     45.4      0.9      3.5      1    68,   67  /PD_TOP        (1.10)
i_0_2_316/A->ZN          AOI221_X2               fr   1856.4     77.3     77.3      0.0     15.3      0.9      3.4      1    68,   67  /PD_TOP        (1.10)
i_0_2_318/B->ZN          AOI211_X2               rf   1878.2     21.8     21.8      0.0     45.0      0.9      3.5      1    68,   67  /PD_TOP        (1.10)
i_0_2_319/A->ZN          AOI221_X2               fr   1953.5     75.3     75.3      0.0      9.0      0.9      3.5      1    68,   67  /PD_TOP        (1.10)
i_0_2_322/A->ZN          AOI221_X2               rf   1975.6     22.1     22.1      0.0     45.4      0.9      3.5      1    68,   67  /PD_TOP        (1.10)
i_0_2_323/A->ZN          AOI221_X2               fr   2053.2     77.6     77.6      0.0     15.3      0.9      3.5      1    68,   67  /PD_TOP        (1.10)
i_0_2_326/A->ZN          AOI221_X2               rf   2075.3     22.1     22.1      0.0     45.4      0.9      3.5      1    68,   67  /PD_TOP        (1.10)
i_0_2_327/A->ZN          AOI221_X2               fr   2152.9     77.6     77.6      0.0     15.3      0.9      3.5      1    68,   67  /PD_TOP        (1.10)
i_0_2_330/A->ZN          AOI221_X2               rf   2175.0     22.1     22.1      0.0     45.4      0.9      3.5      1    68,   67  /PD_TOP        (1.10)
i_0_2_331/A->ZN          AOI221_X2               fr   2258.4     83.4     83.4      0.0     15.3      0.9      4.9      1    68,   67  /PD_TOP        (1.10)
i_0_2_334/A1->ZN         OAI22_X4                rf   2284.8     26.4     26.4      0.0     50.6      0.8      4.7      1    68,   67  /PD_TOP        (1.10)
i_0_2_335/A->ZN          OAI21_X4                fr   2306.2     21.4     21.4      0.0     11.1      0.8      4.8      1    68,   67  /PD_TOP        (1.10)
i_0_2_338/A->ZN          OAI211_X4               rf   2335.5     29.3     29.3      0.0     18.9      0.9      3.5      1    68,   67  /PD_TOP        (1.10)
i_0_2_339/A->ZN          OAI221_X2               fr   2363.3     27.8     27.8      0.0     14.0      0.9      4.9      1    68,   67  /PD_TOP        (1.10)
i_0_2_342/A1->ZN         AOI22_X4                rf   2384.2     20.9     20.9      0.0     42.3      0.8      4.7      1    68,   67  /PD_TOP        (1.10)
i_0_2_343/A->ZN          AOI21_X4                fr   2423.4     39.2     39.2      0.0     12.5      0.8      3.3      1    68,   67  /PD_TOP        (1.10)
i_0_2_345/B->ZN          AOI211_X2               rf   2440.9     17.5     17.5      0.0     20.4      0.9      3.5      1    68,   67  /PD_TOP        (1.10)
i_0_2_346/A->ZN          AOI221_X2               fr   2516.2     75.3     75.3      0.0      9.0      0.9      3.5      1    68,   67  /PD_TOP        (1.10)
i_0_2_349/A->ZN          AOI221_X2               rf   2538.3     22.1     22.1      0.0     45.4      0.9      3.5      1    68,   67  /PD_TOP        (1.10)
i_0_2_350/A->ZN          AOI221_X4               fr   2670.4    132.1    132.1      0.0     15.3      0.8     26.2      1    68,   67  /PD_TOP        (1.10)
i_0_2_351/A->ZN          INV_X8                  rf   2677.2      6.8      6.8      0.0     18.6      0.8      3.3      1    68,   67  /PD_TOP        (1.10)
i_0_2_352/A->ZN          OAI221_X2               fr   2699.2     22.0     22.0      0.0      3.3      0.8      4.6      1    68,   67  /PD_TOP        (1.10)
i_0_2_355/A1->ZN         NAND2_X4                rf   2717.5     18.3     18.3      0.0     41.4      0.7      4.6      1    68,   67  /PD_TOP        (1.10)
i_0_2_356/A->ZN          OAI21_X4                fr   2739.7     22.2     22.2      0.0      7.1      1.3      9.3      2    68,   67  /PD_TOP        (1.10)
i_0_2_603/A1->ZN         NAND2_X2                rf   2752.8     13.1     13.1      0.0     24.2      0.7      1.5      1    68,   67  /PD_TOP        (1.10)
clk_gate_z_reg/E         CLKGATETST_X2            f   2752.8      0.0               0.0      5.7                             68,   67  /PD_TOP        (1.10)
------------------------------------------------------------------------------------------------------------------------------------------------------------
Report for group I2R
------------------------------------------------------------------------------------------------------------------------------------------------------------
Startpoint: in_b[1]
    (Clocked by rtDefaultClock R)
Endpoint: clk_gate_z_reg/E
    (Clocked by sysclk R)
Path Group: I2R
Data required time: 59914.2
    (Clock shift: 60000.0, minus Uncertainty: 0.0, plus Latency 0.0, minus Setup time: 85.8)
Data arrival time: 3447.4
Slack: 56466.8
Logic depth: 68
------------------------------------------------------------------------------------------------------------------------------------------------------------
                                                     Arrival               Arc      Net               Net    Total   fan-                                   
Path                     Module/Cell           Edge     Time    Delay    Delay    Delay     Slew     Load     Load    out     Location Power Domain      (V)
                                                        (ps)     (ps)     (ps)     (ps)     (ps)     (ff)     (ff)    (#)      (um,um)                      
------------------------------------------------------------------------------------------------------------------------------------------------------------
in_b[1]                  {set_input_delay}        f    700.0    700.0    700.0                       12.2     29.6      5   136,   64                       
i_0_0/i_124/A2->ZN       OR3_X4                  ff    806.2    106.2    104.7      1.5    100.0      1.9      9.6      3    68,   67  /PD_TOP        (1.10)
i_0_0/i_123/A1->ZN       OR2_X4                  ff    850.1     43.9     43.9      0.0     13.4      1.2      6.8      2    68,   67  /PD_TOP        (1.10)
i_0_0/i_122/A1->ZN       OR2_X4                  ff    894.8     44.7     44.7      0.0      9.0      2.0     11.6      3    68,   67  /PD_TOP        (1.10)
i_0_0/i_121/A1->ZN       OR3_X4                  ff    956.0     61.2     61.2      0.0     10.3      1.9      9.6      3    68,   67  /PD_TOP        (1.10)
i_0_0/i_120/A1->ZN       OR2_X4                  ff   1002.6     46.6     46.6      0.0     13.4      2.0     11.6      3    68,   67  /PD_TOP        (1.10)
i_0_0/i_119/A1->ZN       OR3_X4                  ff   1065.2     62.6     62.6      0.0     10.3      1.9     11.7      3    68,   67  /PD_TOP        (1.10)
i_0_0/i_10/A1->ZN        AND2_X4                 ff   1094.1     28.9     28.9      0.0     14.0      0.7      4.6      1    68,   67  /PD_TOP        (1.10)
i_0_2_123/B1->ZN         AOI22_X4*               fr   1165.1     71.0     71.0      0.0      5.7      1.6     29.4      2    68,   67  /PD_TOP        (1.10)
i_0_2_124/A->ZN          INV_X8                  rf   1174.0      8.9      8.9      0.0     15.3      2.2     10.7      3    68,   67  /PD_TOP        (1.10)
i_0_2_251/B2->ZN         OAI221_X2               fr   1225.7     51.7     51.7      0.0      4.2      0.9      3.5      1    68,   67  /PD_TOP        (1.10)
i_0_2_252/A->ZN          OAI221_X2               rf   1268.0     42.3     42.3      0.0     38.8      0.9      3.5      1    68,   67  /PD_TOP        (1.10)
i_0_2_255/A->ZN          OAI221_X2               fr   1296.1     28.1     28.1      0.0     18.2      0.9      3.5      1    68,   67  /PD_TOP        (1.10)
i_0_2_256/A->ZN          OAI221_X2               rf   1340.7     44.6     44.6      0.0     38.8      0.9      4.9      1    68,   67  /PD_TOP        (1.10)
i_0_2_259/A->ZN          OAI211_X4               fr   1367.4     26.7     26.7      0.0     20.0      0.9      3.5      1    68,   67  /PD_TOP        (1.10)
i_0_2_260/A->ZN          OAI221_X2               rf   1403.9     36.5     36.5      0.0     20.4      0.9      3.5      1    68,   67  /PD_TOP        (1.10)
i_0_2_263/A->ZN          OAI221_X2               fr   1432.0     28.1     28.1      0.0     18.2      0.9      3.5      1    68,   67  /PD_TOP        (1.10)
i_0_2_264/A->ZN          OAI221_X2               rf   1476.6     44.6     44.6      0.0     38.8      0.9      4.9      1    68,   67  /PD_TOP        (1.10)
i_0_2_267/A->ZN          OAI211_X4               fr   1503.3     26.7     26.7      0.0     20.0      0.9      3.5      1    68,   67  /PD_TOP        (1.10)
i_0_2_268/A->ZN          OAI221_X2               rf   1539.8     36.5     36.5      0.0     20.4      0.9      3.5      1    68,   67  /PD_TOP        (1.10)
i_0_2_271/A->ZN          OAI221_X2               fr   1567.9     28.1     28.1      0.0     18.2      0.9      3.5      1    68,   67  /PD_TOP        (1.10)
i_0_2_272/A->ZN          OAI221_X2               rf   1610.2     42.3     42.3      0.0     38.8      0.9      3.5      1    68,   67  /PD_TOP        (1.10)
i_0_2_275/A->ZN          OAI221_X2               fr   1638.3     28.1     28.1      0.0     18.2      0.9      3.5      1    68,   67  /PD_TOP        (1.10)
i_0_2_276/A->ZN          OAI221_X2               rf   1682.9     44.6     44.6      0.0     38.8      0.9      4.9      1    68,   67  /PD_TOP        (1.10)
i_0_2_279/A->ZN          OAI211_X4               fr   1709.6     26.7     26.7      0.0     20.0      0.9      3.5      1    68,   67  /PD_TOP        (1.10)
i_0_2_280/A->ZN          OAI221_X2               rf   1746.1     36.5     36.5      0.0     20.4      0.9      3.5      1    68,   67  /PD_TOP        (1.10)
i_0_2_283/A->ZN          OAI221_X2               fr   1774.2     28.1     28.1      0.0     18.2      0.9      3.5      1    68,   67  /PD_TOP        (1.10)
i_0_2_284/A->ZN          OAI221_X2               rf   1818.8     44.6     44.6      0.0     38.8      0.9      4.9      1    68,   67  /PD_TOP        (1.10)
i_0_2_287/A->ZN          OAI211_X4               fr   1845.5     26.7     26.7      0.0     20.0      0.9      3.5      1    68,   67  /PD_TOP        (1.10)
i_0_2_288/A->ZN          OAI221_X2               rf   1884.1     38.6     38.6      0.0     20.4      0.9      4.9      1    68,   67  /PD_TOP        (1.10)
i_0_2_291/A->ZN          OAI211_X4               fr   1910.8     26.7     26.7      0.0     20.0      0.9      3.5      1    68,   67  /PD_TOP        (1.10)
i_0_2_292/A->ZN          OAI221_X2               rf   1947.3     36.5     36.5      0.0     20.4      0.9      3.5      1    68,   67  /PD_TOP        (1.10)
i_0_2_295/A->ZN          OAI221_X2               fr   1975.4     28.1     28.1      0.0     18.2      0.9      3.5      1    68,   67  /PD_TOP        (1.10)
i_0_2_296/A->ZN          OAI221_X4               rf   2061.1     85.7     85.7      0.0     38.8      0.8     26.2      1    68,   67  /PD_TOP        (1.10)
i_0_2_297/A->ZN          INV_X8                  fr   2071.5     10.4     10.4      0.0     10.7      0.8      3.3      1    68,   67  /PD_TOP        (1.10)
i_0_2_298/A->ZN          AOI221_X2               rf   2083.3     11.8     11.8      0.0      5.1      0.9      3.4      1    68,   67  /PD_TOP        (1.10)
i_0_2_300/B->ZN          AOI211_X2               fr   2152.6     69.3     69.3      0.0     15.2      0.9      3.5      1    68,   67  /PD_TOP        (1.10)
i_0_2_301/A->ZN          AOI221_X2               rf   2174.3     21.7     21.7      0.0     40.5      0.9      3.5      1    68,   67  /PD_TOP        (1.10)
i_0_2_304/A->ZN          AOI221_X2               fr   2251.9     77.6     77.6      0.0     15.3      0.9      3.5      1    68,   67  /PD_TOP        (1.10)
i_0_2_305/A->ZN          AOI221_X2               rf   2273.9     22.0     22.0      0.0     45.4      0.9      3.4      1    68,   67  /PD_TOP        (1.10)
i_0_2_307/B->ZN          AOI211_X2               fr   2343.2     69.3     69.3      0.0     15.2      0.9      3.5      1    68,   67  /PD_TOP        (1.10)
i_0_2_308/A->ZN          AOI221_X2               rf   2364.9     21.7     21.7      0.0     40.5      0.9      3.5      1    68,   67  /PD_TOP        (1.10)
i_0_2_311/A->ZN          AOI221_X2               fr   2442.5     77.6     77.6      0.0     15.3      0.9      3.5      1    68,   67  /PD_TOP        (1.10)
i_0_2_312/A->ZN          AOI221_X2               rf   2464.6     22.1     22.1      0.0     45.4      0.9      3.5      1    68,   67  /PD_TOP        (1.10)
i_0_2_315/A->ZN          AOI221_X2               fr   2542.2     77.6     77.6      0.0     15.3      0.9      3.5      1    68,   67  /PD_TOP        (1.10)
i_0_2_316/A->ZN          AOI221_X2               rf   2564.2     22.0     22.0      0.0     45.4      0.9      3.4      1    68,   67  /PD_TOP        (1.10)
i_0_2_318/B->ZN          AOI211_X2               fr   2633.5     69.3     69.3      0.0     15.2      0.9      3.5      1    68,   67  /PD_TOP        (1.10)
i_0_2_319/A->ZN          AOI221_X2               rf   2655.2     21.7     21.7      0.0     40.5      0.9      3.5      1    68,   67  /PD_TOP        (1.10)
i_0_2_322/A->ZN          AOI221_X2               fr   2732.8     77.6     77.6      0.0     15.3      0.9      3.5      1    68,   67  /PD_TOP        (1.10)
i_0_2_323/A->ZN          AOI221_X2               rf   2754.9     22.1     22.1      0.0     45.4      0.9      3.5      1    68,   67  /PD_TOP        (1.10)
i_0_2_326/A->ZN          AOI221_X2               fr   2832.5     77.6     77.6      0.0     15.3      0.9      3.5      1    68,   67  /PD_TOP        (1.10)
i_0_2_327/A->ZN          AOI221_X2               rf   2854.6     22.1     22.1      0.0     45.4      0.9      3.5      1    68,   67  /PD_TOP        (1.10)
i_0_2_330/A->ZN          AOI221_X2               fr   2932.2     77.6     77.6      0.0     15.3      0.9      3.5      1    68,   67  /PD_TOP        (1.10)
i_0_2_331/A->ZN          AOI221_X2               rf   2956.0     23.8     23.8      0.0     45.4      0.9      4.9      1    68,   67  /PD_TOP        (1.10)
i_0_2_334/A1->ZN         OAI22_X4                fr   2987.2     31.2     31.2      0.0     16.6      0.8      4.7      1    68,   67  /PD_TOP        (1.10)
i_0_2_335/A->ZN          OAI21_X4                rf   3010.9     23.7     23.7      0.0     30.7      0.8      4.8      1    68,   67  /PD_TOP        (1.10)
i_0_2_338/A->ZN          OAI211_X4               fr   3032.5     21.6     21.6      0.0      9.6      0.9      3.5      1    68,   67  /PD_TOP        (1.10)
i_0_2_339/A->ZN          OAI221_X2               rf   3071.2     38.7     38.7      0.0     20.4      0.9      4.9      1    68,   67  /PD_TOP        (1.10)
i_0_2_342/A1->ZN         AOI22_X4                fr   3107.5     36.3     36.3      0.0     20.1      0.8      4.7      1    68,   67  /PD_TOP        (1.10)
i_0_2_343/A->ZN          AOI21_X4                rf   3123.7     16.2     16.2      0.0     25.3      0.8      3.3      1    68,   67  /PD_TOP        (1.10)
i_0_2_345/B->ZN          AOI211_X2               fr   3190.1     66.4     66.4      0.0      7.4      0.9      3.5      1    68,   67  /PD_TOP        (1.10)
i_0_2_346/A->ZN          AOI221_X2               rf   3211.8     21.7     21.7      0.0     40.5      0.9      3.5      1    68,   67  /PD_TOP        (1.10)
i_0_2_349/A->ZN          AOI221_X2               fr   3289.4     77.6     77.6      0.0     15.3      0.9      3.5      1    68,   67  /PD_TOP        (1.10)
i_0_2_350/A->ZN          AOI221_X4               rf   3350.8     61.4     61.4      0.0     45.4      0.8     26.2      1    68,   67  /PD_TOP        (1.10)
i_0_2_351/A->ZN          INV_X8                  fr   3361.2     10.4     10.4      0.0     10.6      0.8      3.3      1    68,   67  /PD_TOP        (1.10)
i_0_2_352/A->ZN          OAI221_X2               rf   3394.2     33.0     33.0      0.0      5.1      0.8      4.6      1    68,   67  /PD_TOP        (1.10)
i_0_2_355/A1->ZN         NAND2_X4                fr   3413.3     19.1     19.1      0.0     19.6      0.7      4.6      1    68,   67  /PD_TOP        (1.10)
i_0_2_356/A->ZN          OAI21_X4                rf   3434.3     21.0     21.0      0.0      9.7      1.3      9.3      2    68,   67  /PD_TOP        (1.10)
i_0_2_603/A1->ZN         NAND2_X2                fr   3447.4     13.1     13.1      0.0     11.5      0.7      1.5      1    68,   67  /PD_TOP        (1.10)
clk_gate_z_reg/E         CLKGATETST_X2            r   3447.4      0.0               0.0      8.0                             68,   67  /PD_TOP        (1.10)
------------------------------------------------------------------------------------------------------------------------------------------------------------
Report for group I2O
------------------------------------------------------------------------------------------------------------------------------------------------------------
Startpoint: in_a[15]
    (Clocked by rtDefaultClock R)
Endpoint: posv
    (Clocked by vsysclk R)
Path Group: I2O
Data required time: 42000.0
    (Clock shift: 60000.0, minus Uncertainty: 0.0, plus Latency 0.0, minus Out delay: 18000.0)
Data arrival time: 1376.7
Slack: 40623.3
Logic depth: 12
------------------------------------------------------------------------------------------------------------------------------------------------------------
                                                     Arrival               Arc      Net               Net    Total   fan-                                   
Path                     Module/Cell           Edge     Time    Delay    Delay    Delay     Slew     Load     Load    out     Location Power Domain      (V)
                                                        (ps)     (ps)     (ps)     (ps)     (ps)     (ff)     (ff)    (#)      (um,um)                      
------------------------------------------------------------------------------------------------------------------------------------------------------------
in_a[15]                 {set_input_delay}        f    700.0    700.0    700.0                       10.0     25.6      4    78,    0                       
i_0_2_683/A->Z           XOR2_X2                 ff    796.4     96.4     94.7      1.7    100.0      1.2      7.6      2    68,   67  /PD_TOP        (1.10)
i_0_2_684/A2->ZN         AND2_X4*                ff    877.0     80.6     80.6      0.0     14.4     62.5    207.6     63    68,   67  /PD_TOP        (1.10)
i_0_2_757/B1->ZN         AOI222_X4               fr   1018.6    141.6    138.7      2.9     15.3      1.4     31.1      2    68,   67  /PD_TOP        (1.10)
i_0_2_880/A->ZN          INV_X8                  rf   1031.7     13.1     13.1      0.0     21.2      0.7     23.6      2    68,   67  /PD_TOP        (1.10)
i_0_2_882/A4->ZN         NOR4_X4                 fr   1112.7     81.0     81.0      0.0      5.7      0.8      4.7      1    68,   67  /PD_TOP        (1.10)
i_0_2_883/A1->ZN         NAND3_X4                rf   1139.9     27.2     27.2      0.0     43.7      0.7      4.9      1    68,   67  /PD_TOP        (1.10)
i_0_2_885/A1->ZN         NOR2_X4                 fr   1164.0     24.1     24.1      0.0     11.2      0.7      4.3      1    68,   67  /PD_TOP        (1.10)
i_0_2_887/A1->ZN         NAND4_X4                rf   1189.3     25.3     25.3      0.0     15.5      0.8      5.0      1    68,   67  /PD_TOP        (1.10)
i_0_2_893/A1->ZN         NOR4_X4                 fr   1237.5     48.2     48.2      0.0     16.1      0.8      4.4      1    68,   67  /PD_TOP        (1.10)
i_0_2_905/A1->ZN         NAND4_X4*               rf   1297.4     59.9     59.9      0.0     43.0      1.5     31.0      2    68,   67  /PD_TOP        (1.10)
i_0_2_914/A1->ZN         AOI22_X4*               fr   1363.4     66.0     66.0      0.0     15.3      1.4     31.0      2    68,   67  /PD_TOP        (1.10)
i_0_2_916/A->ZN          INV_X8                  rf   1374.8     11.4     11.4      0.0     15.3     10.4     20.4      1    68,   67  /PD_TOP        (1.10)
posv                                              f   1376.7      1.9               1.9      5.3                             81,    0                       
------------------------------------------------------------------------------------------------------------------------------------------------------------
Report for group R2O
------------------------------------------------------------------------------------------------------------------------------------------------------------
Startpoint: i_reg[0]/Q
    (Clocked by sysclk R)
Endpoint: posv
    (Clocked by vsysclk R)
Path Group: R2O
Data required time: 42000.0
    (Clock shift: 60000.0, minus Uncertainty: 0.0, plus Latency 0.0, minus Out delay: 18000.0)
Data arrival time: 2171.2
Slack: 39828.8
Logic depth: 47
------------------------------------------------------------------------------------------------------------------------------------------------------------
                                                     Arrival               Arc      Net               Net    Total   fan-                                   
Path                     Module/Cell           Edge     Time    Delay    Delay    Delay     Slew     Load     Load    out     Location Power Domain      (V)
                                                        (ps)     (ps)     (ps)     (ps)     (ps)     (ff)     (ff)    (#)      (um,um)                      
------------------------------------------------------------------------------------------------------------------------------------------------------------
clk                      {create_clock}           r      0.0      0.0      0.0                        0.0      0.0     35    73,  136                       
i_reg[0]/CK->Q           DFFR_X1*                rr    174.0    174.0    174.0      0.0      0.0      5.8     60.4      8    68,   67  /PD_TOP        (1.10)
i_0_7/i_0/B->CO          HA_X1                   rr    213.7     39.7     39.6      0.1     15.3      0.7      4.2      1    68,   67  /PD_TOP        (1.10)
i_0_7/i_1/B->CO          HA_X1                   rr    252.8     39.1     39.1      0.0     13.5      0.7      4.2      1    68,   67  /PD_TOP        (1.10)
i_0_7/i_2/B->CO          HA_X1                   rr    291.9     39.1     39.1      0.0     13.5      0.7      4.2      1    68,   67  /PD_TOP        (1.10)
i_0_7/i_3/B->CO          HA_X1                   rr    331.0     39.1     39.1      0.0     13.5      0.7      4.2      1    68,   67  /PD_TOP        (1.10)
i_0_7/i_4/B->CO          HA_X1                   rr    370.1     39.1     39.1      0.0     13.5      0.7      4.2      1    68,   67  /PD_TOP        (1.10)
i_0_7/i_5/B->CO          HA_X1                   rr    409.2     39.1     39.1      0.0     13.5      0.7      4.2      1    68,   67  /PD_TOP        (1.10)
i_0_7/i_6/B->CO          HA_X1                   rr    448.3     39.1     39.1      0.0     13.5      0.7      4.2      1    68,   67  /PD_TOP        (1.10)
i_0_7/i_7/B->CO          HA_X1                   rr    487.4     39.1     39.1      0.0     13.5      0.7      4.2      1    68,   67  /PD_TOP        (1.10)
i_0_7/i_8/B->CO          HA_X1                   rr    526.5     39.1     39.1      0.0     13.5      0.7      4.2      1    68,   67  /PD_TOP        (1.10)
i_0_7/i_9/B->CO          HA_X1                   rr    565.6     39.1     39.1      0.0     13.5      0.7      4.2      1    68,   67  /PD_TOP        (1.10)
i_0_7/i_11/B->CO         HA_X1                   rr    604.7     39.1     39.1      0.0     13.5      0.7      4.2      1    68,   67  /PD_TOP        (1.10)
i_0_7/i_12/B->CO         HA_X1                   rr    643.8     39.1     39.1      0.0     13.5      0.7      4.2      1    68,   67  /PD_TOP        (1.10)
i_0_7/i_13/B->CO         HA_X1                   rr    682.9     39.1     39.1      0.0     13.5      0.7      4.2      1    68,   67  /PD_TOP        (1.10)
i_0_7/i_14/B->CO         HA_X1                   rr    722.0     39.1     39.1      0.0     13.5      0.7      4.2      1    68,   67  /PD_TOP        (1.10)
i_0_7/i_15/B->CO         HA_X1                   rr    761.1     39.1     39.1      0.0     13.5      0.7      4.2      1    68,   67  /PD_TOP        (1.10)
i_0_7/i_16/B->CO         HA_X1                   rr    800.2     39.1     39.1      0.0     13.5      0.7      4.2      1    68,   67  /PD_TOP        (1.10)
i_0_7/i_17/B->CO         HA_X1                   rr    839.3     39.1     39.1      0.0     13.5      0.7      4.2      1    68,   67  /PD_TOP        (1.10)
i_0_7/i_18/B->CO         HA_X1                   rr    878.4     39.1     39.1      0.0     13.5      0.7      4.2      1    68,   67  /PD_TOP        (1.10)
i_0_7/i_19/B->CO         HA_X1                   rr    917.5     39.1     39.1      0.0     13.5      0.7      4.2      1    68,   67  /PD_TOP        (1.10)
i_0_7/i_10/B->CO         HA_X1                   rr    956.6     39.1     39.1      0.0     13.5      0.7      4.2      1    68,   67  /PD_TOP        (1.10)
i_0_7/i_20/B->CO         HA_X1                   rr    995.7     39.1     39.1      0.0     13.5      0.7      4.2      1    68,   67  /PD_TOP        (1.10)
i_0_7/i_21/B->CO         HA_X1                   rr   1034.8     39.1     39.1      0.0     13.5      0.7      4.2      1    68,   67  /PD_TOP        (1.10)
i_0_7/i_22/B->CO         HA_X1                   rr   1073.9     39.1     39.1      0.0     13.5      0.7      4.2      1    68,   67  /PD_TOP        (1.10)
i_0_7/i_23/B->CO         HA_X1                   rr   1113.0     39.1     39.1      0.0     13.5      0.7      4.2      1    68,   67  /PD_TOP        (1.10)
i_0_7/i_24/B->CO         HA_X1                   rr   1152.1     39.1     39.1      0.0     13.5      0.7      4.2      1    68,   67  /PD_TOP        (1.10)
i_0_7/i_25/B->CO         HA_X1                   rr   1191.2     39.1     39.1      0.0     13.5      0.7      4.2      1    68,   67  /PD_TOP        (1.10)
i_0_7/i_26/B->CO         HA_X1                   rr   1230.3     39.1     39.1      0.0     13.5      0.7      4.2      1    68,   67  /PD_TOP        (1.10)
i_0_7/i_27/B->CO         HA_X1                   rr   1269.4     39.1     39.1      0.0     13.5      0.7      4.2      1    68,   67  /PD_TOP        (1.10)
i_0_7/i_28/B->CO         HA_X1                   rr   1308.5     39.1     39.1      0.0     13.5      0.7      4.2      1    68,   67  /PD_TOP        (1.10)
i_0_7/i_29/B->CO         HA_X1                   rr   1347.5     39.0     39.0      0.0     13.5      0.7      4.1      1    68,   67  /PD_TOP        (1.10)
i_0_7/i_30/B->Z          XOR2_X2                 rf   1366.3     18.8     18.8      0.0     13.4      0.7      4.8      1    68,   67  /PD_TOP        (1.10)
i_0_2_622/A1->ZN         AOI22_X4*               fr   1431.1     64.8     64.8      0.0     12.9      1.5     30.6      2    68,   67  /PD_TOP        (1.10)
i_0_2_638/A1->ZN         NAND4_X4                rf   1456.3     25.2     25.2      0.0     15.3      0.7      5.0      1    68,   67  /PD_TOP        (1.10)
i_0_2_640/A1->ZN         NOR2_X4                 fr   1482.6     26.3     26.3      0.0     16.1      0.7      4.3      1    68,   67  /PD_TOP        (1.10)
i_0_2_657/A1->ZN         NAND4_X4                rf   1507.9     25.3     25.3      0.0     15.5      0.8      5.0      1    68,   67  /PD_TOP        (1.10)
i_0_2_678/A1->ZN         NOR4_X4*                fr   1631.6    123.7    123.7      0.0     16.1      5.9     56.9      8    68,   67  /PD_TOP        (1.10)
i_0_2_680/A1->ZN         NOR2_X4*                rf   1693.0     61.4     61.2      0.2     15.3     67.1    238.2     68    68,   67  /PD_TOP        (1.10)
i_0_2_757/A1->ZN         AOI222_X4               fr   1813.1    120.1    117.0      3.1     15.3      1.4     31.1      2    68,   67  /PD_TOP        (1.10)
i_0_2_880/A->ZN          INV_X8                  rf   1826.2     13.1     13.1      0.0     21.2      0.7     23.6      2    68,   67  /PD_TOP        (1.10)
i_0_2_882/A4->ZN         NOR4_X4                 fr   1907.2     81.0     81.0      0.0      5.7      0.8      4.7      1    68,   67  /PD_TOP        (1.10)
i_0_2_883/A1->ZN         NAND3_X4                rf   1934.4     27.2     27.2      0.0     43.7      0.7      4.9      1    68,   67  /PD_TOP        (1.10)
i_0_2_885/A1->ZN         NOR2_X4                 fr   1958.5     24.1     24.1      0.0     11.2      0.7      4.3      1    68,   67  /PD_TOP        (1.10)
i_0_2_887/A1->ZN         NAND4_X4                rf   1983.8     25.3     25.3      0.0     15.5      0.8      5.0      1    68,   67  /PD_TOP        (1.10)
i_0_2_893/A1->ZN         NOR4_X4                 fr   2032.0     48.2     48.2      0.0     16.1      0.8      4.4      1    68,   67  /PD_TOP        (1.10)
i_0_2_905/A1->ZN         NAND4_X4*               rf   2091.9     59.9     59.9      0.0     43.0      1.5     31.0      2    68,   67  /PD_TOP        (1.10)
i_0_2_914/A1->ZN         AOI22_X4*               fr   2157.9     66.0     66.0      0.0     15.3      1.4     31.0      2    68,   67  /PD_TOP        (1.10)
i_0_2_916/A->ZN          INV_X8                  rf   2169.3     11.4     11.4      0.0     15.3     10.4     20.4      1    68,   67  /PD_TOP        (1.10)
posv                                              f   2171.2      1.9               1.9      5.3                             81,    0                       
------------------------------------------------------------------------------------------------------------------------------------------------------------
