warning: No library characterized for (process = 1.00 voltage = 0.85 temperature = 25.00) can be found in the database for power domain '/PD_TOP'  [NL-174]
Report Power (instances with prefix '*' are included in total) : 
-----+-----------------------+--------------------+---------------------+-------------------+-----------------
     | Instance              | Internal Power(uw) | Switching Power(uw) | Leakage Power(uw) | Total Power(uw) 
-----+-----------------------+--------------------+---------------------+-------------------+-----------------
1    |*posv_reg              |            0.034615|             0.047218|           0.086213|         0.168045
2    |*i_0_31                |           56.576576|            45.795452|           1.244143|       103.616173
3    |*i_0_32                |           55.269840|            45.528481|           1.244143|       102.042465
4    |*i_0_35                |           56.589275|            45.700600|           1.244143|       103.534019
5    |*i_0_36                |           55.280060|            45.433228|           1.244143|       101.957436
6    |*i_0_39                |           56.583767|            45.643829|           1.244143|       103.471741
7    |*i_0_40                |           55.275509|            45.435371|           1.244143|       101.955025
8    |*i_0_43                |           56.578617|            45.577194|           1.244143|       103.399956
9    |*i_0_44                |           55.273643|            45.486897|           1.244143|       102.004684
10   |*i_0_47                |           56.575939|            45.545460|           1.244143|       103.365547
11   |*i_0_48                |           55.272659|            45.514229|           1.244143|       102.031029
12   |*i_0_51                |           56.573437|            45.485653|           1.244143|       103.303230
13   |*i_0_52                |           55.273701|            45.572655|           1.244143|       102.090492
14   |*i_0_55                |           56.571415|            45.426296|           1.244143|       103.241859
15   |*i_0_56                |           55.275246|            45.631527|           1.244143|       102.150909
16   |*i_0_59                |           56.571236|            45.426208|           1.244143|       103.241585
17   |*i_0_60                |           55.275082|            45.631439|           1.244143|       102.150665
18   |*i_0_63                |           56.570351|            45.396618|           1.244143|       103.211113
19   |*i_0_64                |           55.275982|            45.660969|           1.244143|       102.181091
20   |*zero_reg              |            0.034588|             0.048153|           0.086213|         0.168954
21   |*err_reg               |            0.038379|             0.048203|           0.100162|         0.186743
22   |*done_reg              |            0.000000|             0.000000|           0.100162|         0.100162
23   |*out_c_reg[63]         |            0.031857|             2.124994|           0.086213|         2.243064
24   |*out_c_reg[15]         |            0.034607|             0.047649|           0.086213|         0.168469
25   |*out_c_reg[14]         |            0.034607|             0.047468|           0.086213|         0.168287
26   |*out_c_reg[13]         |            0.034609|             0.048607|           0.086213|         0.169429
27   |*out_c_reg[12]         |            0.034607|             0.047672|           0.086213|         0.168492
28   |*out_c_reg[11]         |            0.034609|             0.048566|           0.086213|         0.169388
29   |*out_c_reg[10]         |            0.034607|             0.047559|           0.086213|         0.168378
30   |*out_c_reg[9]          |            0.034609|             0.048516|           0.086213|         0.169338
31   |*out_c_reg[8]          |            0.034607|             0.047581|           0.086213|         0.168401
32   |*out_c_reg[7]          |            0.034609|             0.048475|           0.086213|         0.169297
33   |*out_c_reg[6]          |            0.034609|             0.048425|           0.086213|         0.169247
34   |*out_c_reg[5]          |            0.034607|             0.047490|           0.086213|         0.168310
35   |*out_c_reg[4]          |            0.034608|             0.048385|           0.086213|         0.169206
36   |*out_c_reg[3]          |            0.034608|             0.048334|           0.086213|         0.169155
37   |*out_c_reg[2]          |            0.034607|             0.047399|           0.086213|         0.168219
38   |*out_c_reg[1]          |            0.034608|             0.048294|           0.086213|         0.169115
39   |*out_c_reg[0]          |            0.034608|             0.048243|           0.086213|         0.169064
40   |*error_reg             |            0.072335|             0.166126|           0.086213|         0.324674
41   |*error_reg_enable_mux_0|            0.024325|             0.009075|           0.035928|         0.069328
42   |*i_0_0_0               |            0.498106|             1.755002|           0.014353|         2.267461
43   |*clk_gate_posv_reg     |            0.069805|             0.000000|           0.059138|         0.128943
44   |*i_0_1_0               |            3.035178|             1.708943|           0.075762|         4.819884
45   |*i_0_1_1               |            3.140308|             1.777774|           0.075762|         4.993844
46   |*i_0_1_2               |            3.178301|             1.802593|           0.075762|         5.056656
47   |*i_0_1_3               |            3.190660|             1.810766|           0.075762|         5.077187
48   |*i_0_1_4               |            3.193576|             1.812789|           0.075762|         5.082127
49   |*i_0_1_5               |            3.193389|             1.812765|           0.075762|         5.081916
50   |*i_0_1_6               |            3.192464|             1.812228|           0.075762|         5.080454
51   |*i_0_1_7               |            3.191582|             1.811695|           0.075762|         5.079040
52   |*i_0_1_8               |            3.190932|             1.811297|           0.075762|         5.077991
53   |*i_0_1_9               |            3.190500|             1.811031|           0.075762|         5.077294
54   |*i_0_1_10              |            3.190232|             1.810865|           0.075762|         5.076859
55   |*i_0_1_11              |            3.190072|             1.810765|           0.075762|         5.076599
56   |*i_0_1_12              |            3.256836|             9.112302|           0.075762|        12.444900
57   |*i_0_1_13              |            3.054817|             1.729667|           0.075762|         4.860246
58   |*i_0_1_14              |            3.173091|             1.808728|           0.075762|         5.057582
59   |*i_0_1_15              |            3.193446|             1.824450|           0.075762|         5.093659
60   |*i_0_1_16              |            3.181969|             1.818815|           0.075762|         5.076546
61   |*i_0_1_17              |            3.164080|             1.808379|           0.075762|         5.048222
62   |*i_0_1_18              |            3.148586|             1.799039|           0.075762|         5.023387
63   |*i_0_1_19              |            3.137443|             1.792226|           0.075762|         5.005431
64   |*i_0_1_20              |            3.130154|             1.787732|           0.075762|         4.993648
65   |*i_0_1_21              |            3.125649|             1.784942|           0.075762|         4.986354
66   |*i_0_1_22              |            3.122969|             1.783276|           0.075762|         4.982008
67   |*i_0_1_23              |            3.121417|             1.782308|           0.075762|         4.979488
68   |*i_0_1_24              |            3.120535|             1.781757|           0.075762|         4.978054
69   |*i_0_1_25              |            3.156394|             4.140994|           0.075762|         7.373151
70   |*i_0_1_26              |            3.257301|             1.840416|           0.075762|         5.173480
71   |*i_0_1_27              |            3.376642|             1.917676|           0.075762|         5.370080
72   |*i_0_1_28              |            3.425913|             1.949185|           0.075762|         5.450860
73   |*i_0_1_29              |            3.447467|             1.962901|           0.075762|         5.486130
74   |*i_0_1_30              |            3.457199|             1.969083|           0.075762|         5.502044
75   |*i_0_1_31              |            3.461653|             1.971910|           0.075762|         5.509325
76   |*i_0_1_32              |            3.463698|             1.973207|           0.075762|         5.512668
77   |*i_0_1_33              |            3.464634|             1.973802|           0.075762|         5.514199
78   |*i_0_1_34              |            3.465061|             1.974073|           0.075762|         5.514896
79   |*i_0_1_35              |            3.465252|             1.974195|           0.075762|         5.515210
80   |*i_0_1_36              |            3.465338|             1.974250|           0.075762|         5.515350
81   |*i_0_1_37              |            3.465377|             1.974275|           0.075762|         5.515413
82   |*i_0_1_38              |            3.553270|            10.840252|           0.075762|        14.469284
83   |*i_0_1_39              |            3.274415|             1.859390|           0.075762|         5.209568
84   |*i_0_1_40              |            3.394130|             1.939277|           0.075762|         5.409170
85   |*i_0_1_41              |            3.423169|             1.959978|           0.075762|         5.458909
86   |*i_0_1_42              |            3.424324|             1.961871|           0.075762|         5.461956
87   |*i_0_1_43              |            3.417849|             1.958354|           0.075762|         5.451965
88   |*i_0_1_44              |            3.410764|             1.954163|           0.075762|         5.440689
89   |*i_0_1_45              |            3.405185|             1.950778|           0.075762|         5.431726
90   |*i_0_1_46              |            3.401350|             1.948423|           0.075762|         5.425536
91   |*i_0_1_47              |            3.398906|             1.946911|           0.075762|         5.421580
92   |*i_0_1_48              |            3.397420|             1.945987|           0.075762|         5.419170
93   |*i_0_1_49              |            3.396547|             1.945443|           0.075762|         5.417752
94   |*i_0_1_50              |            3.396044|             1.945128|           0.075762|         5.416935
95   |*i_0_1_51              |            3.496006|            10.778389|           0.075762|        14.350157
96   |*i_0_1_52              |            3.339094|             1.889238|           0.075762|         5.304094
97   |*i_0_1_53              |            3.457616|             1.966005|           0.075762|         5.499383
98   |*i_0_1_54              |            3.505635|             1.996727|           0.075762|         5.578123
99   |*i_0_1_55              |            3.526706|             2.010134|           0.075762|         5.612602
100  |*i_0_1_56              |            3.536444|             2.016315|           0.075762|         5.628521
101  |*i_0_1_57              |            3.541080|             2.019253|           0.075762|         5.636094
102  |*i_0_1_58              |            3.543321|             2.020671|           0.075762|         5.639754
103  |*i_0_1_59              |            3.544411|             2.021363|           0.075762|         5.641536
104  |*i_0_1_60              |            3.544945|             2.021700|           0.075762|         5.642407
105  |*i_0_1_61              |            3.545206|             2.021866|           0.075762|         5.642834
106  |*i_0_1_62              |            3.545334|             2.021946|           0.075762|         5.643043
107  |*i_0_1_63              |            3.548853|             2.023930|           0.075762|         5.648546
108  |*i_0_1_64              |            3.630922|            11.233603|           0.075762|        14.940287
109  |*i_0_1_65              |            3.351423|             1.905560|           0.075762|         5.332744
110  |*i_0_1_66              |            3.463675|             1.980855|           0.075762|         5.520293
111  |*i_0_1_67              |            3.490895|             2.000286|           0.075762|         5.566943
112  |*i_0_1_68              |            3.494115|             2.003334|           0.075762|         5.573211
113  |*i_0_1_69              |            3.490636|             2.001600|           0.075762|         5.567998
114  |*i_0_1_70              |            3.486125|             1.998965|           0.075762|         5.560853
115  |*i_0_1_71              |            3.482386|             1.996702|           0.075762|         5.554850
116  |*i_0_1_72              |            3.479748|             1.995080|           0.075762|         5.550590
117  |*i_0_1_73              |            3.478040|             1.994020|           0.075762|         5.547822
118  |*i_0_1_74              |            3.476990|             1.993366|           0.075762|         5.546119
119  |*i_0_1_75              |            3.476369|             1.992977|           0.075762|         5.545108
120  |*i_0_1_76              |            3.479510|             1.994690|           0.075762|         5.549962
121  |*i_0_1_77              |            3.574001|            11.169974|           0.075762|        14.819736
122  |*i_0_1_78              |            3.372952|             1.909426|           0.075762|         5.358140
123  |*i_0_1_79              |            3.489170|             1.984824|           0.075762|         5.549756
124  |*i_0_1_80              |            3.535231|             2.014355|           0.075762|         5.625348
125  |*i_0_1_81              |            3.555174|             2.027074|           0.075762|         5.658010
126  |*i_0_1_82              |            3.564352|             2.032912|           0.075762|         5.673025
127  |*i_0_1_83              |            3.568730|             2.035693|           0.075762|         5.680185
128  |*i_0_1_84              |            3.570860|             2.037045|           0.075762|         5.683668
129  |*i_0_1_85              |            3.571908|             2.037710|           0.075762|         5.685380
130  |*i_0_1_86              |            3.572425|             2.038038|           0.075762|         5.686226
131  |*i_0_1_87              |            3.572681|             2.038201|           0.075762|         5.686644
132  |*i_0_1_88              |            3.574096|             2.039001|           0.075762|         5.688860
133  |*i_0_1_89              |            3.571279|             2.037474|           0.075762|         5.684516
134  |*i_0_1_90              |            3.679981|            11.546810|           0.075762|        15.302554
135  |*i_0_1_91              |            3.382499|             1.924217|           0.075762|         5.382479
136  |*i_0_1_92              |            3.489427|             1.996255|           0.075762|         5.561444
137  |*i_0_1_93              |            3.514621|             2.014379|           0.075762|         5.604762
138  |*i_0_1_94              |            3.518037|             2.017498|           0.075762|         5.611296
139  |*i_0_1_95              |            3.515462|             2.016292|           0.075762|         5.607517
140  |*i_0_1_96              |            3.511848|             2.014195|           0.075762|         5.601806
141  |*i_0_1_97              |            3.508786|             2.012343|           0.075762|         5.596892
142  |*i_0_1_98              |            3.506602|             2.010998|           0.075762|         5.593361
143  |*i_0_1_99              |            3.505177|             2.010112|           0.075762|         5.591051
144  |*i_0_1_100             |            3.504298|             2.009563|           0.075762|         5.589624
145  |*i_0_1_101             |            3.505081|             2.009951|           0.075762|         5.590794
146  |*i_0_1_102             |            3.501838|             2.008199|           0.075762|         5.585800
147  |*i_0_1_103             |            3.623831|            11.481584|           0.075762|        15.181177
148  |*i_0_1_104             |            3.387426|             1.918056|           0.075762|         5.381244
149  |*i_0_1_105             |            3.502192|             1.992591|           0.075762|         5.570545
150  |*i_0_1_106             |            3.547107|             2.021426|           0.075762|         5.644296
151  |*i_0_1_107             |            3.566381|             2.033739|           0.075762|         5.675882
152  |*i_0_1_108             |            3.575210|             2.039363|           0.075762|         5.690336
153  |*i_0_1_109             |            3.579416|             2.042040|           0.075762|         5.697218
154  |*i_0_1_110             |            3.581464|             2.043342|           0.075762|         5.700568
155  |*i_0_1_111             |            3.582472|             2.043983|           0.075762|         5.702217
156  |*i_0_1_112             |            3.582972|             2.044301|           0.075762|         5.703034
157  |*i_0_1_113             |            3.583738|             2.044746|           0.075762|         5.704246
158  |*i_0_1_114             |            3.582705|             2.044199|           0.075762|         5.702665
159  |*i_0_1_115             |            3.593012|             2.049895|           0.075762|         5.718669
160  |*i_0_1_116             |            3.692987|            11.632588|           0.075762|        15.401337
161  |*i_0_1_117             |            3.395618|             1.932101|           0.075762|         5.403482
162  |*i_0_1_118             |            3.499768|             2.002441|           0.075762|         5.577972
163  |*i_0_1_119             |            3.523835|             2.019846|           0.075762|         5.619444
164  |*i_0_1_120             |            3.527201|             2.022913|           0.075762|         5.625876
165  |*i_0_1_121             |            3.524945|             2.021891|           0.075762|         5.622598
166  |*i_0_1_122             |            3.521677|             2.020001|           0.075762|         5.617441
167  |*i_0_1_123             |            3.518885|             2.018313|           0.075762|         5.612960
168  |*i_0_1_124             |            3.516884|             2.017079|           0.075762|         5.609725
169  |*i_0_1_125             |            3.515576|             2.016264|           0.075762|         5.607603
170  |*i_0_1_126             |            3.515290|             2.016043|           0.075762|         5.607096
171  |*i_0_1_127             |            3.513631|             2.015120|           0.075762|         5.604513
172  |*i_0_1_128             |            3.523777|             2.020580|           0.075762|         5.620119
173  |*i_0_1_129             |            3.636928|            11.566880|           0.075762|        15.279570
174  |*i_0_1_130             |            3.393672|             1.921782|           0.075762|         5.391216
175  |*i_0_1_131             |            3.507710|             1.995882|           0.075762|         5.579354
176  |*i_0_1_132             |            3.552068|             2.024379|           0.075762|         5.652209
177  |*i_0_1_133             |            3.571016|             2.036494|           0.075762|         5.683271
178  |*i_0_1_134             |            3.579672|             2.042014|           0.075762|         5.697448
179  |*i_0_1_135             |            3.583792|             2.044637|           0.075762|         5.704192
180  |*i_0_1_136             |            3.585797|             2.045914|           0.075762|         5.707473
181  |*i_0_1_137             |            3.586785|             2.046542|           0.075762|         5.709089
182  |*i_0_1_138             |            3.587492|             2.046974|           0.075762|         5.710228
183  |*i_0_1_139             |            3.587251|             2.046868|           0.075762|         5.709882
184  |*i_0_1_140             |            3.591724|             2.049346|           0.075762|         5.716833
185  |*i_0_1_141             |            3.599545|             2.053836|           0.075762|         5.729143
186  |*i_0_1_142             |            3.682714|            11.527070|           0.075762|        15.285546
187  |*i_0_1_143             |            3.401246|             1.935487|           0.075762|         5.412494
188  |*i_0_1_144             |            3.504092|             2.005029|           0.075762|         5.584883
189  |*i_0_1_145             |            3.527620|             2.022091|           0.075762|         5.625474
190  |*i_0_1_146             |            3.530938|             2.025120|           0.075762|         5.631820
191  |*i_0_1_147             |            3.528805|             2.024168|           0.075762|         5.628735
192  |*i_0_1_148             |            3.525680|             2.022363|           0.075762|         5.623805
193  |*i_0_1_149             |            3.523000|             2.020741|           0.075762|         5.619503
194  |*i_0_1_150             |            3.521075|             2.019555|           0.075762|         5.616392
195  |*i_0_1_151             |            3.520032|             2.018888|           0.075762|         5.614682
196  |*i_0_1_152             |            3.518764|             2.018142|           0.075762|         5.612669
197  |*i_0_1_153             |            3.522721|             2.020236|           0.075762|         5.618718
198  |*i_0_1_154             |            3.530292|             2.024507|           0.075762|         5.630560
199  |*i_0_1_155             |            3.626152|            11.461964|           0.075762|        15.163878
200  |*i_0_1_156             |            2.484997|             1.042468|           0.061230|         3.588694
201  |*i_0_1_157             |            2.566906|             1.261875|           0.061230|         3.890010
202  |*i_0_1_158             |            2.598902|             1.346975|           0.061230|         4.007107
203  |*i_0_1_159             |            2.613049|             1.384138|           0.061230|         4.058416
204  |*i_0_1_160             |            2.619342|             1.400591|           0.061230|         4.081163
205  |*i_0_1_161             |            2.622116|             1.407831|           0.061230|         4.091177
206  |*i_0_1_162             |            0.464624|             1.197817|           0.014353|         1.676795
207  |*i_0_1_163             |            1.799474|             7.675313|           0.047399|         9.522186
208  |*i_0_1_164             |            0.462682|             3.445874|           0.014353|         3.922910
209  |*i_0_1_165             |            1.790874|             7.652956|           0.047399|         9.491229
210  |*i_0_1_166             |            0.463635|             1.195268|           0.014353|         1.673256
211  |*i_0_1_167             |            1.792986|             7.658977|           0.047399|         9.499362
212  |*i_0_1_168             |            0.459874|             3.424961|           0.014353|         3.899189
213  |*i_0_1_169             |            1.772847|             7.606510|           0.047399|         9.426756
214  |*i_0_1_170             |            0.460150|             3.427015|           0.014353|         3.901518
215  |*i_0_1_171             |            1.774455|             7.611071|           0.047399|         9.432925
216  |*i_0_1_172             |            0.461291|             1.189225|           0.014353|         1.664869
217  |*i_0_1_173             |            1.777706|             7.620256|           0.047399|         9.445361
218  |*i_0_1_174             |            0.452788|             3.372184|           0.014353|         3.839324
219  |*i_0_1_175             |            1.727834|             7.489297|           0.047399|         9.264530
220  |*i_0_1_176             |            0.453111|             3.374593|           0.014353|         3.842058
221  |*i_0_1_177             |            1.729745|             7.494648|           0.047399|         9.271792
222  |*i_0_1_178             |            0.453770|             3.379498|           0.014353|         3.847620
223  |*i_0_1_179             |            1.733609|             7.505540|           0.047399|         9.286548
224  |*i_0_1_180             |            0.455524|             1.174356|           0.014353|         1.644233
225  |*i_0_1_181             |            1.740542|             7.524980|           0.047399|         9.312921
226  |*i_0_1_182             |            0.432157|             3.218532|           0.014353|         3.665041
227  |*i_0_1_183             |            1.597134|             7.148051|           0.047399|         8.792584
228  |*i_0_1_184             |            0.432812|             3.223415|           0.014353|         3.670581
229  |*i_0_1_185             |            1.600926|             7.158897|           0.047399|         8.807222
230  |*i_0_1_186             |            0.434046|             3.232603|           0.014353|         3.681002
231  |*i_0_1_187             |            1.608073|             7.179300|           0.047399|         8.834773
232  |*i_0_1_188             |            0.436258|             3.249080|           0.014353|         3.699692
233  |*i_0_1_189             |            1.620895|             7.215896|           0.047399|         8.884190
234  |*i_0_1_190             |            0.440046|             1.134453|           0.014353|         1.588852
235  |*i_0_1_191             |            1.639780|             7.269292|           0.047399|         8.956472
236  |*i_0_1_192             |            1.135226|             2.696491|           0.025066|         3.856783
237  |*i_0_1_193             |            1.140776|             2.709657|           0.025066|         3.875499
238  |*i_0_1_194             |            1.151224|             2.734420|           0.025066|         3.910710
239  |*i_0_1_195             |            1.169622|             2.777925|           0.025066|         3.972613
240  |*i_0_1_196             |            1.197082|             2.842604|           0.025066|         4.064752
241  |*i_0_1_197             |            1.174454|             1.005364|           0.025066|         2.204884
242  |*i_0_1_198             |            0.051066|             0.044488|           0.032612|         0.128166
243  |*i_0_1_199             |            0.038778|             0.083745|           0.021200|         0.143723
244  |*i_0_1_200             |            0.543146|             0.625582|           0.018127|         1.186854
245  |*i_0_1_201             |            0.544887|             0.639908|           0.018127|         1.202922
246  |*i_0_1_202             |            0.027402|             0.029104|           0.026481|         0.082988
247  |*i_0_1_203             |            0.138771|             0.102198|           0.032601|         0.273570
248  |*i_0_1_204             |            1.689696|             2.712495|           0.047399|         4.449590
249  |*i_0_1_205             |            1.384734|             2.769553|           0.041741|         4.196029
250  |*i_0_1_206             |            1.691306|             2.801461|           0.047399|         4.540166
251  |*i_0_1_207             |            1.690396|             2.851144|           0.047399|         4.588939
252  |*i_0_1_208             |            0.266458|             0.378644|           0.026832|         0.671933
253  |*i_0_1_209             |            1.688935|             2.690059|           0.047399|         4.426393
254  |*i_0_1_210             |            1.687094|             2.783992|           0.047399|         4.518485
255  |*i_0_1_211             |            1.689294|             2.673899|           0.047399|         4.410592
256  |*i_0_1_212             |            0.543560|             0.546331|           0.021200|         1.111091
257  |*i_0_1_213             |            0.000905|             0.001687|           0.032601|         0.035193
258  |*i_0_1_214             |            0.497972|             0.594676|           0.018127|         1.110775
259  |*i_0_1_215             |            0.023507|             0.028332|           0.018127|         0.069966
260  |*i_0_1_216             |            0.150545|             0.129887|           0.027025|         0.307457
261  |*i_0_1_217             |            0.472057|             0.371763|           0.032601|         0.876422
262  |*i_0_1_218             |            0.465450|             1.931134|           0.014353|         2.410938
263  |*i_0_1_219             |            1.763340|             7.681162|           0.047399|         9.491901
264  |*i_0_1_220             |            0.465570|             1.994967|           0.014353|         2.474891
265  |*i_0_1_221             |            1.763959|             7.682466|           0.047399|         9.493823
266  |*i_0_1_222             |            0.465549|             1.908779|           0.014353|         2.388681
267  |*i_0_1_223             |            1.764227|             7.683028|           0.047399|         9.494654
268  |*i_0_1_224             |            0.465556|             1.896417|           0.014353|         2.376326
269  |*i_0_1_225             |            1.764343|             7.683271|           0.047399|         9.495013
270  |*i_0_1_226             |            0.478411|             0.540934|           0.014353|         1.033698
271  |*i_0_1_227             |            1.776064|             8.488316|           0.047399|        10.311779
272  |*i_0_1_228             |            0.479278|             0.540937|           0.014353|         1.034569
273  |*i_0_1_229             |            1.777231|             8.567374|           0.047399|        10.392005
274  |*i_0_1_230             |            0.479711|             0.540939|           0.014353|         1.035003
275  |*i_0_1_231             |            1.777879|             8.611456|           0.047399|        10.436734
276  |*i_0_1_232             |            0.482304|             0.540939|           0.014353|         1.037597
277  |*i_0_1_233             |            1.783159|             8.975315|           0.047399|        10.805873
278  |*i_0_1_234             |            0.472780|             1.973357|           0.014353|         2.460490
279  |*i_0_1_235             |            1.783946|             9.029428|           0.047399|        10.860773
280  |*i_0_1_236             |            0.483430|             0.541232|           0.014353|         1.039015
281  |*i_0_1_237             |            1.788704|             9.065428|           0.047399|        10.901531
282  |*i_0_1_238             |            0.465622|             1.995188|           0.014353|         2.475163
283  |*i_0_1_239             |            1.766331|             7.683316|           0.047399|         9.497046
284  |*i_0_1_240             |            0.465454|             1.908390|           0.014353|         2.388197
285  |*i_0_1_241             |            1.765687|             7.681465|           0.047399|         9.494551
286  |*i_0_1_242             |            0.482570|             0.540752|           0.014353|         1.037675
287  |*i_0_1_243             |            1.785373|             9.003878|           0.047399|        10.836650
288  |*i_0_1_244             |            0.482128|             0.540742|           0.014353|         1.037224
289  |*i_0_1_245             |            1.784914|             8.972041|           0.047399|        10.804354
290  |*i_0_1_246             |            0.482545|             0.540725|           0.014353|         1.037623
291  |*i_0_1_247             |            1.785658|             9.025842|           0.047399|        10.858899
292  |*i_0_1_248             |            0.483373|             1.371845|           0.014353|         1.869571
293  |*i_0_1_249             |            1.806545|            10.406132|           0.047399|        12.260075
294  |*i_0_1_250             |            0.473735|             1.333254|           0.014353|         1.821341
295  |*i_0_1_251             |            1.461375|             9.024070|           0.041741|        10.527186
296  |*i_0_1_252             |            0.951187|             1.471043|           0.025066|         2.447295
297  |*i_0_1_253             |            0.667224|            14.882411|           0.021200|        15.570835
298  |*i_0_1_254             |            1.125370|            13.488932|           0.025066|        14.639368
299  |*i_0_1_255             |            0.486785|            13.455683|           0.021200|        13.963668
300  |*i_0_1_256             |            0.464902|             3.337207|           0.014353|         3.816462
301  |*i_0_1_257             |            1.767851|             7.687601|           0.047399|         9.502851
302  |*i_0_1_258             |            0.464575|             3.402302|           0.014353|         3.881230
303  |*i_0_1_259             |            1.766326|             7.683304|           0.047399|         9.497029
304  |*i_0_1_260             |            0.464463|             3.401485|           0.014353|         3.880302
305  |*i_0_1_261             |            1.765685|             7.681460|           0.047399|         9.494544
306  |*i_0_1_262             |            0.464426|             3.401211|           0.014353|         3.879989
307  |*i_0_1_263             |            1.765469|             7.680839|           0.047399|         9.493707
308  |*i_0_1_264             |            0.464407|             3.401072|           0.014353|         3.879832
309  |*i_0_1_265             |            1.765295|             7.680527|           0.047399|         9.493221
310  |*i_0_1_266             |            0.464415|             3.401129|           0.014353|         3.879897
311  |*i_0_1_267             |            1.765398|             7.680656|           0.047399|         9.493453
312  |*i_0_1_268             |            0.464394|             3.400975|           0.014353|         3.879722
313  |*i_0_1_269             |            1.765254|             7.680309|           0.047399|         9.492962
314  |*i_0_1_270             |            0.464387|             3.400925|           0.014353|         3.879665
315  |*i_0_1_271             |            1.765212|             7.680195|           0.047399|         9.492806
316  |*i_0_1_272             |            0.464375|             3.400839|           0.014353|         3.879566
317  |*i_0_1_273             |            1.765125|             7.679999|           0.047399|         9.492523
318  |*i_0_1_274             |            0.464350|             3.400654|           0.014353|         3.879357
319  |*i_0_1_275             |            1.764932|             7.679583|           0.047399|         9.491914
320  |*i_0_1_276             |            0.464292|             3.400234|           0.014353|         3.878879
321  |*i_0_1_277             |            1.764484|             7.678633|           0.047399|         9.490516
322  |*i_0_1_278             |            0.464159|             3.399259|           0.014353|         3.877772
323  |*i_0_1_279             |            1.763443|             7.676433|           0.047399|         9.487275
324  |*i_0_1_280             |            0.463848|             3.396981|           0.014353|         3.875183
325  |*i_0_1_281             |            1.761019|             7.671289|           0.047399|         9.479707
326  |*i_0_1_282             |            0.463114|             3.391606|           0.014353|         3.869073
327  |*i_0_1_283             |            1.439898|             7.657874|           0.041741|         9.139513
328  |*i_0_1_284             |            0.463666|            20.351833|           0.014353|        20.829853
329  |*i_0_1_285             |            1.446357|             7.679008|           0.041741|         9.167106
330  |*i_0_1_286             |            0.951184|             1.471039|           0.025066|         2.447289
331  |*i_0_1_287             |            0.667224|            14.882411|           0.021200|        15.570835
332  |*i_0_1_288             |            0.488077|            13.425773|           0.021200|        13.935050
333  |*i_0_1_289             |            0.511521|            13.518844|           0.021200|        14.051565
334  |*i_0_1_290             |            0.464901|             3.337203|           0.014353|         3.816458
335  |*i_0_1_291             |            1.767847|             7.687592|           0.047399|         9.502837
336  |*i_0_1_292             |            0.464574|             3.402299|           0.014353|         3.881227
337  |*i_0_1_293             |            1.766322|             7.683299|           0.047399|         9.497020
338  |*i_0_1_294             |            0.464461|             3.401472|           0.014353|         3.880287
339  |*i_0_1_295             |            1.765671|             7.681431|           0.047399|         9.494501
340  |*i_0_1_296             |            0.464425|             3.401205|           0.014353|         3.879983
341  |*i_0_1_297             |            1.765464|             7.680827|           0.047399|         9.493690
342  |*i_0_1_298             |            0.464413|             3.401117|           0.014353|         3.879883
343  |*i_0_1_299             |            1.765400|             7.680629|           0.047399|         9.493428
344  |*i_0_1_300             |            0.464398|             3.401008|           0.014353|         3.879759
345  |*i_0_1_301             |            1.765268|             7.680382|           0.047399|         9.493049
346  |*i_0_1_302             |            0.464429|             3.401238|           0.014353|         3.880021
347  |*i_0_1_303             |            1.765536|             7.680902|           0.047399|         9.493837
348  |*i_0_1_304             |            0.464387|             3.400931|           0.014353|         3.879672
349  |*i_0_1_305             |            1.765218|             7.680208|           0.047399|         9.492825
350  |*i_0_1_306             |            0.464375|             3.400840|           0.014353|         3.879568
351  |*i_0_1_307             |            1.765127|             7.680002|           0.047399|         9.492528
352  |*i_0_1_308             |            0.464349|             3.400653|           0.014353|         3.879356
353  |*i_0_1_309             |            1.764930|             7.679580|           0.047399|         9.491909
354  |*i_0_1_310             |            0.464292|             3.400231|           0.014353|         3.878876
355  |*i_0_1_311             |            1.764481|             7.678627|           0.047399|         9.490507
356  |*i_0_1_312             |            0.464159|             3.399256|           0.014353|         3.877768
357  |*i_0_1_313             |            1.763440|             7.676425|           0.047399|         9.487263
358  |*i_0_1_314             |            0.463848|             3.396978|           0.014353|         3.875179
359  |*i_0_1_315             |            1.761015|             7.671280|           0.047399|         9.479694
360  |*i_0_1_316             |            0.463113|             3.391601|           0.014353|         3.869067
361  |*i_0_1_317             |            1.439896|             7.657865|           0.041741|         9.139501
362  |*i_0_1_318             |            0.463665|            20.351809|           0.014353|        20.829828
363  |*i_0_1_319             |            1.446356|             7.678998|           0.041741|         9.167095
364  |*i_0_1_320             |            0.951178|             1.471029|           0.025066|         2.447273
365  |*i_0_1_321             |            0.667224|            14.882411|           0.021200|        15.570835
366  |*i_0_1_322             |            0.488077|            13.425773|           0.021200|        13.935050
367  |*i_0_1_323             |            0.513679|            13.518844|           0.021200|        14.053723
368  |*i_0_1_324             |            0.464900|             3.337194|           0.014353|         3.816448
369  |*i_0_1_325             |            1.767837|             7.687572|           0.047399|         9.502809
370  |*i_0_1_326             |            0.464573|             3.402290|           0.014353|         3.881216
371  |*i_0_1_327             |            1.766312|             7.683276|           0.047399|         9.496987
372  |*i_0_1_328             |            0.464461|             3.401467|           0.014353|         3.880281
373  |*i_0_1_329             |            1.765665|             7.681418|           0.047399|         9.494482
374  |*i_0_1_330             |            0.464421|             3.401175|           0.014353|         3.879949
375  |*i_0_1_331             |            1.765432|             7.680759|           0.047399|         9.493590
376  |*i_0_1_332             |            0.464411|             3.401105|           0.014353|         3.879869
377  |*i_0_1_333             |            1.765387|             7.680601|           0.047399|         9.493387
378  |*i_0_1_334             |            0.464412|             3.401111|           0.014353|         3.879877
379  |*i_0_1_335             |            1.765408|             7.680616|           0.047399|         9.493423
380  |*i_0_1_336             |            0.464391|             3.400955|           0.014353|         3.879699
381  |*i_0_1_337             |            1.765248|             7.680264|           0.047399|         9.492911
382  |*i_0_1_338             |            0.464471|             3.401541|           0.014353|         3.880365
383  |*i_0_1_339             |            1.765871|             7.681586|           0.047399|         9.494856
384  |*i_0_1_340             |            0.464377|             3.400854|           0.014353|         3.879584
385  |*i_0_1_341             |            1.765141|             7.680034|           0.047399|         9.492574
386  |*i_0_1_342             |            0.464350|             3.400656|           0.014353|         3.879359
387  |*i_0_1_343             |            1.764933|             7.679587|           0.047399|         9.491919
388  |*i_0_1_344             |            0.464292|             3.400228|           0.014353|         3.878873
389  |*i_0_1_345             |            1.764477|             7.678621|           0.047399|         9.490497
390  |*i_0_1_346             |            0.464158|             3.399249|           0.014353|         3.877760
391  |*i_0_1_347             |            1.763434|             7.676411|           0.047399|         9.487243
392  |*i_0_1_348             |            0.463847|             3.396969|           0.014353|         3.875169
393  |*i_0_1_349             |            1.761006|             7.671262|           0.047399|         9.479667
394  |*i_0_1_350             |            0.463112|             3.391592|           0.014353|         3.869057
395  |*i_0_1_351             |            1.439892|             7.657843|           0.041741|         9.139476
396  |*i_0_1_352             |            0.463664|            20.351753|           0.014353|        20.829773
397  |*i_0_1_353             |            1.446352|             7.678977|           0.041741|         9.167070
398  |*i_0_1_354             |            0.951164|             1.471008|           0.025066|         2.447238
399  |*i_0_1_355             |            0.667224|            14.882411|           0.021200|        15.570835
400  |*i_0_1_356             |            0.488427|            13.400622|           0.021200|        13.910249
401  |*i_0_1_357             |            0.513483|            13.543994|           0.021200|        14.078677
402  |*i_0_1_358             |            0.464898|             3.337175|           0.014353|         3.816426
403  |*i_0_1_359             |            1.767816|             7.687527|           0.047399|         9.502742
404  |*i_0_1_360             |            0.464570|             3.402269|           0.014353|         3.881192
405  |*i_0_1_361             |            1.766289|             7.683229|           0.047399|         9.496918
406  |*i_0_1_362             |            0.464457|             3.401443|           0.014353|         3.880254
407  |*i_0_1_363             |            1.765640|             7.681366|           0.047399|         9.494405
408  |*i_0_1_364             |            0.464419|             3.401162|           0.014353|         3.879934
409  |*i_0_1_365             |            1.765418|             7.680729|           0.047399|         9.493546
410  |*i_0_1_366             |            0.464402|             3.401035|           0.014353|         3.879789
411  |*i_0_1_367             |            1.765312|             7.680442|           0.047399|         9.493153
412  |*i_0_1_368             |            0.464408|             3.401083|           0.014353|         3.879844
413  |*i_0_1_369             |            1.765378|             7.680551|           0.047399|         9.493328
414  |*i_0_1_370             |            0.464424|             3.401196|           0.014353|         3.879973
415  |*i_0_1_371             |            1.765507|             7.680808|           0.047399|         9.493713
416  |*i_0_1_372             |            0.464381|             3.400884|           0.014353|         3.879618
417  |*i_0_1_373             |            1.765175|             7.680102|           0.047399|         9.492677
418  |*i_0_1_374             |            0.464570|             3.402269|           0.014353|         3.881192
419  |*i_0_1_375             |            1.766661|             7.683229|           0.047399|         9.497289
420  |*i_0_1_376             |            0.464354|             3.400688|           0.014353|         3.879396
421  |*i_0_1_377             |            1.764968|             7.679660|           0.047399|         9.492027
422  |*i_0_1_378             |            0.464292|             3.400235|           0.014353|         3.878881
423  |*i_0_1_379             |            1.764485|             7.678637|           0.047399|         9.490521
424  |*i_0_1_380             |            0.464157|             3.399242|           0.014353|         3.877752
425  |*i_0_1_381             |            1.763426|             7.676394|           0.047399|         9.487219
426  |*i_0_1_382             |            0.463844|             3.396954|           0.014353|         3.875152
427  |*i_0_1_383             |            1.760991|             7.671228|           0.047399|         9.479618
428  |*i_0_1_384             |            0.463110|             3.391572|           0.014353|         3.869035
429  |*i_0_1_385             |            1.439885|             7.657799|           0.041741|         9.139425
430  |*i_0_1_386             |            0.463661|            20.351627|           0.014353|        20.829641
431  |*i_0_1_387             |            1.446343|             7.678929|           0.041741|         9.167013
432  |*i_0_1_388             |            0.951132|             1.470957|           0.025066|         2.447155
433  |*i_0_1_389             |            0.667224|            14.882411|           0.021200|        15.570835
434  |*i_0_1_390             |            0.488776|            13.375472|           0.021200|        13.885448
435  |*i_0_1_391             |            0.513286|            13.569144|           0.021200|        14.103630
436  |*i_0_1_392             |            0.464891|             3.337130|           0.014353|         3.816374
437  |*i_0_1_393             |            1.767765|             7.687424|           0.047399|         9.502588
438  |*i_0_1_394             |            0.464564|             3.402221|           0.014353|         3.881138
439  |*i_0_1_395             |            1.766238|             7.683121|           0.047399|         9.496758
440  |*i_0_1_396             |            0.464451|             3.401394|           0.014353|         3.880198
441  |*i_0_1_397             |            1.765587|             7.681254|           0.047399|         9.494241
442  |*i_0_1_398             |            0.464412|             3.401107|           0.014353|         3.879872
443  |*i_0_1_399             |            1.765359|             7.680607|           0.047399|         9.493365
444  |*i_0_1_400             |            0.464397|             3.401004|           0.014353|         3.879755
445  |*i_0_1_401             |            1.765279|             7.680372|           0.047399|         9.493050
446  |*i_0_1_402             |            0.464386|             3.400920|           0.014353|         3.879659
447  |*i_0_1_403             |            1.765203|             7.680183|           0.047399|         9.492785
448  |*i_0_1_404             |            0.464415|             3.401130|           0.014353|         3.879898
449  |*i_0_1_405             |            1.765436|             7.680657|           0.047399|         9.493492
450  |*i_0_1_406             |            0.464458|             3.401444|           0.014353|         3.880255
451  |*i_0_1_407             |            1.765775|             7.681367|           0.047399|         9.494541
452  |*i_0_1_408             |            0.464362|             3.400745|           0.014353|         3.879461
453  |*i_0_1_409             |            1.765029|             7.679789|           0.047399|         9.492217
454  |*i_0_1_410             |            0.464801|             3.403962|           0.014353|         3.883117
455  |*i_0_1_411             |            1.768481|             7.687054|           0.047399|         9.502933
456  |*i_0_1_412             |            0.464303|             3.400311|           0.014353|         3.878967
457  |*i_0_1_413             |            1.764566|             7.678807|           0.047399|         9.490772
458  |*i_0_1_414             |            0.464159|             3.399259|           0.014353|         3.877771
459  |*i_0_1_415             |            1.763443|             7.676432|           0.047399|         9.487274
460  |*i_0_1_416             |            0.463842|             3.396938|           0.014353|         3.875134
461  |*i_0_1_417             |            1.760972|             7.671190|           0.047399|         9.479562
462  |*i_0_1_418             |            0.463105|             3.391537|           0.014353|         3.868995
463  |*i_0_1_419             |            1.439875|             7.657720|           0.041741|         9.139336
464  |*i_0_1_420             |            0.463654|            20.351324|           0.014353|        20.829332
465  |*i_0_1_421             |            1.446321|             7.678815|           0.041741|         9.166878
466  |*i_0_1_422             |            0.951056|             1.470840|           0.025066|         2.446963
467  |*i_0_1_423             |            0.667224|            14.882411|           0.021200|        15.570835
468  |*i_0_1_424             |            0.488951|            13.362897|           0.021200|        13.873048
469  |*i_0_1_425             |            0.513188|            13.581719|           0.021200|        14.116107
470  |*i_0_1_426             |            0.464877|             3.337025|           0.014353|         3.816255
471  |*i_0_1_427             |            1.767649|             7.687182|           0.047399|         9.502230
472  |*i_0_1_428             |            0.464548|             3.402109|           0.014353|         3.881011
473  |*i_0_1_429             |            1.766116|             7.682869|           0.047399|         9.496385
474  |*i_0_1_430             |            0.464435|             3.401280|           0.014353|         3.880069
475  |*i_0_1_431             |            1.765464|             7.680996|           0.047399|         9.493859
476  |*i_0_1_432             |            0.464396|             3.400992|           0.014353|         3.879741
477  |*i_0_1_433             |            1.765236|             7.680346|           0.047399|         9.492981
478  |*i_0_1_434             |            0.464380|             3.400877|           0.014353|         3.879610
479  |*i_0_1_435             |            1.765143|             7.680086|           0.047399|         9.492628
480  |*i_0_1_436             |            0.464376|             3.400848|           0.014353|         3.879578
481  |*i_0_1_437             |            1.765127|             7.680021|           0.047399|         9.492547
482  |*i_0_1_438             |            0.464363|             3.400750|           0.014353|         3.879467
483  |*i_0_1_439             |            1.765030|             7.679801|           0.047399|         9.492230
484  |*i_0_1_440             |            0.464436|             3.401289|           0.014353|         3.880079
485  |*i_0_1_441             |            1.765610|             7.681017|           0.047399|         9.494026
486  |*i_0_1_442             |            0.464539|             3.402044|           0.014353|         3.880936
487  |*i_0_1_443             |            1.766419|             7.682721|           0.047399|         9.496539
488  |*i_0_1_444             |            0.464320|             3.400436|           0.014353|         3.879109
489  |*i_0_1_445             |            1.764700|             7.679089|           0.047399|         9.491188
490  |*i_0_1_446             |            0.465332|             3.407851|           0.014353|         3.887536
491  |*i_0_1_447             |            1.772674|             7.695835|           0.047399|         9.515908
492  |*i_0_1_448             |            0.464183|             3.399435|           0.014353|         3.877971
493  |*i_0_1_449             |            1.763632|             7.676830|           0.047399|         9.487861
494  |*i_0_1_450             |            0.463848|             3.396976|           0.014353|         3.875177
495  |*i_0_1_451             |            1.761013|             7.671278|           0.047399|         9.479690
496  |*i_0_1_452             |            0.463099|             3.391498|           0.014353|         3.868950
497  |*i_0_1_453             |            1.439886|             7.657631|           0.041741|         9.139258
498  |*i_0_1_454             |            0.463638|            20.350628|           0.014353|        20.828621
499  |*i_0_1_455             |            1.446272|             7.678553|           0.041741|         9.166565
500  |*i_0_1_456             |            0.950882|             1.470568|           0.025066|         2.446516
501  |*i_0_1_457             |            0.667224|            14.882411|           0.021200|        15.570835
502  |*i_0_1_458             |            0.489300|            13.337747|           0.021200|        13.848247
503  |*i_0_1_459             |            0.512992|            13.606870|           0.021200|        14.141062
504  |*i_0_1_460             |            0.464843|             3.336782|           0.014353|         3.815978
505  |*i_0_1_461             |            1.767380|             7.686623|           0.047399|         9.501401
506  |*i_0_1_462             |            0.464513|             3.401850|           0.014353|         3.880716
507  |*i_0_1_463             |            1.765837|             7.682283|           0.047399|         9.495519
508  |*i_0_1_464             |            0.464399|             3.401015|           0.014353|         3.879767
509  |*i_0_1_465             |            1.765180|             7.680398|           0.047399|         9.492976
510  |*i_0_1_466             |            0.464359|             3.400724|           0.014353|         3.879436
511  |*i_0_1_467             |            1.764949|             7.679741|           0.047399|         9.492089
512  |*i_0_1_468             |            0.464343|             3.400608|           0.014353|         3.879304
513  |*i_0_1_469             |            1.764855|             7.679478|           0.047399|         9.491732
514  |*i_0_1_470             |            0.464336|             3.400552|           0.014353|         3.879241
515  |*i_0_1_471             |            1.764810|             7.679353|           0.047399|         9.491562
516  |*i_0_1_472             |            0.464340|             3.400584|           0.014353|         3.879277
517  |*i_0_1_473             |            1.764851|             7.679425|           0.047399|         9.491675
518  |*i_0_1_474             |            0.464316|             3.400408|           0.014353|         3.879077
519  |*i_0_1_475             |            1.764667|             7.679027|           0.047399|         9.491093
520  |*i_0_1_476             |            0.464490|             3.401685|           0.014353|         3.880529
521  |*i_0_1_477             |            1.766035|             7.681911|           0.047399|         9.495346
522  |*i_0_1_478             |            0.464731|             3.403443|           0.014353|         3.882527
523  |*i_0_1_479             |            1.767922|             7.685882|           0.047399|         9.501203
524  |*i_0_1_480             |            0.464222|             3.399722|           0.014353|         3.878298
525  |*i_0_1_481             |            1.763939|             7.677479|           0.047399|         9.488817
526  |*i_0_1_482             |            0.466528|             3.416604|           0.014353|         3.897484
527  |*i_0_1_483             |            1.782228|             7.715601|           0.047399|         9.545228
528  |*i_0_1_484             |            0.463904|             3.397390|           0.014353|         3.875648
529  |*i_0_1_485             |            1.761454|             7.672212|           0.047399|         9.481065
530  |*i_0_1_486             |            0.463112|             3.391589|           0.014353|         3.869054
531  |*i_0_1_487             |            1.440047|             7.657837|           0.041741|         9.139625
532  |*i_0_1_488             |            0.463601|            20.349009|           0.014353|        20.826963
533  |*i_0_1_489             |            1.446157|             7.677941|           0.041741|         9.165839
534  |*i_0_1_490             |            0.950476|             1.469936|           0.025066|         2.445478
535  |*i_0_1_491             |            0.667224|            14.882411|           0.021200|        15.570835
536  |*i_0_1_492             |            0.489475|            13.325171|           0.021200|        13.835846
537  |*i_0_1_493             |            0.512894|            13.619445|           0.021200|        14.153539
538  |*i_0_1_494             |            0.464764|             3.336218|           0.014353|         3.815336
539  |*i_0_1_495             |            1.766753|             7.685324|           0.047399|         9.499476
540  |*i_0_1_496             |            0.464431|             3.401247|           0.014353|         3.880030
541  |*i_0_1_497             |            1.765188|             7.680921|           0.047399|         9.493508
542  |*i_0_1_498             |            0.464315|             3.400398|           0.014353|         3.879065
543  |*i_0_1_499             |            1.764518|             7.679003|           0.047399|         9.490920
544  |*i_0_1_500             |            0.464274|             3.400100|           0.014353|         3.878728
545  |*i_0_1_501             |            1.764281|             7.678333|           0.047399|         9.490013
546  |*i_0_1_502             |            0.464258|             3.399981|           0.014353|         3.878592
547  |*i_0_1_503             |            1.764186|             7.678063|           0.047399|         9.489648
548  |*i_0_1_504             |            0.464250|             3.399924|           0.014353|         3.878527
549  |*i_0_1_505             |            1.764139|             7.677935|           0.047399|         9.489472
550  |*i_0_1_506             |            0.464246|             3.399895|           0.014353|         3.878494
551  |*i_0_1_507             |            1.764115|             7.677869|           0.047399|         9.489383
552  |*i_0_1_508             |            0.464263|             3.400020|           0.014353|         3.878636
553  |*i_0_1_509             |            1.764252|             7.678150|           0.047399|         9.489801
554  |*i_0_1_510             |            0.464211|             3.399637|           0.014353|         3.878201
555  |*i_0_1_511             |            1.763846|             7.677286|           0.047399|         9.488531
556  |*i_0_1_512             |            0.464617|             3.402616|           0.014353|         3.881586
557  |*i_0_1_513             |            1.767034|             7.684012|           0.047399|         9.498445
558  |*i_0_1_514             |            0.465171|             3.406666|           0.014353|         3.886189
559  |*i_0_1_515             |            1.771393|             7.693158|           0.047399|         9.511950
560  |*i_0_1_516             |            0.463996|             3.398061|           0.014353|         3.876410
561  |*i_0_1_517             |            1.762168|             7.673727|           0.047399|         9.483294
562  |*i_0_1_518             |            0.469098|             3.435426|           0.014353|         3.918877
563  |*i_0_1_519             |            1.788826|             7.758107|           0.047399|         9.594332
564  |*i_0_1_520             |            0.463246|             3.392572|           0.014353|         3.870171
565  |*i_0_1_521             |            1.440998|             7.660056|           0.041741|         9.142795
566  |*i_0_1_522             |            0.463516|            20.345242|           0.014353|        20.823112
567  |*i_0_1_523             |            1.445888|             7.676520|           0.041741|         9.164150
568  |*i_0_1_524             |            0.949532|             1.468468|           0.025066|         2.443067
569  |*i_0_1_525             |            0.667224|            14.882411|           0.021200|        15.570835
570  |*i_0_1_526             |            0.489475|            13.325171|           0.021200|        13.835846
571  |*i_0_1_527             |            0.512894|            13.619445|           0.021200|        14.153539
572  |*i_0_1_528             |            0.464582|             3.334910|           0.014353|         3.813845
573  |*i_0_1_529             |            1.802262|             7.682311|           0.047399|         9.531971
574  |*i_0_1_530             |            0.463735|             3.453712|           0.014353|         3.931800
575  |*i_0_1_531             |            1.797744|             7.670364|           0.047399|         9.515507
576  |*i_0_1_532             |            0.462514|             3.444624|           0.014353|         3.921492
577  |*i_0_1_533             |            1.789906|             7.650180|           0.047399|         9.487485
578  |*i_0_1_534             |            0.459755|             3.424072|           0.014353|         3.898180
579  |*i_0_1_535             |            1.772145|             7.604536|           0.047399|         9.424080
580  |*i_0_1_536             |            0.452625|             3.370974|           0.014353|         3.837952
581  |*i_0_1_537             |            1.726869|             7.486609|           0.047399|         9.260877
582  |*i_0_1_538             |            0.431815|             3.215987|           0.014353|         3.662155
583  |*i_0_1_539             |            1.595163|             7.142399|           0.047399|         8.784961
584  |*i_0_1_540             |            1.132369|             2.689708|           0.025066|         3.847142
585  |*i_0_1_541             |            0.464239|             3.399844|           0.014353|         3.878437
586  |*i_0_1_542             |            1.800671|             7.677754|           0.047399|         9.525824
587  |*i_0_1_543             |            0.463601|             3.452720|           0.014353|         3.930675
588  |*i_0_1_544             |            1.796981|             7.668162|           0.047399|         9.512542
589  |*i_0_1_545             |            0.462449|             3.444138|           0.014353|         3.920941
590  |*i_0_1_546             |            1.789526|             7.649102|           0.047399|         9.486027
591  |*i_0_1_547             |            0.459699|             3.423656|           0.014353|         3.897708
592  |*i_0_1_548             |            1.771813|             7.603611|           0.047399|         9.422823
593  |*i_0_1_549             |            0.452542|             3.370354|           0.014353|         3.837249
594  |*i_0_1_550             |            1.726376|             7.485233|           0.047399|         9.259008
595  |*i_0_1_551             |            0.431639|             3.214680|           0.014353|         3.660672
596  |*i_0_1_552             |            1.594153|             7.139496|           0.047399|         8.781048
597  |*i_0_1_553             |            1.130919|             2.686265|           0.025066|         3.842251
598  |*i_0_1_554             |            0.464118|             3.398960|           0.014353|         3.877432
599  |*i_0_1_555             |            1.799981|             7.675757|           0.047399|         9.523137
600  |*i_0_1_556             |            0.463553|             3.452359|           0.014353|         3.930265
601  |*i_0_1_557             |            1.796701|             7.667359|           0.047399|         9.511459
602  |*i_0_1_558             |            0.462421|             3.443927|           0.014353|         3.920701
603  |*i_0_1_559             |            1.789359|             7.648631|           0.047399|         9.485389
604  |*i_0_1_560             |            0.459671|             3.423446|           0.014353|         3.897471
605  |*i_0_1_561             |            1.771646|             7.603148|           0.047399|         9.422192
606  |*i_0_1_562             |            0.452499|             3.370036|           0.014353|         3.836889
607  |*i_0_1_563             |            1.726123|             7.484527|           0.047399|         9.258049
608  |*i_0_1_564             |            0.431550|             3.214015|           0.014353|         3.659918
609  |*i_0_1_565             |            1.593641|             7.138018|           0.047399|         8.779058
610  |*i_0_1_566             |            1.130189|             2.684531|           0.025066|         3.839787
611  |*i_0_1_567             |            0.464076|             3.398647|           0.014353|         3.877076
612  |*i_0_1_568             |            1.799735|             7.675051|           0.047399|         9.522184
613  |*i_0_1_569             |            0.463533|             3.452209|           0.014353|         3.930095
614  |*i_0_1_570             |            1.796584|             7.667025|           0.047399|         9.511008
615  |*i_0_1_571             |            0.462407|             3.443822|           0.014353|         3.920583
616  |*i_0_1_572             |            1.789277|             7.648399|           0.047399|         9.485076
617  |*i_0_1_573             |            0.459656|             3.423339|           0.014353|         3.897349
618  |*i_0_1_574             |            1.771560|             7.602908|           0.047399|         9.421867
619  |*i_0_1_575             |            0.452478|             3.369874|           0.014353|         3.836704
620  |*i_0_1_576             |            1.725995|             7.484166|           0.047399|         9.257560
621  |*i_0_1_577             |            0.431505|             3.213679|           0.014353|         3.659537
622  |*i_0_1_578             |            1.593382|             7.137273|           0.047399|         8.778054
623  |*i_0_1_579             |            1.129823|             2.683661|           0.025066|         3.838551
624  |*i_0_1_580             |            0.464058|             3.398520|           0.014353|         3.876931
625  |*i_0_1_581             |            1.799634|             7.674764|           0.047399|         9.521797
626  |*i_0_1_582             |            0.463523|             3.452136|           0.014353|         3.930012
627  |*i_0_1_583             |            1.796527|             7.666863|           0.047399|         9.510790
628  |*i_0_1_584             |            0.462400|             3.443769|           0.014353|         3.920521
629  |*i_0_1_585             |            1.789235|             7.648281|           0.047399|         9.484915
630  |*i_0_1_586             |            0.459649|             3.423284|           0.014353|         3.897286
631  |*i_0_1_587             |            1.771516|             7.602786|           0.047399|         9.421700
632  |*i_0_1_588             |            0.452466|             3.369791|           0.014353|         3.836611
633  |*i_0_1_589             |            1.725930|             7.483983|           0.047399|         9.257312
634  |*i_0_1_590             |            0.431482|             3.213510|           0.014353|         3.659345
635  |*i_0_1_591             |            1.593252|             7.136897|           0.047399|         8.777548
636  |*i_0_1_592             |            1.129640|             2.683226|           0.025066|         3.837931
637  |*i_0_1_593             |            0.464050|             3.398459|           0.014353|         3.876863
638  |*i_0_1_594             |            1.799587|             7.674626|           0.047399|         9.521612
639  |*i_0_1_595             |            0.463518|             3.452099|           0.014353|         3.929970
640  |*i_0_1_596             |            1.796499|             7.666780|           0.047399|         9.510678
641  |*i_0_1_597             |            0.462396|             3.443741|           0.014353|         3.920490
642  |*i_0_1_598             |            1.789213|             7.648219|           0.047399|         9.484831
643  |*i_0_1_599             |            0.459645|             3.423256|           0.014353|         3.897254
644  |*i_0_1_600             |            1.771494|             7.602724|           0.047399|         9.421616
645  |*i_0_1_601             |            0.452461|             3.369750|           0.014353|         3.836564
646  |*i_0_1_602             |            1.725897|             7.483891|           0.047399|         9.257187
647  |*i_0_1_603             |            0.431471|             3.213425|           0.014353|         3.659249
648  |*i_0_1_604             |            1.593187|             7.136709|           0.047399|         8.777295
649  |*i_0_1_605             |            1.129548|             2.683007|           0.025066|         3.837621
650  |*i_0_1_606             |            0.464046|             3.398428|           0.014353|         3.876827
651  |*i_0_1_607             |            1.799562|             7.674556|           0.047399|         9.521517
652  |*i_0_1_608             |            0.463515|             3.452079|           0.014353|         3.929948
653  |*i_0_1_609             |            1.796484|             7.666738|           0.047399|         9.510620
654  |*i_0_1_610             |            0.462394|             3.443727|           0.014353|         3.920474
655  |*i_0_1_611             |            1.789202|             7.648187|           0.047399|         9.484788
656  |*i_0_1_612             |            0.459643|             3.423242|           0.014353|         3.897238
657  |*i_0_1_613             |            1.771482|             7.602691|           0.047399|         9.421571
658  |*i_0_1_614             |            0.452458|             3.369729|           0.014353|         3.836540
659  |*i_0_1_615             |            1.725880|             7.483845|           0.047399|         9.257124
660  |*i_0_1_616             |            0.431465|             3.213382|           0.014353|         3.659201
661  |*i_0_1_617             |            1.593154|             7.136615|           0.047399|         8.777168
662  |*i_0_1_618             |            1.129502|             2.682898|           0.025066|         3.837466
663  |*i_0_1_619             |            0.464043|             3.398412|           0.014353|         3.876808
664  |*i_0_1_620             |            1.799549|             7.674519|           0.047399|         9.521467
665  |*i_0_1_621             |            0.463514|             3.452070|           0.014353|         3.929937
666  |*i_0_1_622             |            1.796475|             7.666715|           0.047399|         9.510589
667  |*i_0_1_623             |            0.462393|             3.443720|           0.014353|         3.920466
668  |*i_0_1_624             |            1.789197|             7.648171|           0.047399|         9.484767
669  |*i_0_1_625             |            0.459642|             3.423234|           0.014353|         3.897230
670  |*i_0_1_626             |            1.771477|             7.602676|           0.047399|         9.421552
671  |*i_0_1_627             |            0.452457|             3.369718|           0.014353|         3.836528
672  |*i_0_1_628             |            1.725872|             7.483822|           0.047399|         9.257093
673  |*i_0_1_629             |            0.431462|             3.213361|           0.014353|         3.659177
674  |*i_0_1_630             |            1.526152|             7.136567|           0.047399|         8.710118
675  |*i_0_1_631             |            0.464087|             3.398731|           0.014353|         3.877171
676  |*i_0_1_632             |            1.799834|             7.675240|           0.047399|         9.522472
677  |*i_0_1_633             |            0.463619|             3.452849|           0.014353|         3.930821
678  |*i_0_1_634             |            1.797157|             7.668447|           0.047399|         9.513003
679  |*i_0_1_635             |            0.462645|             3.445598|           0.014353|         3.922597
680  |*i_0_1_636             |            1.790831|             7.652343|           0.047399|         9.490573
681  |*i_0_1_637             |            0.460272|             3.427923|           0.014353|         3.902548
682  |*i_0_1_638             |            1.775516|             7.613089|           0.047399|         9.436004
683  |*i_0_1_639             |            0.454152|             3.382343|           0.014353|         3.850848
684  |*i_0_1_640             |            1.727717|             7.511860|           0.047399|         9.286976
685  |*i_0_1_641             |            0.849873|             3.280962|           0.022619|         4.153456
686  |*i_0_1_642             |            0.649045|             1.037972|           0.027858|         1.714876
687  |*i_0_1_643             |            1.697177|             1.467657|           0.036164|         3.200998
688  |*i_0_1_644             |            1.218938|             1.255348|           0.034026|         2.508312
689  |*i_0_1_645             |            0.914594|             1.413733|           0.022619|         2.350946
690  |*i_0_1_646             |            0.349598|             0.657341|           0.017393|         1.024333
691  |*i_0_1_647             |            0.930702|             2.802723|           0.027858|         3.761283
692  |*i_0_1_648             |            0.463967|             3.397851|           0.014353|         3.876171
693  |*i_0_1_649             |            1.799051|             7.673253|           0.047399|         9.519703
694  |*i_0_1_650             |            0.463337|             3.450747|           0.014353|         3.928437
695  |*i_0_1_651             |            1.795321|             7.663778|           0.047399|         9.506498
696  |*i_0_1_652             |            0.461967|             3.440543|           0.014353|         3.916863
697  |*i_0_1_653             |            1.786437|             7.641118|           0.047399|         9.474954
698  |*i_0_1_654             |            0.458568|             3.415233|           0.014353|         3.888155
699  |*i_0_1_655             |            1.764603|             7.584906|           0.047399|         9.396907
700  |*i_0_1_656             |            0.449504|             3.347730|           0.014353|         3.811588
701  |*i_0_1_657             |            1.300904|             7.433751|           0.041741|         8.776395
702  |*i_0_1_658             |            1.632265|             0.953547|           0.036164|         2.621976
703  |*i_0_1_659             |            1.210170|             1.250249|           0.034026|         2.494446
704  |*i_0_1_660             |            1.633066|             1.020718|           0.036164|         2.689948
705  |*i_0_1_661             |            1.150102|             1.250245|           0.034026|         2.434373
706  |*i_0_1_662             |            0.464911|             3.404768|           0.014353|         3.884032
707  |*i_0_1_663             |            1.805223|             7.688872|           0.047399|         9.541495
708  |*i_0_1_664             |            0.465525|             3.467045|           0.014353|         3.946923
709  |*i_0_1_665             |            1.809631|             7.699974|           0.047399|         9.557004
710  |*i_0_1_666             |            0.467022|             3.478196|           0.014353|         3.959571
711  |*i_0_1_667             |            1.808439|             7.724739|           0.047399|         9.580577
712  |*i_0_1_668             |            1.174943|             3.508924|           0.036164|         4.720030
713  |*i_0_1_669             |            0.715225|             0.835731|           0.032612|         1.583568
714  |*i_0_1_670             |            1.140134|             1.478622|           0.034026|         2.652782
715  |*i_0_1_671             |            1.207262|             1.514804|           0.034026|         2.756093
716  |*i_0_1_672             |            0.466167|             3.413961|           0.014353|         3.894481
717  |*i_0_1_673             |            1.813478|             7.709633|           0.047399|         9.570510
718  |*i_0_1_674             |            0.468282|             3.487579|           0.014353|         3.970214
719  |*i_0_1_675             |            1.816818|             7.745578|           0.047399|         9.609795
720  |*i_0_1_676             |            1.624415|             3.527498|           0.036441|         5.188354
721  |*i_0_1_677             |            0.713977|             0.883241|           0.032612|         1.629830
722  |*i_0_1_678             |            1.127183|             1.477332|           0.034026|         2.638541
723  |*i_0_1_679             |            1.204109|             1.513482|           0.034026|         2.751617
724  |*i_0_1_680             |            0.463463|             3.394158|           0.014353|         3.871974
725  |*i_0_1_681             |            1.795767|             7.664912|           0.047399|         9.508078
726  |*i_0_1_682             |            0.462133|             3.441781|           0.014353|         3.918267
727  |*i_0_1_683             |            1.335103|             7.642595|           0.041741|         9.019439
728  |*i_0_1_684             |            1.595511|             0.954265|           0.036164|         2.585939
729  |*i_0_1_685             |            1.203585|             1.247532|           0.034026|         2.485143
730  |*i_0_1_686             |            1.596245|             1.021487|           0.036164|         2.653895
731  |*i_0_1_687             |            1.119903|             1.247530|           0.034026|         2.401459
732  |*i_0_1_688             |            1.194337|             3.478391|           0.036164|         4.708892
733  |*i_0_1_689             |            0.713522|             0.833512|           0.032612|         1.579646
734  |*i_0_1_690             |            1.128123|             1.477415|           0.034026|         2.639564
735  |*i_0_1_691             |            1.204335|             1.513566|           0.034026|         2.751927
736  |*i_0_1_692             |            0.463315|            20.336449|           0.014353|        20.814117
737  |*i_0_1_693             |            1.421788|             7.674480|           0.047399|         9.143667
738  |*i_0_1_694             |            1.589404|             0.995174|           0.036164|         2.620742
739  |*i_0_1_695             |            0.903596|             1.240556|           0.027858|         2.172010
740  |*i_0_1_696             |            1.019109|             1.357063|           0.027858|         2.404031
741  |*i_0_1_697             |            0.668800|            13.244297|           0.021200|        13.934297
742  |*i_0_1_698             |            0.495616|            12.883241|           0.021200|        13.400057
743  |*i_0_1_699             |            1.589415|             0.977019|           0.036164|         2.602598
744  |*i_0_1_700             |            0.517691|            13.004416|           0.021200|        13.543307
745  |*i_0_1_701             |            0.896396|             1.240524|           0.027858|         2.164778
746  |*i_0_1_702             |            0.887827|             1.357106|           0.027858|         2.272791
747  |*i_0_1_703             |            0.466408|             3.628844|           0.014353|         4.109605
748  |*i_0_1_704             |            1.348614|             8.818073|           0.041741|        10.208428
749  |*i_0_1_705             |            1.595388|             0.954769|           0.036164|         2.586320
750  |*i_0_1_706             |            0.899483|             1.236527|           0.027858|         2.163868
751  |*i_0_1_707             |            1.023254|             1.363020|           0.027858|         2.414132
752  |*i_0_1_708             |            0.942595|             1.457081|           0.025066|         2.424742
753  |*i_0_1_709             |            0.668931|            13.107557|           0.021200|        13.797688
754  |*i_0_1_710             |            0.500279|            12.547725|           0.021200|        13.069204
755  |*i_0_1_711             |            1.595656|             1.022026|           0.036164|         2.653846
756  |*i_0_1_712             |            0.519897|            12.721632|           0.021200|        13.262729
757  |*i_0_1_713             |            0.892782|             1.236488|           0.027858|         2.157128
758  |*i_0_1_714             |            0.890414|             1.363060|           0.027858|         2.281332
759  |*i_0_1_715             |            0.460206|             5.712810|           0.014353|         6.187369
760  |*i_0_1_716             |            1.420969|             7.648154|           0.047399|         9.116522
761  |*i_0_1_717             |            1.594067|             0.995174|           0.036164|         2.625405
762  |*i_0_1_718             |            0.894520|             1.237570|           0.027858|         2.159948
763  |*i_0_1_719             |            0.891443|             1.364334|           0.027858|         2.283636
764  |*i_0_1_720             |            0.668800|            13.244297|           0.021200|        13.934297
765  |*i_0_1_721             |            0.517743|            12.997713|           0.021200|        13.536656
766  |*i_0_1_722             |            1.593964|             0.977019|           0.036164|         2.607148
767  |*i_0_1_723             |            0.495523|            12.889943|           0.021200|        13.406666
768  |*i_0_1_724             |            0.901652|             1.237607|           0.027858|         2.167117
769  |*i_0_1_725             |            1.023909|             1.364295|           0.027858|         2.416062
770  |*i_0_1_726             |            0.458389|             4.688704|           0.014353|         5.161446
771  |*i_0_1_727             |            1.419926|             7.602660|           0.047399|         9.069985
772  |*i_0_1_728             |            1.588305|             0.995174|           0.036164|         2.619643
773  |*i_0_1_729             |            0.908109|             1.241183|           0.027858|         2.177150
774  |*i_0_1_730             |            1.023654|             1.365349|           0.027858|         2.416861
775  |*i_0_1_731             |            0.668800|            13.244297|           0.021200|        13.934297
776  |*i_0_1_732             |            0.494755|            12.883241|           0.021200|        13.399196
777  |*i_0_1_733             |            1.588317|             0.977019|           0.036164|         2.601500
778  |*i_0_1_734             |            0.517691|            13.004416|           0.021200|        13.543307
779  |*i_0_1_735             |            0.900171|             1.241153|           0.027858|         2.169183
780  |*i_0_1_736             |            0.892676|             1.365388|           0.027858|         2.285923
781  |*i_0_1_737             |            0.455281|             3.542275|           0.014353|         4.011910
782  |*i_0_1_738             |            1.317794|             8.607713|           0.041741|         9.967248
783  |*i_0_1_739             |            1.590816|             0.954769|           0.036164|         2.581748
784  |*i_0_1_740             |            0.911566|             1.239629|           0.027858|         2.179054
785  |*i_0_1_741             |            1.029970|             1.377365|           0.027858|         2.435193
786  |*i_0_1_742             |            0.831825|             1.284546|           0.025066|         2.141437
787  |*i_0_1_743             |            0.668931|            13.107557|           0.021200|        13.797688
788  |*i_0_1_744             |            1.131827|            12.547725|           0.025066|        13.704618
789  |*i_0_1_745             |            1.591061|             1.022026|           0.036164|         2.649251
790  |*i_0_1_746             |            0.517876|            12.721632|           0.021200|        13.260708
791  |*i_0_1_747             |            0.903366|             1.239597|           0.027858|         2.170821
792  |*i_0_1_748             |            0.898216|             1.377395|           0.027858|         2.303469
793  |*i_0_1_749             |            0.429420|             5.330643|           0.014353|         5.774415
794  |*i_0_1_750             |            1.246387|             7.135333|           0.041741|         8.423461
795  |*i_0_1_751             |            1.557494|             0.954769|           0.036164|         2.548426
796  |*i_0_1_752             |            0.871299|             1.246710|           0.022619|         2.140628
797  |*i_0_1_753             |            0.737613|             0.964278|           0.022619|         1.724510
798  |*i_0_1_754             |            0.653195|             1.168966|           0.025066|         1.847227
799  |*i_0_1_755             |            0.686976|            13.165692|           0.021200|        13.873868
800  |*i_0_1_756             |            0.494385|            12.874541|           0.021200|        13.390126
801  |*i_0_1_757             |            1.573587|             1.022026|           0.036164|         2.631777
802  |*i_0_1_758             |            0.355438|            11.944201|           0.014353|        12.313992
803  |*i_0_1_759             |            0.592133|             6.968476|           0.017393|         7.578002
804  |*i_0_1_760             |            0.921204|             1.246698|           0.027858|         2.195761
805  |*i_0_1_761             |            0.301167|             0.643531|           0.017393|         0.962091
806  |*i_0_1_762             |            0.521784|             4.799622|           0.021200|         5.342605
807  |*i_0_1_763             |            0.638038|             2.593093|           0.021200|         3.252331
808  |*i_0_1_764             |            1.139010|             3.617336|           0.025066|         4.781412
809  |*i_0_1_765             |            1.576566|             7.041344|           0.036441|         8.654350
810  |*i_0_1_766             |            1.575489|             7.041343|           0.036441|         8.653273
811  |*i_0_1_767             |            0.820970|            21.324690|           0.027858|        22.173517
812  |*i_0_1_768             |            0.772562|            21.472778|           0.027858|        22.273197
813  |*i_0_1_769             |            0.704949|            21.598389|           0.027858|        22.331194
814  |*i_0_1_770             |            0.646661|            21.644585|           0.027858|        22.319103
815  |*i_0_1_771             |            0.605031|            21.658215|           0.027858|        22.291103
816  |*i_0_1_772             |            0.579369|            21.661898|           0.027858|        22.269127
817  |*i_0_1_773             |            0.564977|            21.662853|           0.027858|        22.255690
818  |*i_0_1_774             |            0.557334|            21.663095|           0.027858|        22.248287
819  |*i_0_1_775             |            0.553392|            21.663157|           0.027858|        22.244406
820  |*i_0_1_776             |            0.551390|            21.663172|           0.027858|        22.242420
821  |*i_0_1_777             |            0.550380|            21.663176|           0.027858|        22.241413
822  |*i_0_1_778             |            0.549874|            21.663177|           0.027858|        22.240910
823  |*i_0_1_779             |            0.549627|            21.663177|           0.027858|        22.240664
824  |*i_0_1_780             |            0.473544|           108.083076|           0.014353|       108.570976
825  |*i_0_1_781             |            0.805838|            24.135042|           0.017393|        24.958275
826  |*i_0_1_782             |            1.264700|             2.701512|           0.022619|         3.988832
827  |*i_0_1_783             |            0.806527|            14.186066|           0.036164|        15.028757
828  |*i_0_1_784             |            0.000074|             0.000311|           0.017393|         0.017779
829  |*i_0_1_785             |            0.000225|             0.000672|           0.021200|         0.022097
830  |*i_0_1_786             |            0.000232|             0.002122|           0.014353|         0.016708
831  |*i_0_1_787             |            0.000349|             0.004518|           0.021200|         0.026066
832  |*i_0_1_788             |            0.000464|             0.002843|           0.014353|         0.017660
833  |*i_0_1_789             |            0.000698|             0.009035|           0.021200|         0.030932
834  |*i_0_1_790             |            0.000928|             0.005684|           0.014353|         0.020965
835  |*i_0_1_791             |            0.001395|             0.018065|           0.021200|         0.040660
836  |*i_0_1_792             |            0.001855|             0.011362|           0.014353|         0.027570
837  |*i_0_1_793             |            0.002791|             0.036112|           0.021200|         0.060103
838  |*i_0_1_794             |            0.003707|             0.022702|           0.014353|         0.040762
839  |*i_0_1_795             |            0.005583|             0.072154|           0.021200|         0.098937
840  |*i_0_1_796             |            0.007400|             0.045314|           0.014353|         0.067067
841  |*i_0_1_797             |            0.011170|             0.144026|           0.021200|         0.176396
842  |*i_0_1_798             |            0.014741|             0.090273|           0.014353|         0.119368
843  |*i_0_1_799             |            0.022351|             0.286922|           0.021200|         0.330472
844  |*i_0_1_800             |            0.029250|             0.179125|           0.014353|         0.222728
845  |*i_0_1_801             |            0.044699|             0.569325|           0.021200|         0.635223
846  |*i_0_1_802             |            0.057572|             0.352564|           0.014353|         0.424489
847  |*i_0_1_803             |            0.089101|             1.120577|           0.021200|         1.230877
848  |*i_0_1_804             |            0.111429|             0.682382|           0.014353|         0.808164
849  |*i_0_1_805             |            0.175493|             2.168858|           0.021200|         2.365550
850  |*i_0_1_806             |            0.208000|             1.273779|           0.014353|         1.496133
851  |*i_0_1_807             |            0.333744|             4.048535|           0.021200|         4.403478
852  |*i_0_1_808             |            0.356572|             2.183621|           0.014353|         2.554547
853  |*i_0_1_809             |            0.609185|             6.940345|           0.021200|         7.570730
854  |*i_0_1_810             |            0.460686|             2.790683|           0.014353|         3.265722
855  |*i_0_1_811             |            0.460621|             2.838590|           0.014353|         3.313564
856  |*i_0_1_812             |            0.465290|             2.818573|           0.014353|         3.298216
857  |*i_0_1_813             |            0.465235|             2.867024|           0.014353|         3.346613
858  |*i_0_1_814             |            0.461547|             2.795899|           0.014353|         3.271799
859  |*i_0_1_815             |            0.461484|             2.843909|           0.014353|         3.319746
860  |*i_0_1_816             |            0.447873|             2.713064|           0.014353|         3.175290
861  |*i_0_1_817             |            0.447788|             2.759507|           0.014353|         3.221648
862  |*i_0_1_818             |            0.430689|             2.608971|           0.014353|         3.054013
863  |*i_0_1_819             |            0.430587|             2.653507|           0.014353|         3.098448
864  |*i_0_1_820             |            0.356607|             2.161530|           0.014353|         2.532491
865  |*i_0_1_821             |            0.575809|            20.177122|           0.014353|        20.767286
866  |*i_0_1_822             |            0.851138|             4.266377|           0.014353|         5.131868
867  |*i_0_1_823             |            0.884015|             3.698804|           0.014353|         4.597173
868  |*i_0_1_824             |            0.930465|             2.896931|           0.014353|         3.841750
869  |*i_0_1_825             |            0.930465|             2.896931|           0.014353|         3.841750
870  |*i_0_1_826             |            0.930465|             2.896931|           0.014353|         3.841750
871  |*i_0_1_827             |            0.930465|             2.896931|           0.014353|         3.841750
872  |*i_0_1_828             |            0.930465|             2.896931|           0.014353|         3.841750
873  |*i_0_1_829             |            0.930465|             2.896931|           0.014353|         3.841750
874  |*i_0_1_830             |            0.930465|             2.896931|           0.014353|         3.841750
875  |*i_0_1_831             |            0.930465|             2.896931|           0.014353|         3.841750
876  |*i_0_1_832             |            0.930465|             2.896931|           0.014353|         3.841750
877  |*i_0_1_833             |            0.930465|             2.896931|           0.014353|         3.841750
878  |*i_0_1_834             |            0.930465|             2.896931|           0.014353|         3.841750
879  |*i_0_1_835             |            0.880531|             3.758945|           0.014353|         4.653830
880  |*i_0_2_0               |            0.008438|             0.011089|           0.021200|         0.040727
881  |*i_0_2_1               |            0.014279|             0.011698|           0.027858|         0.053835
882  |*i_0_2_2               |            0.560214|            11.355150|           0.021200|        11.936564
883  |*i_0_2_3               |            0.009014|             0.007085|           0.022695|         0.038793
884  |*i_0_2_4               |            1.035463|             1.201321|           0.022695|         2.259479
885  |*i_0_2_5               |            0.843291|             4.401838|           0.014353|         5.259482
886  |*i_0_2_6               |            0.007924|             0.045603|           0.014353|         0.067881
887  |                       |                    |                     |                   |                 
888  |*TOTAL                 |         2227.142090|          5187.054199|          56.049355|      7470.245605
-----+-----------------------+--------------------+---------------------+-------------------+-----------------
