Report for group default
------------------------------------------------------------------------------------------------------------------------------------------------------------
Startpoint: divide_by_zero_error_reg/Q
    (Clocked by sysclk R)
Endpoint: divide_by_zero_error_reg/D
    (Clocked by sysclk R)
Path Group: default
Data required time: 59959.9
    (Clock shift: 60000.0, minus Uncertainty: 0.0, plus Latency 0.0, minus Setup time: 40.1)
Data arrival time: 135.5
Slack: 59824.4
Logic depth: 1
------------------------------------------------------------------------------------------------------------------------------------------------------------
                                                     Arrival               Arc      Net               Net    Total   fan-                                   
Path                     Module/Cell           Edge     Time    Delay    Delay    Delay     Slew     Load     Load    out     Location Power Domain      (V)
                                                        (ps)     (ps)     (ps)     (ps)     (ps)     (ff)     (ff)    (#)      (um,um)                      
------------------------------------------------------------------------------------------------------------------------------------------------------------
clk                      {create_clock}           r      0.0      0.0      0.0                        0.0      0.0      2     0,   79                       
divide_by_zero_error_reg/CK->Q
                         DFFR_X1                 rf     91.3     91.3     91.3      0.0      0.0      1.4      5.8      2    70,   70  /PD_TOP        (1.10)
divide_by_zero_error_reg_enable_mux_0/A2->ZN
                         OR2_X4                  ff    135.5     44.2     44.2      0.0     10.7      0.7      1.9      1    70,   70  /PD_TOP        (1.10)
divide_by_zero_error_reg/D
                         DFFR_X1                  f    135.5      0.0               0.0      7.6                             70,   70  /PD_TOP        (1.10)
------------------------------------------------------------------------------------------------------------------------------------------------------------
Report for group I2R
------------------------------------------------------------------------------------------------------------------------------------------------------------
Startpoint: in_b[1]
    (Clocked by rtDefaultClock R)
Endpoint: zero_flag_reg/D
    (Clocked by sysclk R)
Path Group: I2R
Data required time: 59967.2
    (Clock shift: 60000.0, minus Uncertainty: 0.0, plus Latency 0.0, minus Setup time: 32.8)
Data arrival time: 39748.1
Slack: 20219.1
Logic depth: 588
------------------------------------------------------------------------------------------------------------------------------------------------------------
                                                     Arrival               Arc      Net               Net    Total   fan-                                   
Path                     Module/Cell           Edge     Time    Delay    Delay    Delay     Slew     Load     Load    out     Location Power Domain      (V)
                                                        (ps)     (ps)     (ps)     (ps)     (ps)     (ff)     (ff)    (#)      (um,um)                      
------------------------------------------------------------------------------------------------------------------------------------------------------------
in_b[1]                  {set_input_delay}        f    700.0    700.0    700.0                       12.0     29.3      5     0,   71                       
i_0_1/i_42/A2->ZN        OR3_X4                  ff    806.2    104.7    104.7      0.0    100.0      1.9      9.6      3    70,   70  /PD_TOP        (1.10)
i_0_1/i_41/A1->ZN        OR2_X4                  ff    850.1     43.9     43.9      0.0     13.4      1.2      6.8      2    70,   70  /PD_TOP        (1.10)
i_0_1/i_40/A1->ZN        OR2_X4                  ff    894.8     44.7     44.7      0.0      9.0      2.0     11.6      3    70,   70  /PD_TOP        (1.10)
i_0_1/i_39/A1->ZN        OR3_X4                  ff    956.0     61.2     61.2      0.0     10.3      1.9      9.6      3    70,   70  /PD_TOP        (1.10)
i_0_1/i_38/A1->ZN        OR2_X4                  ff   1002.6     46.6     46.6      0.0     13.4      2.0     11.6      3    70,   70  /PD_TOP        (1.10)
i_0_1/i_37/A1->ZN        OR3_X4                  ff   1065.2     62.6     62.6      0.0     10.3      1.9     11.7      3    70,   70  /PD_TOP        (1.10)
i_0_1/i_36/A1->ZN        NOR2_X4                 fr   1096.1     30.9     30.9      0.0     14.0      1.2      8.7      2    70,   70  /PD_TOP        (1.10)
i_0_1/i_35/A1->ZN        NAND2_X4                rf   1113.2     17.1     17.1      0.0     20.5      1.2      6.8      2    70,   70  /PD_TOP        (1.10)
i_0_1/i_34/A1->ZN        OR2_X4                  ff   1158.7     45.5     45.5      0.0      8.0      1.9     13.7      3    70,   70  /PD_TOP        (1.10)
i_0_1/i_32/A1->ZN        NOR3_X4                 fr   1202.5     43.8     43.8      0.0     10.8      1.3      8.8      2    70,   70  /PD_TOP        (1.10)
i_0_1/i_31/A1->ZN        NAND2_X4                rf   1222.0     19.5     19.5      0.0     35.7      1.2      6.8      2    70,   70  /PD_TOP        (1.10)
i_0_1/i_30/A1->ZN        OR2_X4                  ff   1267.5     45.5     45.5      0.0      8.0      1.9     13.7      3    70,   70  /PD_TOP        (1.10)
i_0_1/i_28/A1->ZN        NOR3_X4                 fr   1311.3     43.8     43.8      0.0     10.8      1.3      8.8      2    70,   70  /PD_TOP        (1.10)
i_0_1/i_27/A1->ZN        NAND2_X4                rf   1336.5     25.2     25.2      0.0     35.7      1.9     13.7      3    70,   70  /PD_TOP        (1.10)
i_0_1/i_25/A1->ZN        NOR3_X4                 fr   1371.4     34.9     34.9      0.0     10.7      0.7      4.4      1    70,   70  /PD_TOP        (1.10)
i_0_1/i_24/B->ZN         XNOR2_X2                rf   1396.3     24.9     24.9      0.0     27.7      0.7      4.7      1    70,   70  /PD_TOP        (1.10)
i_0_0_1278/B1->ZN        OAI21_X4*               fr   1492.5     97.7     96.2      1.5     11.6     36.3    204.3     45    70,   70  /PD_TOP        (1.10)
i_0_0_1005/A4->ZN        NAND4_X4                rf   1526.5     34.0     32.7      1.3     15.3      0.8      4.7      1    70,   70  /PD_TOP        (1.10)
i_0_0_1003/A2->ZN        NOR3_X4                 fr   1576.5     50.0     50.0      0.0     15.8      0.8      4.7      1    70,   70  /PD_TOP        (1.10)
i_0_0_1002/A4->ZN        NAND4_X4                rf   1610.8     34.3     34.3      0.0     28.2      0.8      4.7      1    70,   70  /PD_TOP        (1.10)
i_0_0_1001/A3->ZN        NOR3_X4                 fr   1708.2     97.4     97.4      0.0     15.8      0.6     26.1      1    70,   70  /PD_TOP        (1.10)
i_0_0_1000/A->ZN         INV_X8                  rf   1716.2      8.0      8.0      0.0     66.5      1.4      9.1      2    70,   70  /PD_TOP        (1.10)
i_0_0_999/A->ZN          AOI21_X4*               fr   1798.9     82.7     82.7      0.0      4.0     13.6     63.2     22    70,   70  /PD_TOP        (1.10)
i_0_0_978/A2->ZN         AND2_X4                 rr   1829.6     30.7     30.3      0.4     15.3      0.7      3.8      1    70,   70  /PD_TOP        (1.10)
i_0_11/i_1/A->CO         HA_X1                   rr   1865.5     35.9     35.9      0.0      7.6      0.7      4.2      1    70,   70  /PD_TOP        (1.10)
i_0_11/i_2/B->CO         HA_X1                   rr   1904.6     39.1     39.1      0.0     13.5      0.7      4.2      1    70,   70  /PD_TOP        (1.10)
i_0_11/i_3/B->CO         HA_X1                   rr   1943.7     39.1     39.1      0.0     13.5      0.7      4.2      1    70,   70  /PD_TOP        (1.10)
i_0_11/i_4/B->CO         HA_X1                   rr   1982.8     39.1     39.1      0.0     13.5      0.7      4.2      1    70,   70  /PD_TOP        (1.10)
i_0_11/i_5/B->CO         HA_X1                   rr   2021.9     39.1     39.1      0.0     13.5      0.7      4.2      1    70,   70  /PD_TOP        (1.10)
i_0_11/i_6/B->CO         HA_X1                   rr   2061.0     39.1     39.1      0.0     13.5      0.7      4.2      1    70,   70  /PD_TOP        (1.10)
i_0_11/i_7/B->CO         HA_X1                   rr   2100.1     39.1     39.1      0.0     13.5      0.7      4.2      1    70,   70  /PD_TOP        (1.10)
i_0_11/i_8/B->CO         HA_X1                   rr   2139.2     39.1     39.1      0.0     13.5      0.7      4.2      1    70,   70  /PD_TOP        (1.10)
i_0_11/i_9/B->CO         HA_X1                   rr   2178.3     39.1     39.1      0.0     13.5      0.7      4.2      1    70,   70  /PD_TOP        (1.10)
i_0_11/i_10/B->CO        HA_X1                   rr   2217.4     39.1     39.1      0.0     13.5      0.7      4.2      1    70,   70  /PD_TOP        (1.10)
i_0_11/i_11/B->CO        HA_X1                   rr   2256.5     39.1     39.1      0.0     13.5      0.7      4.2      1    70,   70  /PD_TOP        (1.10)
i_0_11/i_12/B->CO        HA_X1                   rr   2295.6     39.1     39.1      0.0     13.5      0.7      4.2      1    70,   70  /PD_TOP        (1.10)
i_0_11/i_13/B->CO        HA_X1                   rr   2334.7     39.1     39.1      0.0     13.5      0.7      4.2      1    70,   70  /PD_TOP        (1.10)
i_0_11/i_14/B->CO        HA_X1                   rr   2373.8     39.1     39.1      0.0     13.5      0.7      4.2      1    70,   70  /PD_TOP        (1.10)
i_0_11/i_15/B->CO        HA_X1                   rr   2412.9     39.1     39.1      0.0     13.5      0.7      4.2      1    70,   70  /PD_TOP        (1.10)
i_0_11/i_16/B->CO        HA_X1                   rr   2452.0     39.1     39.1      0.0     13.5      0.7      4.2      1    70,   70  /PD_TOP        (1.10)
i_0_11/i_17/B->CO        HA_X1                   rr   2491.1     39.1     39.1      0.0     13.5      0.7      4.2      1    70,   70  /PD_TOP        (1.10)
i_0_11/i_18/B->CO        HA_X1                   rr   2530.2     39.1     39.1      0.0     13.5      0.7      4.2      1    70,   70  /PD_TOP        (1.10)
i_0_11/i_19/B->CO        HA_X1                   rr   2569.3     39.1     39.1      0.0     13.5      0.7      4.2      1    70,   70  /PD_TOP        (1.10)
i_0_11/i_20/B->S         HA_X1                   rf   2607.9     38.6     38.6      0.0     13.5      2.5     12.4      3    70,   70  /PD_TOP        (1.10)
i_0_0_946/A1->ZN         AOI22_X4                fr   2647.1     39.2     39.2      0.0     26.1      0.7      4.7      1    70,   70  /PD_TOP        (1.10)
i_0_0_945/A2->ZN         NAND2_X4                rf   2663.1     16.0     16.0      0.0     25.3      0.8      3.4      1    70,   70  /PD_TOP        (1.10)
i_0_0_944/A->ZN          OAI221_X2               fr   2686.9     23.8     23.8      0.0      6.6      0.8      4.7      1    70,   70  /PD_TOP        (1.10)
i_0_0_943/A2->ZN         NAND2_X4*               rf   2737.9     51.0     51.0      0.0     41.8     14.1     61.5     23    70,   70  /PD_TOP        (1.10)
i_0_0_921/A1->ZN         AND2_X4                 ff   2767.5     29.6     29.2      0.4     15.3      0.7      3.8      1    70,   70  /PD_TOP        (1.10)
i_0_14/i_0/A->CO         HA_X1                   ff   2797.2     29.7     29.7      0.0      5.5      0.8      3.5      1    70,   70  /PD_TOP        (1.10)
i_0_14/i_1/CI->CO        FA_X1                   ff   2868.4     71.2     71.2      0.0      7.9      0.8      3.6      1    70,   70  /PD_TOP        (1.10)
i_0_14/i_2/CI->CO        FA_X1                   ff   2942.6     74.2     74.2      0.0     15.9      0.8      3.6      1    70,   70  /PD_TOP        (1.10)
i_0_14/i_3/CI->CO        FA_X1                   ff   3016.8     74.2     74.2      0.0     15.9      0.8      3.6      1    70,   70  /PD_TOP        (1.10)
i_0_14/i_4/CI->CO        FA_X1                   ff   3091.0     74.2     74.2      0.0     15.9      0.8      3.6      1    70,   70  /PD_TOP        (1.10)
i_0_14/i_5/CI->CO        FA_X1                   ff   3165.2     74.2     74.2      0.0     15.9      0.8      3.6      1    70,   70  /PD_TOP        (1.10)
i_0_14/i_6/CI->CO        FA_X1                   ff   3239.4     74.2     74.2      0.0     15.9      0.8      3.6      1    70,   70  /PD_TOP        (1.10)
i_0_14/i_7/CI->CO        FA_X1                   ff   3313.6     74.2     74.2      0.0     15.9      0.8      3.6      1    70,   70  /PD_TOP        (1.10)
i_0_14/i_8/CI->CO        FA_X1                   ff   3387.8     74.2     74.2      0.0     15.9      0.8      3.6      1    70,   70  /PD_TOP        (1.10)
i_0_14/i_9/CI->CO        FA_X1                   ff   3462.0     74.2     74.2      0.0     15.9      0.8      3.6      1    70,   70  /PD_TOP        (1.10)
i_0_14/i_10/CI->CO       FA_X1                   ff   3536.2     74.2     74.2      0.0     15.9      0.8      3.6      1    70,   70  /PD_TOP        (1.10)
i_0_14/i_11/CI->CO       FA_X1                   ff   3610.4     74.2     74.2      0.0     15.9      0.8      3.6      1    70,   70  /PD_TOP        (1.10)
i_0_14/i_12/CI->CO       FA_X1                   ff   3684.6     74.2     74.2      0.0     15.9      0.8      3.6      1    70,   70  /PD_TOP        (1.10)
i_0_14/i_13/CI->CO       FA_X1                   ff   3758.8     74.2     74.2      0.0     15.9      0.8      3.6      1    70,   70  /PD_TOP        (1.10)
i_0_14/i_14/CI->CO       FA_X1                   ff   3833.0     74.2     74.2      0.0     15.9      0.8      3.6      1    70,   70  /PD_TOP        (1.10)
i_0_14/i_15/CI->CO       FA_X1                   ff   3907.2     74.2     74.2      0.0     15.9      0.8      3.6      1    70,   70  /PD_TOP        (1.10)
i_0_14/i_16/CI->CO       FA_X1                   ff   3981.4     74.2     74.2      0.0     15.9      0.8      3.6      1    70,   70  /PD_TOP        (1.10)
i_0_14/i_17/CI->CO       FA_X1                   ff   4055.6     74.2     74.2      0.0     15.9      0.8      3.6      1    70,   70  /PD_TOP        (1.10)
i_0_14/i_18/CI->CO       FA_X1                   ff   4129.8     74.2     74.2      0.0     15.9      0.8      3.6      1    70,   70  /PD_TOP        (1.10)
i_0_14/i_19/CI->CO       FA_X1                   ff   4204.0     74.2     74.2      0.0     15.9      0.8      3.6      1    70,   70  /PD_TOP        (1.10)
i_0_14/i_20/CI->CO       FA_X1                   ff   4278.2     74.2     74.2      0.0     15.9      0.8      3.6      1    70,   70  /PD_TOP        (1.10)
i_0_14/i_21/CI->S        FA_X1                   ff   4384.3    106.1    106.1      0.0     15.9      1.5      9.4      2    70,   70  /PD_TOP        (1.10)
i_0_0_889/B2->ZN         OAI22_X4                fr   4433.9     49.6     49.6      0.0     23.2      0.8      4.8      1    70,   70  /PD_TOP        (1.10)
i_0_0_888/B2->ZN         OAI21_X4*               rf   4486.8     52.9     52.9      0.0     30.8     14.3     61.7     23    70,   70  /PD_TOP        (1.10)
i_0_0_866/A1->ZN         AND2_X4                 ff   4516.4     29.6     29.2      0.4     15.3      0.7      3.8      1    70,   70  /PD_TOP        (1.10)
i_0_17/i_0/A->CO         HA_X1                   ff   4546.1     29.7     29.7      0.0      5.5      0.8      3.5      1    70,   70  /PD_TOP        (1.10)
i_0_17/i_1/CI->CO        FA_X1                   ff   4617.3     71.2     71.2      0.0      7.9      0.8      3.6      1    70,   70  /PD_TOP        (1.10)
i_0_17/i_2/CI->CO        FA_X1                   ff   4691.5     74.2     74.2      0.0     15.9      0.8      3.6      1    70,   70  /PD_TOP        (1.10)
i_0_17/i_3/CI->CO        FA_X1                   ff   4765.7     74.2     74.2      0.0     15.9      0.8      3.6      1    70,   70  /PD_TOP        (1.10)
i_0_17/i_4/CI->CO        FA_X1                   ff   4839.9     74.2     74.2      0.0     15.9      0.8      3.6      1    70,   70  /PD_TOP        (1.10)
i_0_17/i_5/CI->CO        FA_X1                   ff   4914.1     74.2     74.2      0.0     15.9      0.8      3.6      1    70,   70  /PD_TOP        (1.10)
i_0_17/i_6/CI->CO        FA_X1                   ff   4988.3     74.2     74.2      0.0     15.9      0.8      3.6      1    70,   70  /PD_TOP        (1.10)
i_0_17/i_7/CI->CO        FA_X1                   ff   5062.5     74.2     74.2      0.0     15.9      0.8      3.6      1    70,   70  /PD_TOP        (1.10)
i_0_17/i_8/CI->CO        FA_X1                   ff   5136.7     74.2     74.2      0.0     15.9      0.8      3.6      1    70,   70  /PD_TOP        (1.10)
i_0_17/i_9/CI->CO        FA_X1                   ff   5210.9     74.2     74.2      0.0     15.9      0.8      3.6      1    70,   70  /PD_TOP        (1.10)
i_0_17/i_10/CI->CO       FA_X1                   ff   5285.1     74.2     74.2      0.0     15.9      0.8      3.6      1    70,   70  /PD_TOP        (1.10)
i_0_17/i_11/CI->CO       FA_X1                   ff   5359.3     74.2     74.2      0.0     15.9      0.8      3.6      1    70,   70  /PD_TOP        (1.10)
i_0_17/i_12/CI->CO       FA_X1                   ff   5433.5     74.2     74.2      0.0     15.9      0.8      3.6      1    70,   70  /PD_TOP        (1.10)
i_0_17/i_13/CI->CO       FA_X1                   ff   5507.7     74.2     74.2      0.0     15.9      0.8      3.6      1    70,   70  /PD_TOP        (1.10)
i_0_17/i_14/CI->CO       FA_X1                   ff   5581.9     74.2     74.2      0.0     15.9      0.8      3.6      1    70,   70  /PD_TOP        (1.10)
i_0_17/i_15/CI->CO       FA_X1                   ff   5656.1     74.2     74.2      0.0     15.9      0.8      3.6      1    70,   70  /PD_TOP        (1.10)
i_0_17/i_16/CI->CO       FA_X1                   ff   5730.3     74.2     74.2      0.0     15.9      0.8      3.6      1    70,   70  /PD_TOP        (1.10)
i_0_17/i_17/CI->CO       FA_X1                   ff   5804.5     74.2     74.2      0.0     15.9      0.8      3.6      1    70,   70  /PD_TOP        (1.10)
i_0_17/i_18/CI->CO       FA_X1                   ff   5878.7     74.2     74.2      0.0     15.9      0.8      3.6      1    70,   70  /PD_TOP        (1.10)
i_0_17/i_19/CI->CO       FA_X1                   ff   5952.9     74.2     74.2      0.0     15.9      0.8      3.6      1    70,   70  /PD_TOP        (1.10)
i_0_17/i_20/CI->CO       FA_X1                   ff   6027.1     74.2     74.2      0.0     15.9      0.8      3.6      1    70,   70  /PD_TOP        (1.10)
i_0_17/i_21/CI->S        FA_X1                   ff   6129.9    102.8    102.8      0.0     15.9      1.6      7.7      2    70,   70  /PD_TOP        (1.10)
i_0_0_835/C1->ZN         OAI221_X2               fr   6171.4     41.5     41.5      0.0     21.5      0.8      4.7      1    70,   70  /PD_TOP        (1.10)
i_0_0_834/A2->ZN         NAND2_X4*               rf   6222.5     51.1     51.1      0.0     41.8     14.1     61.6     23    70,   70  /PD_TOP        (1.10)
i_0_0_812/A1->ZN         AND2_X4                 ff   6252.1     29.6     29.2      0.4     15.3      0.7      3.8      1    70,   70  /PD_TOP        (1.10)
i_0_20/i_0/A->CO         HA_X1                   ff   6281.8     29.7     29.7      0.0      5.5      0.8      3.5      1    70,   70  /PD_TOP        (1.10)
i_0_20/i_1/CI->CO        FA_X1                   ff   6353.0     71.2     71.2      0.0      7.9      0.8      3.6      1    70,   70  /PD_TOP        (1.10)
i_0_20/i_2/CI->CO        FA_X1                   ff   6427.2     74.2     74.2      0.0     15.9      0.8      3.6      1    70,   70  /PD_TOP        (1.10)
i_0_20/i_3/CI->CO        FA_X1                   ff   6501.4     74.2     74.2      0.0     15.9      0.8      3.6      1    70,   70  /PD_TOP        (1.10)
i_0_20/i_4/CI->CO        FA_X1                   ff   6575.6     74.2     74.2      0.0     15.9      0.8      3.6      1    70,   70  /PD_TOP        (1.10)
i_0_20/i_5/CI->CO        FA_X1                   ff   6649.8     74.2     74.2      0.0     15.9      0.8      3.6      1    70,   70  /PD_TOP        (1.10)
i_0_20/i_6/CI->CO        FA_X1                   ff   6724.0     74.2     74.2      0.0     15.9      0.8      3.6      1    70,   70  /PD_TOP        (1.10)
i_0_20/i_7/CI->CO        FA_X1                   ff   6798.2     74.2     74.2      0.0     15.9      0.8      3.6      1    70,   70  /PD_TOP        (1.10)
i_0_20/i_8/CI->CO        FA_X1                   ff   6872.4     74.2     74.2      0.0     15.9      0.8      3.6      1    70,   70  /PD_TOP        (1.10)
i_0_20/i_9/CI->CO        FA_X1                   ff   6946.6     74.2     74.2      0.0     15.9      0.8      3.6      1    70,   70  /PD_TOP        (1.10)
i_0_20/i_10/CI->CO       FA_X1                   ff   7020.8     74.2     74.2      0.0     15.9      0.8      3.6      1    70,   70  /PD_TOP        (1.10)
i_0_20/i_11/CI->CO       FA_X1                   ff   7095.0     74.2     74.2      0.0     15.9      0.8      3.6      1    70,   70  /PD_TOP        (1.10)
i_0_20/i_12/CI->CO       FA_X1                   ff   7169.2     74.2     74.2      0.0     15.9      0.8      3.6      1    70,   70  /PD_TOP        (1.10)
i_0_20/i_13/CI->CO       FA_X1                   ff   7243.4     74.2     74.2      0.0     15.9      0.8      3.6      1    70,   70  /PD_TOP        (1.10)
i_0_20/i_14/CI->CO       FA_X1                   ff   7317.6     74.2     74.2      0.0     15.9      0.8      3.6      1    70,   70  /PD_TOP        (1.10)
i_0_20/i_15/CI->CO       FA_X1                   ff   7391.8     74.2     74.2      0.0     15.9      0.8      3.6      1    70,   70  /PD_TOP        (1.10)
i_0_20/i_16/CI->CO       FA_X1                   ff   7466.0     74.2     74.2      0.0     15.9      0.8      3.6      1    70,   70  /PD_TOP        (1.10)
i_0_20/i_17/CI->CO       FA_X1                   ff   7540.2     74.2     74.2      0.0     15.9      0.8      3.6      1    70,   70  /PD_TOP        (1.10)
i_0_20/i_18/CI->CO       FA_X1                   ff   7614.4     74.2     74.2      0.0     15.9      0.8      3.6      1    70,   70  /PD_TOP        (1.10)
i_0_20/i_19/CI->CO       FA_X1                   ff   7688.6     74.2     74.2      0.0     15.9      0.8      3.6      1    70,   70  /PD_TOP        (1.10)
i_0_20/i_20/CI->CO       FA_X1                   ff   7762.8     74.2     74.2      0.0     15.9      0.8      3.6      1    70,   70  /PD_TOP        (1.10)
i_0_20/i_21/CI->S        FA_X1                   ff   7868.9    106.1    106.1      0.0     15.9      1.5      9.4      2    70,   70  /PD_TOP        (1.10)
i_0_0_781/B2->ZN         OAI22_X4                fr   7918.5     49.6     49.6      0.0     23.2      0.8      4.8      1    70,   70  /PD_TOP        (1.10)
i_0_0_780/B2->ZN         OAI21_X4*               rf   7971.4     52.9     52.9      0.0     30.8     14.3     61.7     23    70,   70  /PD_TOP        (1.10)
i_0_0_758/A1->ZN         AND2_X4                 ff   8001.0     29.6     29.2      0.4     15.3      0.7      3.8      1    70,   70  /PD_TOP        (1.10)
i_0_23/i_0/A->CO         HA_X1                   ff   8030.7     29.7     29.7      0.0      5.5      0.8      3.5      1    70,   70  /PD_TOP        (1.10)
i_0_23/i_1/CI->CO        FA_X1                   ff   8101.9     71.2     71.2      0.0      7.9      0.8      3.6      1    70,   70  /PD_TOP        (1.10)
i_0_23/i_2/CI->CO        FA_X1                   ff   8176.1     74.2     74.2      0.0     15.9      0.8      3.6      1    70,   70  /PD_TOP        (1.10)
i_0_23/i_3/CI->CO        FA_X1                   ff   8250.3     74.2     74.2      0.0     15.9      0.8      3.6      1    70,   70  /PD_TOP        (1.10)
i_0_23/i_4/CI->CO        FA_X1                   ff   8324.5     74.2     74.2      0.0     15.9      0.8      3.6      1    70,   70  /PD_TOP        (1.10)
i_0_23/i_5/CI->CO        FA_X1                   ff   8398.7     74.2     74.2      0.0     15.9      0.8      3.6      1    70,   70  /PD_TOP        (1.10)
i_0_23/i_6/CI->CO        FA_X1                   ff   8472.9     74.2     74.2      0.0     15.9      0.8      3.6      1    70,   70  /PD_TOP        (1.10)
i_0_23/i_7/CI->CO        FA_X1                   ff   8547.1     74.2     74.2      0.0     15.9      0.8      3.6      1    70,   70  /PD_TOP        (1.10)
i_0_23/i_8/CI->CO        FA_X1                   ff   8621.3     74.2     74.2      0.0     15.9      0.8      3.6      1    70,   70  /PD_TOP        (1.10)
i_0_23/i_9/CI->CO        FA_X1                   ff   8695.5     74.2     74.2      0.0     15.9      0.8      3.6      1    70,   70  /PD_TOP        (1.10)
i_0_23/i_10/CI->CO       FA_X1                   ff   8769.7     74.2     74.2      0.0     15.9      0.8      3.6      1    70,   70  /PD_TOP        (1.10)
i_0_23/i_11/CI->CO       FA_X1                   ff   8843.9     74.2     74.2      0.0     15.9      0.8      3.6      1    70,   70  /PD_TOP        (1.10)
i_0_23/i_12/CI->CO       FA_X1                   ff   8918.1     74.2     74.2      0.0     15.9      0.8      3.6      1    70,   70  /PD_TOP        (1.10)
i_0_23/i_13/CI->CO       FA_X1                   ff   8992.3     74.2     74.2      0.0     15.9      0.8      3.6      1    70,   70  /PD_TOP        (1.10)
i_0_23/i_14/CI->CO       FA_X1                   ff   9066.5     74.2     74.2      0.0     15.9      0.8      3.6      1    70,   70  /PD_TOP        (1.10)
i_0_23/i_15/CI->CO       FA_X1                   ff   9140.7     74.2     74.2      0.0     15.9      0.8      3.6      1    70,   70  /PD_TOP        (1.10)
i_0_23/i_16/CI->CO       FA_X1                   ff   9214.9     74.2     74.2      0.0     15.9      0.8      3.6      1    70,   70  /PD_TOP        (1.10)
i_0_23/i_17/CI->CO       FA_X1                   ff   9289.1     74.2     74.2      0.0     15.9      0.8      3.6      1    70,   70  /PD_TOP        (1.10)
i_0_23/i_18/CI->CO       FA_X1                   ff   9363.3     74.2     74.2      0.0     15.9      0.8      3.6      1    70,   70  /PD_TOP        (1.10)
i_0_23/i_19/CI->CO       FA_X1                   ff   9437.5     74.2     74.2      0.0     15.9      0.8      3.6      1    70,   70  /PD_TOP        (1.10)
i_0_23/i_20/CI->CO       FA_X1                   ff   9511.7     74.2     74.2      0.0     15.9      0.8      3.6      1    70,   70  /PD_TOP        (1.10)
i_0_23/i_21/CI->S        FA_X1                   ff   9617.8    106.1    106.1      0.0     15.9      1.5      9.4      2    70,   70  /PD_TOP        (1.10)
i_0_0_727/B2->ZN         OAI22_X4                fr   9667.4     49.6     49.6      0.0     23.2      0.8      4.8      1    70,   70  /PD_TOP        (1.10)
i_0_0_726/B2->ZN         OAI21_X4*               rf   9720.3     52.9     52.9      0.0     30.8     14.3     61.7     23    70,   70  /PD_TOP        (1.10)
i_0_0_704/A1->ZN         AND2_X4                 ff   9749.9     29.6     29.2      0.4     15.3      0.7      3.8      1    70,   70  /PD_TOP        (1.10)
i_0_26/i_0/A->CO         HA_X1                   ff   9779.6     29.7     29.7      0.0      5.5      0.8      3.5      1    70,   70  /PD_TOP        (1.10)
i_0_26/i_1/CI->CO        FA_X1                   ff   9850.8     71.2     71.2      0.0      7.9      0.8      3.6      1    70,   70  /PD_TOP        (1.10)
i_0_26/i_2/CI->CO        FA_X1                   ff   9925.0     74.2     74.2      0.0     15.9      0.8      3.6      1    70,   70  /PD_TOP        (1.10)
i_0_26/i_3/CI->CO        FA_X1                   ff   9999.2     74.2     74.2      0.0     15.9      0.8      3.6      1    70,   70  /PD_TOP        (1.10)
i_0_26/i_4/CI->CO        FA_X1                   ff  10073.4     74.2     74.2      0.0     15.9      0.8      3.6      1    70,   70  /PD_TOP        (1.10)
i_0_26/i_5/CI->CO        FA_X1                   ff  10147.6     74.2     74.2      0.0     15.9      0.8      3.6      1    70,   70  /PD_TOP        (1.10)
i_0_26/i_6/CI->CO        FA_X1                   ff  10221.8     74.2     74.2      0.0     15.9      0.8      3.6      1    70,   70  /PD_TOP        (1.10)
i_0_26/i_7/CI->CO        FA_X1                   ff  10296.0     74.2     74.2      0.0     15.9      0.8      3.6      1    70,   70  /PD_TOP        (1.10)
i_0_26/i_8/CI->CO        FA_X1                   ff  10370.2     74.2     74.2      0.0     15.9      0.8      3.6      1    70,   70  /PD_TOP        (1.10)
i_0_26/i_9/CI->CO        FA_X1                   ff  10444.4     74.2     74.2      0.0     15.9      0.8      3.6      1    70,   70  /PD_TOP        (1.10)
i_0_26/i_10/CI->CO       FA_X1                   ff  10518.6     74.2     74.2      0.0     15.9      0.8      3.6      1    70,   70  /PD_TOP        (1.10)
i_0_26/i_11/CI->CO       FA_X1                   ff  10592.8     74.2     74.2      0.0     15.9      0.8      3.6      1    70,   70  /PD_TOP        (1.10)
i_0_26/i_12/CI->CO       FA_X1                   ff  10667.0     74.2     74.2      0.0     15.9      0.8      3.6      1    70,   70  /PD_TOP        (1.10)
i_0_26/i_13/CI->CO       FA_X1                   ff  10741.2     74.2     74.2      0.0     15.9      0.8      3.6      1    70,   70  /PD_TOP        (1.10)
i_0_26/i_14/CI->CO       FA_X1                   ff  10815.4     74.2     74.2      0.0     15.9      0.8      3.6      1    70,   70  /PD_TOP        (1.10)
i_0_26/i_15/CI->CO       FA_X1                   ff  10889.6     74.2     74.2      0.0     15.9      0.8      3.6      1    70,   70  /PD_TOP        (1.10)
i_0_26/i_16/CI->CO       FA_X1                   ff  10963.8     74.2     74.2      0.0     15.9      0.8      3.6      1    70,   70  /PD_TOP        (1.10)
i_0_26/i_17/CI->CO       FA_X1                   ff  11038.0     74.2     74.2      0.0     15.9      0.8      3.6      1    70,   70  /PD_TOP        (1.10)
i_0_26/i_18/CI->CO       FA_X1                   ff  11112.2     74.2     74.2      0.0     15.9      0.8      3.6      1    70,   70  /PD_TOP        (1.10)
i_0_26/i_19/CI->CO       FA_X1                   ff  11186.4     74.2     74.2      0.0     15.9      0.8      3.6      1    70,   70  /PD_TOP        (1.10)
i_0_26/i_20/CI->CO       FA_X1                   ff  11260.6     74.2     74.2      0.0     15.9      0.8      3.6      1    70,   70  /PD_TOP        (1.10)
i_0_26/i_21/CI->S        FA_X1                   ff  11366.7    106.1    106.1      0.0     15.9      1.5      9.4      2    70,   70  /PD_TOP        (1.10)
i_0_0_673/B2->ZN         OAI22_X4                fr  11416.3     49.6     49.6      0.0     23.2      0.8      4.8      1    70,   70  /PD_TOP        (1.10)
i_0_0_672/B2->ZN         OAI21_X4*               rf  11469.2     52.9     52.9      0.0     30.8     14.3     61.7     23    70,   70  /PD_TOP        (1.10)
i_0_0_650/A1->ZN         AND2_X4                 ff  11498.8     29.6     29.2      0.4     15.3      0.7      3.8      1    70,   70  /PD_TOP        (1.10)
i_0_29/i_0/A->CO         HA_X1                   ff  11528.5     29.7     29.7      0.0      5.5      0.8      3.5      1    70,   70  /PD_TOP        (1.10)
i_0_29/i_1/CI->CO        FA_X1                   ff  11599.7     71.2     71.2      0.0      7.9      0.8      3.6      1    70,   70  /PD_TOP        (1.10)
i_0_29/i_2/CI->CO        FA_X1                   ff  11673.9     74.2     74.2      0.0     15.9      0.8      3.6      1    70,   70  /PD_TOP        (1.10)
i_0_29/i_3/CI->CO        FA_X1                   ff  11748.1     74.2     74.2      0.0     15.9      0.8      3.6      1    70,   70  /PD_TOP        (1.10)
i_0_29/i_4/CI->CO        FA_X1                   ff  11822.3     74.2     74.2      0.0     15.9      0.8      3.6      1    70,   70  /PD_TOP        (1.10)
i_0_29/i_5/CI->CO        FA_X1                   ff  11896.5     74.2     74.2      0.0     15.9      0.8      3.6      1    70,   70  /PD_TOP        (1.10)
i_0_29/i_6/CI->CO        FA_X1                   ff  11970.7     74.2     74.2      0.0     15.9      0.8      3.6      1    70,   70  /PD_TOP        (1.10)
i_0_29/i_7/CI->CO        FA_X1                   ff  12044.9     74.2     74.2      0.0     15.9      0.8      3.6      1    70,   70  /PD_TOP        (1.10)
i_0_29/i_8/CI->CO        FA_X1                   ff  12119.1     74.2     74.2      0.0     15.9      0.8      3.6      1    70,   70  /PD_TOP        (1.10)
i_0_29/i_9/CI->CO        FA_X1                   ff  12193.3     74.2     74.2      0.0     15.9      0.8      3.6      1    70,   70  /PD_TOP        (1.10)
i_0_29/i_10/CI->CO       FA_X1                   ff  12267.5     74.2     74.2      0.0     15.9      0.8      3.6      1    70,   70  /PD_TOP        (1.10)
i_0_29/i_11/CI->CO       FA_X1                   ff  12341.7     74.2     74.2      0.0     15.9      0.8      3.6      1    70,   70  /PD_TOP        (1.10)
i_0_29/i_12/CI->CO       FA_X1                   ff  12415.9     74.2     74.2      0.0     15.9      0.8      3.6      1    70,   70  /PD_TOP        (1.10)
i_0_29/i_13/CI->CO       FA_X1                   ff  12490.1     74.2     74.2      0.0     15.9      0.8      3.6      1    70,   70  /PD_TOP        (1.10)
i_0_29/i_14/CI->CO       FA_X1                   ff  12564.3     74.2     74.2      0.0     15.9      0.8      3.6      1    70,   70  /PD_TOP        (1.10)
i_0_29/i_15/CI->CO       FA_X1                   ff  12638.5     74.2     74.2      0.0     15.9      0.8      3.6      1    70,   70  /PD_TOP        (1.10)
i_0_29/i_16/CI->CO       FA_X1                   ff  12712.7     74.2     74.2      0.0     15.9      0.8      3.6      1    70,   70  /PD_TOP        (1.10)
i_0_29/i_17/CI->CO       FA_X1                   ff  12786.9     74.2     74.2      0.0     15.9      0.8      3.6      1    70,   70  /PD_TOP        (1.10)
i_0_29/i_18/CI->CO       FA_X1                   ff  12861.1     74.2     74.2      0.0     15.9      0.8      3.6      1    70,   70  /PD_TOP        (1.10)
i_0_29/i_19/CI->CO       FA_X1                   ff  12935.3     74.2     74.2      0.0     15.9      0.8      3.6      1    70,   70  /PD_TOP        (1.10)
i_0_29/i_20/CI->CO       FA_X1                   ff  13009.5     74.2     74.2      0.0     15.9      0.8      3.6      1    70,   70  /PD_TOP        (1.10)
i_0_29/i_21/CI->S        FA_X1                   ff  13115.6    106.1    106.1      0.0     15.9      1.5      9.4      2    70,   70  /PD_TOP        (1.10)
i_0_0_618/B2->ZN         OAI22_X4                fr  13165.2     49.6     49.6      0.0     23.2      0.8      4.8      1    70,   70  /PD_TOP        (1.10)
i_0_0_617/B2->ZN         OAI21_X4*               rf  13222.0     56.8     56.8      0.0     30.8     15.6     75.6     25    70,   70  /PD_TOP        (1.10)
i_0_0_595/A2->ZN         AND2_X4                 ff  13254.0     32.0     31.6      0.4     15.3      0.7      3.8      1    70,   70  /PD_TOP        (1.10)
i_0_32/i_0/A->CO         HA_X1                   ff  13283.7     29.7     29.7      0.0      5.5      0.8      3.5      1    70,   70  /PD_TOP        (1.10)
i_0_32/i_1/CI->CO        FA_X1                   ff  13354.9     71.2     71.2      0.0      7.9      0.8      3.6      1    70,   70  /PD_TOP        (1.10)
i_0_32/i_2/CI->CO        FA_X1                   ff  13429.1     74.2     74.2      0.0     15.9      0.8      3.6      1    70,   70  /PD_TOP        (1.10)
i_0_32/i_3/CI->CO        FA_X1                   ff  13503.3     74.2     74.2      0.0     15.9      0.8      3.6      1    70,   70  /PD_TOP        (1.10)
i_0_32/i_4/CI->CO        FA_X1                   ff  13577.5     74.2     74.2      0.0     15.9      0.8      3.6      1    70,   70  /PD_TOP        (1.10)
i_0_32/i_5/CI->CO        FA_X1                   ff  13651.7     74.2     74.2      0.0     15.9      0.8      3.6      1    70,   70  /PD_TOP        (1.10)
i_0_32/i_6/CI->CO        FA_X1                   ff  13725.9     74.2     74.2      0.0     15.9      0.8      3.6      1    70,   70  /PD_TOP        (1.10)
i_0_32/i_7/CI->CO        FA_X1                   ff  13800.1     74.2     74.2      0.0     15.9      0.8      3.6      1    70,   70  /PD_TOP        (1.10)
i_0_32/i_8/CI->CO        FA_X1                   ff  13874.3     74.2     74.2      0.0     15.9      0.8      3.6      1    70,   70  /PD_TOP        (1.10)
i_0_32/i_9/CI->CO        FA_X1                   ff  13948.5     74.2     74.2      0.0     15.9      0.8      3.6      1    70,   70  /PD_TOP        (1.10)
i_0_32/i_10/CI->CO       FA_X1                   ff  14022.7     74.2     74.2      0.0     15.9      0.8      3.6      1    70,   70  /PD_TOP        (1.10)
i_0_32/i_11/CI->CO       FA_X1                   ff  14096.9     74.2     74.2      0.0     15.9      0.8      3.6      1    70,   70  /PD_TOP        (1.10)
i_0_32/i_12/CI->CO       FA_X1                   ff  14171.1     74.2     74.2      0.0     15.9      0.8      3.6      1    70,   70  /PD_TOP        (1.10)
i_0_32/i_13/CI->CO       FA_X1                   ff  14245.3     74.2     74.2      0.0     15.9      0.8      3.6      1    70,   70  /PD_TOP        (1.10)
i_0_32/i_14/CI->CO       FA_X1                   ff  14319.5     74.2     74.2      0.0     15.9      0.8      3.6      1    70,   70  /PD_TOP        (1.10)
i_0_32/i_15/CI->CO       FA_X1                   ff  14393.7     74.2     74.2      0.0     15.9      0.8      3.6      1    70,   70  /PD_TOP        (1.10)
i_0_32/i_16/CI->CO       FA_X1                   ff  14467.9     74.2     74.2      0.0     15.9      0.8      3.6      1    70,   70  /PD_TOP        (1.10)
i_0_32/i_17/CI->CO       FA_X1                   ff  14542.1     74.2     74.2      0.0     15.9      0.8      3.6      1    70,   70  /PD_TOP        (1.10)
i_0_32/i_18/CI->CO       FA_X1                   ff  14616.3     74.2     74.2      0.0     15.9      0.8      3.6      1    70,   70  /PD_TOP        (1.10)
i_0_32/i_19/CI->CO       FA_X1                   ff  14690.5     74.2     74.2      0.0     15.9      0.8      3.6      1    70,   70  /PD_TOP        (1.10)
i_0_32/i_20/CI->CO       FA_X1                   ff  14764.7     74.2     74.2      0.0     15.9      0.8      3.6      1    70,   70  /PD_TOP        (1.10)
i_0_32/i_21/CI->S        FA_X1                   ff  14871.3    106.6    106.6      0.0     15.9      1.5      9.6      2    70,   70  /PD_TOP        (1.10)
i_0_0_563/B1->ZN         AOI22_X4*               fr  14975.9    104.6    104.6      0.0     23.5     17.3    112.5     23    70,   70  /PD_TOP        (1.10)
i_0_0_540/A1->ZN         NOR3_X4                 rf  14987.2     11.3     10.7      0.6     15.3      0.7      3.9      1    70,   70  /PD_TOP        (1.10)
i_0_35/i_0/A->CO         HA_X1                   ff  15017.4     30.2     30.2      0.0      6.5      0.8      3.5      1    70,   70  /PD_TOP        (1.10)
i_0_35/i_1/CI->CO        FA_X1                   ff  15088.6     71.2     71.2      0.0      7.9      0.8      3.6      1    70,   70  /PD_TOP        (1.10)
i_0_35/i_2/CI->CO        FA_X1                   ff  15162.8     74.2     74.2      0.0     15.9      0.8      3.6      1    70,   70  /PD_TOP        (1.10)
i_0_35/i_3/CI->CO        FA_X1                   ff  15237.0     74.2     74.2      0.0     15.9      0.8      3.6      1    70,   70  /PD_TOP        (1.10)
i_0_35/i_4/CI->CO        FA_X1                   ff  15311.2     74.2     74.2      0.0     15.9      0.8      3.6      1    70,   70  /PD_TOP        (1.10)
i_0_35/i_5/CI->CO        FA_X1                   ff  15385.4     74.2     74.2      0.0     15.9      0.8      3.6      1    70,   70  /PD_TOP        (1.10)
i_0_35/i_6/CI->CO        FA_X1                   ff  15459.6     74.2     74.2      0.0     15.9      0.8      3.6      1    70,   70  /PD_TOP        (1.10)
i_0_35/i_7/CI->CO        FA_X1                   ff  15533.8     74.2     74.2      0.0     15.9      0.8      3.6      1    70,   70  /PD_TOP        (1.10)
i_0_35/i_8/CI->CO        FA_X1                   ff  15608.0     74.2     74.2      0.0     15.9      0.8      3.6      1    70,   70  /PD_TOP        (1.10)
i_0_35/i_9/CI->CO        FA_X1                   ff  15682.2     74.2     74.2      0.0     15.9      0.8      3.6      1    70,   70  /PD_TOP        (1.10)
i_0_35/i_10/CI->CO       FA_X1                   ff  15756.4     74.2     74.2      0.0     15.9      0.8      3.6      1    70,   70  /PD_TOP        (1.10)
i_0_35/i_11/CI->CO       FA_X1                   ff  15830.6     74.2     74.2      0.0     15.9      0.8      3.6      1    70,   70  /PD_TOP        (1.10)
i_0_35/i_12/CI->CO       FA_X1                   ff  15904.8     74.2     74.2      0.0     15.9      0.8      3.6      1    70,   70  /PD_TOP        (1.10)
i_0_35/i_13/CI->CO       FA_X1                   ff  15979.0     74.2     74.2      0.0     15.9      0.8      3.6      1    70,   70  /PD_TOP        (1.10)
i_0_35/i_14/CI->CO       FA_X1                   ff  16053.2     74.2     74.2      0.0     15.9      0.8      3.6      1    70,   70  /PD_TOP        (1.10)
i_0_35/i_15/CI->CO       FA_X1                   ff  16127.4     74.2     74.2      0.0     15.9      0.8      3.6      1    70,   70  /PD_TOP        (1.10)
i_0_35/i_16/CI->CO       FA_X1                   ff  16201.6     74.2     74.2      0.0     15.9      0.8      3.6      1    70,   70  /PD_TOP        (1.10)
i_0_35/i_17/CI->CO       FA_X1                   ff  16275.8     74.2     74.2      0.0     15.9      0.8      3.6      1    70,   70  /PD_TOP        (1.10)
i_0_35/i_18/CI->CO       FA_X1                   ff  16350.0     74.2     74.2      0.0     15.9      0.8      3.6      1    70,   70  /PD_TOP        (1.10)
i_0_35/i_19/CI->CO       FA_X1                   ff  16424.2     74.2     74.2      0.0     15.9      0.8      3.6      1    70,   70  /PD_TOP        (1.10)
i_0_35/i_20/CI->CO       FA_X1                   ff  16498.4     74.2     74.2      0.0     15.9      0.8      3.6      1    70,   70  /PD_TOP        (1.10)
i_0_35/i_21/CI->S        FA_X1                   ff  16601.2    102.8    102.8      0.0     15.9      1.6      7.7      2    70,   70  /PD_TOP        (1.10)
i_0_0_507/C1->ZN         OAI221_X2               fr  16642.7     41.5     41.5      0.0     21.5      0.8      4.7      1    70,   70  /PD_TOP        (1.10)
i_0_0_506/A2->ZN         NAND2_X4*               rf  16702.2     59.5     59.5      0.0     41.8     16.1     95.1     26    70,   70  /PD_TOP        (1.10)
i_0_0_484/A1->ZN         AND2_X4                 ff  16731.9     29.7     29.2      0.5     15.3      0.7      3.8      1    70,   70  /PD_TOP        (1.10)
i_0_38/i_0/A->CO         HA_X1                   ff  16761.6     29.7     29.7      0.0      5.5      0.8      3.5      1    70,   70  /PD_TOP        (1.10)
i_0_38/i_1/CI->CO        FA_X1                   ff  16832.8     71.2     71.2      0.0      7.9      0.8      3.6      1    70,   70  /PD_TOP        (1.10)
i_0_38/i_2/CI->CO        FA_X1                   ff  16907.0     74.2     74.2      0.0     15.9      0.8      3.6      1    70,   70  /PD_TOP        (1.10)
i_0_38/i_3/CI->CO        FA_X1                   ff  16981.2     74.2     74.2      0.0     15.9      0.8      3.6      1    70,   70  /PD_TOP        (1.10)
i_0_38/i_4/CI->CO        FA_X1                   ff  17055.4     74.2     74.2      0.0     15.9      0.8      3.6      1    70,   70  /PD_TOP        (1.10)
i_0_38/i_5/CI->CO        FA_X1                   ff  17129.6     74.2     74.2      0.0     15.9      0.8      3.6      1    70,   70  /PD_TOP        (1.10)
i_0_38/i_6/CI->CO        FA_X1                   ff  17203.8     74.2     74.2      0.0     15.9      0.8      3.6      1    70,   70  /PD_TOP        (1.10)
i_0_38/i_7/CI->CO        FA_X1                   ff  17278.0     74.2     74.2      0.0     15.9      0.8      3.6      1    70,   70  /PD_TOP        (1.10)
i_0_38/i_8/CI->CO        FA_X1                   ff  17352.2     74.2     74.2      0.0     15.9      0.8      3.6      1    70,   70  /PD_TOP        (1.10)
i_0_38/i_9/CI->CO        FA_X1                   ff  17426.4     74.2     74.2      0.0     15.9      0.8      3.6      1    70,   70  /PD_TOP        (1.10)
i_0_38/i_10/CI->CO       FA_X1                   ff  17500.6     74.2     74.2      0.0     15.9      0.8      3.6      1    70,   70  /PD_TOP        (1.10)
i_0_38/i_11/CI->CO       FA_X1                   ff  17574.8     74.2     74.2      0.0     15.9      0.8      3.6      1    70,   70  /PD_TOP        (1.10)
i_0_38/i_12/CI->CO       FA_X1                   ff  17649.0     74.2     74.2      0.0     15.9      0.8      3.6      1    70,   70  /PD_TOP        (1.10)
i_0_38/i_13/CI->CO       FA_X1                   ff  17723.2     74.2     74.2      0.0     15.9      0.8      3.6      1    70,   70  /PD_TOP        (1.10)
i_0_38/i_14/CI->CO       FA_X1                   ff  17797.4     74.2     74.2      0.0     15.9      0.8      3.6      1    70,   70  /PD_TOP        (1.10)
i_0_38/i_15/CI->CO       FA_X1                   ff  17871.6     74.2     74.2      0.0     15.9      0.8      3.6      1    70,   70  /PD_TOP        (1.10)
i_0_38/i_16/CI->CO       FA_X1                   ff  17945.8     74.2     74.2      0.0     15.9      0.8      3.6      1    70,   70  /PD_TOP        (1.10)
i_0_38/i_17/CI->CO       FA_X1                   ff  18020.0     74.2     74.2      0.0     15.9      0.8      3.6      1    70,   70  /PD_TOP        (1.10)
i_0_38/i_18/CI->CO       FA_X1                   ff  18094.2     74.2     74.2      0.0     15.9      0.8      3.6      1    70,   70  /PD_TOP        (1.10)
i_0_38/i_19/CI->CO       FA_X1                   ff  18168.4     74.2     74.2      0.0     15.9      0.8      3.6      1    70,   70  /PD_TOP        (1.10)
i_0_38/i_20/CI->CO       FA_X1                   ff  18242.6     74.2     74.2      0.0     15.9      0.8      3.6      1    70,   70  /PD_TOP        (1.10)
i_0_38/i_21/CI->S        FA_X1                   ff  18349.1    106.5    106.5      0.0     15.9      1.7      9.6      2    70,   70  /PD_TOP        (1.10)
i_0_0_453/B2->ZN         OAI22_X4                fr  18426.3     77.2     77.2      0.0     23.4      0.7     26.2      1    70,   70  /PD_TOP        (1.10)
i_0_0_452/A->ZN          INV_X8                  rf  18432.5      6.2      6.2      0.0     56.9      0.7      4.9      1    70,   70  /PD_TOP        (1.10)
i_0_0_451/A2->ZN         AOI22_X4*               fr  18528.4     95.9     95.9      0.0      3.5     15.9    142.3     25    70,   70  /PD_TOP        (1.10)
i_0_0_428/A1->ZN         NOR2_X4                 rf  18538.6     10.2      9.7      0.5     15.3      0.7      3.8      1    70,   70  /PD_TOP        (1.10)
i_0_41/i_0/A->CO         HA_X1                   ff  18568.3     29.7     29.7      0.0      5.5      0.8      3.5      1    70,   70  /PD_TOP        (1.10)
i_0_41/i_1/CI->CO        FA_X1                   ff  18639.5     71.2     71.2      0.0      7.9      0.8      3.6      1    70,   70  /PD_TOP        (1.10)
i_0_41/i_2/CI->CO        FA_X1                   ff  18713.7     74.2     74.2      0.0     15.9      0.8      3.6      1    70,   70  /PD_TOP        (1.10)
i_0_41/i_3/CI->CO        FA_X1                   ff  18787.9     74.2     74.2      0.0     15.9      0.8      3.6      1    70,   70  /PD_TOP        (1.10)
i_0_41/i_4/CI->CO        FA_X1                   ff  18862.1     74.2     74.2      0.0     15.9      0.8      3.6      1    70,   70  /PD_TOP        (1.10)
i_0_41/i_5/CI->CO        FA_X1                   ff  18936.3     74.2     74.2      0.0     15.9      0.8      3.6      1    70,   70  /PD_TOP        (1.10)
i_0_41/i_6/CI->CO        FA_X1                   ff  19010.5     74.2     74.2      0.0     15.9      0.8      3.6      1    70,   70  /PD_TOP        (1.10)
i_0_41/i_7/CI->CO        FA_X1                   ff  19084.7     74.2     74.2      0.0     15.9      0.8      3.6      1    70,   70  /PD_TOP        (1.10)
i_0_41/i_8/CI->CO        FA_X1                   ff  19158.9     74.2     74.2      0.0     15.9      0.8      3.6      1    70,   70  /PD_TOP        (1.10)
i_0_41/i_9/CI->CO        FA_X1                   ff  19233.1     74.2     74.2      0.0     15.9      0.8      3.6      1    70,   70  /PD_TOP        (1.10)
i_0_41/i_10/CI->CO       FA_X1                   ff  19307.3     74.2     74.2      0.0     15.9      0.8      3.6      1    70,   70  /PD_TOP        (1.10)
i_0_41/i_11/CI->CO       FA_X1                   ff  19381.5     74.2     74.2      0.0     15.9      0.8      3.6      1    70,   70  /PD_TOP        (1.10)
i_0_41/i_12/CI->CO       FA_X1                   ff  19455.7     74.2     74.2      0.0     15.9      0.8      3.6      1    70,   70  /PD_TOP        (1.10)
i_0_41/i_13/CI->CO       FA_X1                   ff  19529.9     74.2     74.2      0.0     15.9      0.8      3.6      1    70,   70  /PD_TOP        (1.10)
i_0_41/i_14/CI->CO       FA_X1                   ff  19604.1     74.2     74.2      0.0     15.9      0.8      3.6      1    70,   70  /PD_TOP        (1.10)
i_0_41/i_15/CI->CO       FA_X1                   ff  19678.3     74.2     74.2      0.0     15.9      0.8      3.6      1    70,   70  /PD_TOP        (1.10)
i_0_41/i_16/CI->CO       FA_X1                   ff  19752.5     74.2     74.2      0.0     15.9      0.8      3.6      1    70,   70  /PD_TOP        (1.10)
i_0_41/i_17/CI->CO       FA_X1                   ff  19826.7     74.2     74.2      0.0     15.9      0.8      3.6      1    70,   70  /PD_TOP        (1.10)
i_0_41/i_18/CI->CO       FA_X1                   ff  19900.9     74.2     74.2      0.0     15.9      0.8      3.6      1    70,   70  /PD_TOP        (1.10)
i_0_41/i_19/CI->CO       FA_X1                   ff  19975.1     74.2     74.2      0.0     15.9      0.8      3.6      1    70,   70  /PD_TOP        (1.10)
i_0_41/i_20/CI->CO       FA_X1                   ff  20049.3     74.2     74.2      0.0     15.9      0.8      3.6      1    70,   70  /PD_TOP        (1.10)
i_0_41/i_21/CI->S        FA_X1                   ff  20155.4    106.1    106.1      0.0     15.9      1.5      9.4      2    70,   70  /PD_TOP        (1.10)
i_0_0_397/B2->ZN         OAI22_X4                fr  20205.0     49.6     49.6      0.0     23.2      0.8      4.8      1    70,   70  /PD_TOP        (1.10)
i_0_0_396/B2->ZN         OAI21_X4*               rf  20245.7     40.7     40.7      0.0     30.8      1.9     32.8      3    70,   70  /PD_TOP        (1.10)
i_0_0_395/A->ZN          INV_X32                 fr  20269.3     23.6     23.6      0.0     15.3     14.9    116.0     24    70,   70  /PD_TOP        (1.10)
i_0_0_373/A1->ZN         NOR2_X4                 rf  20278.9      9.6      9.2      0.4     13.2      0.7      3.8      1    70,   70  /PD_TOP        (1.10)
i_0_44/i_0/A->CO         HA_X1                   ff  20308.6     29.7     29.7      0.0      5.5      0.8      3.5      1    70,   70  /PD_TOP        (1.10)
i_0_44/i_1/CI->CO        FA_X1                   ff  20379.8     71.2     71.2      0.0      7.9      0.8      3.6      1    70,   70  /PD_TOP        (1.10)
i_0_44/i_2/CI->CO        FA_X1                   ff  20454.0     74.2     74.2      0.0     15.9      0.8      3.6      1    70,   70  /PD_TOP        (1.10)
i_0_44/i_3/CI->CO        FA_X1                   ff  20528.2     74.2     74.2      0.0     15.9      0.8      3.6      1    70,   70  /PD_TOP        (1.10)
i_0_44/i_4/CI->CO        FA_X1                   ff  20602.4     74.2     74.2      0.0     15.9      0.8      3.6      1    70,   70  /PD_TOP        (1.10)
i_0_44/i_5/CI->CO        FA_X1                   ff  20676.6     74.2     74.2      0.0     15.9      0.8      3.6      1    70,   70  /PD_TOP        (1.10)
i_0_44/i_6/CI->CO        FA_X1                   ff  20750.8     74.2     74.2      0.0     15.9      0.8      3.6      1    70,   70  /PD_TOP        (1.10)
i_0_44/i_7/CI->CO        FA_X1                   ff  20825.0     74.2     74.2      0.0     15.9      0.8      3.6      1    70,   70  /PD_TOP        (1.10)
i_0_44/i_8/CI->CO        FA_X1                   ff  20899.2     74.2     74.2      0.0     15.9      0.8      3.6      1    70,   70  /PD_TOP        (1.10)
i_0_44/i_9/CI->CO        FA_X1                   ff  20973.4     74.2     74.2      0.0     15.9      0.8      3.6      1    70,   70  /PD_TOP        (1.10)
i_0_44/i_10/CI->CO       FA_X1                   ff  21047.6     74.2     74.2      0.0     15.9      0.8      3.6      1    70,   70  /PD_TOP        (1.10)
i_0_44/i_11/CI->CO       FA_X1                   ff  21121.8     74.2     74.2      0.0     15.9      0.8      3.6      1    70,   70  /PD_TOP        (1.10)
i_0_44/i_12/CI->CO       FA_X1                   ff  21196.0     74.2     74.2      0.0     15.9      0.8      3.6      1    70,   70  /PD_TOP        (1.10)
i_0_44/i_13/CI->CO       FA_X1                   ff  21270.2     74.2     74.2      0.0     15.9      0.8      3.6      1    70,   70  /PD_TOP        (1.10)
i_0_44/i_14/CI->CO       FA_X1                   ff  21344.4     74.2     74.2      0.0     15.9      0.8      3.6      1    70,   70  /PD_TOP        (1.10)
i_0_44/i_15/CI->CO       FA_X1                   ff  21418.6     74.2     74.2      0.0     15.9      0.8      3.6      1    70,   70  /PD_TOP        (1.10)
i_0_44/i_16/CI->CO       FA_X1                   ff  21492.8     74.2     74.2      0.0     15.9      0.8      3.6      1    70,   70  /PD_TOP        (1.10)
i_0_44/i_17/CI->CO       FA_X1                   ff  21567.0     74.2     74.2      0.0     15.9      0.8      3.6      1    70,   70  /PD_TOP        (1.10)
i_0_44/i_18/CI->CO       FA_X1                   ff  21641.2     74.2     74.2      0.0     15.9      0.8      3.6      1    70,   70  /PD_TOP        (1.10)
i_0_44/i_19/CI->CO       FA_X1                   ff  21715.4     74.2     74.2      0.0     15.9      0.8      3.6      1    70,   70  /PD_TOP        (1.10)
i_0_44/i_20/CI->CO       FA_X1                   ff  21789.6     74.2     74.2      0.0     15.9      0.8      3.6      1    70,   70  /PD_TOP        (1.10)
i_0_44/i_21/CI->S        FA_X1                   ff  21896.7    107.1    107.1      0.0     15.9      1.6      9.9      2    70,   70  /PD_TOP        (1.10)
i_0_0_343/B2->ZN         OAI22_X4                fr  21946.3     49.6     49.6      0.0     23.7      0.8      4.7      1    70,   70  /PD_TOP        (1.10)
i_0_0_342/A->ZN          AOI21_X4                rf  21964.1     17.8     17.8      0.0     30.6      0.7      4.6      1    70,   70  /PD_TOP        (1.10)
i_0_0_341/A->ZN          AOI21_X4*               fr  22064.2    100.1    100.1      0.0      7.9     15.7    142.3     25    70,   70  /PD_TOP        (1.10)
i_0_0_318/A1->ZN         NOR2_X4                 rf  22074.3     10.1      9.7      0.4     15.3      0.7      3.8      1    70,   70  /PD_TOP        (1.10)
i_0_47/i_0/A->CO         HA_X1                   ff  22104.0     29.7     29.7      0.0      5.5      0.8      3.5      1    70,   70  /PD_TOP        (1.10)
i_0_47/i_1/CI->CO        FA_X1                   ff  22175.2     71.2     71.2      0.0      7.9      0.8      3.6      1    70,   70  /PD_TOP        (1.10)
i_0_47/i_2/CI->CO        FA_X1                   ff  22249.4     74.2     74.2      0.0     15.9      0.8      3.6      1    70,   70  /PD_TOP        (1.10)
i_0_47/i_3/CI->CO        FA_X1                   ff  22323.6     74.2     74.2      0.0     15.9      0.8      3.6      1    70,   70  /PD_TOP        (1.10)
i_0_47/i_4/CI->CO        FA_X1                   ff  22397.8     74.2     74.2      0.0     15.9      0.8      3.6      1    70,   70  /PD_TOP        (1.10)
i_0_47/i_5/CI->CO        FA_X1                   ff  22472.0     74.2     74.2      0.0     15.9      0.8      3.6      1    70,   70  /PD_TOP        (1.10)
i_0_47/i_6/CI->CO        FA_X1                   ff  22546.2     74.2     74.2      0.0     15.9      0.8      3.6      1    70,   70  /PD_TOP        (1.10)
i_0_47/i_7/CI->CO        FA_X1                   ff  22620.4     74.2     74.2      0.0     15.9      0.8      3.6      1    70,   70  /PD_TOP        (1.10)
i_0_47/i_8/CI->CO        FA_X1                   ff  22694.6     74.2     74.2      0.0     15.9      0.8      3.6      1    70,   70  /PD_TOP        (1.10)
i_0_47/i_9/CI->CO        FA_X1                   ff  22768.8     74.2     74.2      0.0     15.9      0.8      3.6      1    70,   70  /PD_TOP        (1.10)
i_0_47/i_10/CI->CO       FA_X1                   ff  22843.0     74.2     74.2      0.0     15.9      0.8      3.6      1    70,   70  /PD_TOP        (1.10)
i_0_47/i_11/CI->CO       FA_X1                   ff  22917.2     74.2     74.2      0.0     15.9      0.8      3.6      1    70,   70  /PD_TOP        (1.10)
i_0_47/i_12/CI->CO       FA_X1                   ff  22991.4     74.2     74.2      0.0     15.9      0.8      3.6      1    70,   70  /PD_TOP        (1.10)
i_0_47/i_13/CI->CO       FA_X1                   ff  23065.6     74.2     74.2      0.0     15.9      0.8      3.6      1    70,   70  /PD_TOP        (1.10)
i_0_47/i_14/CI->CO       FA_X1                   ff  23139.8     74.2     74.2      0.0     15.9      0.8      3.6      1    70,   70  /PD_TOP        (1.10)
i_0_47/i_15/CI->CO       FA_X1                   ff  23214.0     74.2     74.2      0.0     15.9      0.8      3.6      1    70,   70  /PD_TOP        (1.10)
i_0_47/i_16/CI->CO       FA_X1                   ff  23288.2     74.2     74.2      0.0     15.9      0.8      3.6      1    70,   70  /PD_TOP        (1.10)
i_0_47/i_17/CI->CO       FA_X1                   ff  23362.4     74.2     74.2      0.0     15.9      0.8      3.6      1    70,   70  /PD_TOP        (1.10)
i_0_47/i_18/CI->CO       FA_X1                   ff  23436.6     74.2     74.2      0.0     15.9      0.8      3.6      1    70,   70  /PD_TOP        (1.10)
i_0_47/i_19/CI->CO       FA_X1                   ff  23510.8     74.2     74.2      0.0     15.9      0.8      3.6      1    70,   70  /PD_TOP        (1.10)
i_0_47/i_20/CI->CO       FA_X1                   ff  23585.0     74.2     74.2      0.0     15.9      0.8      3.6      1    70,   70  /PD_TOP        (1.10)
i_0_47/i_21/CI->S        FA_X1                   ff  23687.8    102.8    102.8      0.0     15.9      1.6      7.7      2    70,   70  /PD_TOP        (1.10)
i_0_0_285/C1->ZN         OAI221_X2               fr  23729.3     41.5     41.5      0.0     21.5      0.8      4.7      1    70,   70  /PD_TOP        (1.10)
i_0_0_284/A2->ZN         NAND2_X4*               rf  23783.7     54.4     54.4      0.0     41.8     16.4     73.1     26    70,   70  /PD_TOP        (1.10)
i_0_0_262/A1->ZN         AND2_X4                 ff  23813.4     29.7     29.2      0.5     15.3      0.7      3.8      1    70,   70  /PD_TOP        (1.10)
i_0_50/i_0/A->CO         HA_X1                   ff  23843.1     29.7     29.7      0.0      5.5      0.8      3.5      1    70,   70  /PD_TOP        (1.10)
i_0_50/i_1/CI->CO        FA_X1                   ff  23914.3     71.2     71.2      0.0      7.9      0.8      3.6      1    70,   70  /PD_TOP        (1.10)
i_0_50/i_2/CI->CO        FA_X1                   ff  23988.5     74.2     74.2      0.0     15.9      0.8      3.6      1    70,   70  /PD_TOP        (1.10)
i_0_50/i_3/CI->CO        FA_X1                   ff  24062.7     74.2     74.2      0.0     15.9      0.8      3.6      1    70,   70  /PD_TOP        (1.10)
i_0_50/i_4/CI->CO        FA_X1                   ff  24136.9     74.2     74.2      0.0     15.9      0.8      3.6      1    70,   70  /PD_TOP        (1.10)
i_0_50/i_5/CI->CO        FA_X1                   ff  24211.1     74.2     74.2      0.0     15.9      0.8      3.6      1    70,   70  /PD_TOP        (1.10)
i_0_50/i_6/CI->CO        FA_X1                   ff  24285.3     74.2     74.2      0.0     15.9      0.8      3.6      1    70,   70  /PD_TOP        (1.10)
i_0_50/i_7/CI->CO        FA_X1                   ff  24359.5     74.2     74.2      0.0     15.9      0.8      3.6      1    70,   70  /PD_TOP        (1.10)
i_0_50/i_8/CI->CO        FA_X1                   ff  24433.7     74.2     74.2      0.0     15.9      0.8      3.6      1    70,   70  /PD_TOP        (1.10)
i_0_50/i_9/CI->CO        FA_X1                   ff  24507.9     74.2     74.2      0.0     15.9      0.8      3.6      1    70,   70  /PD_TOP        (1.10)
i_0_50/i_10/CI->CO       FA_X1                   ff  24582.1     74.2     74.2      0.0     15.9      0.8      3.6      1    70,   70  /PD_TOP        (1.10)
i_0_50/i_11/CI->CO       FA_X1                   ff  24656.3     74.2     74.2      0.0     15.9      0.8      3.6      1    70,   70  /PD_TOP        (1.10)
i_0_50/i_12/CI->CO       FA_X1                   ff  24730.5     74.2     74.2      0.0     15.9      0.8      3.6      1    70,   70  /PD_TOP        (1.10)
i_0_50/i_13/CI->CO       FA_X1                   ff  24804.7     74.2     74.2      0.0     15.9      0.8      3.6      1    70,   70  /PD_TOP        (1.10)
i_0_50/i_14/CI->CO       FA_X1                   ff  24878.9     74.2     74.2      0.0     15.9      0.8      3.6      1    70,   70  /PD_TOP        (1.10)
i_0_50/i_15/CI->CO       FA_X1                   ff  24953.1     74.2     74.2      0.0     15.9      0.8      3.6      1    70,   70  /PD_TOP        (1.10)
i_0_50/i_16/CI->CO       FA_X1                   ff  25027.3     74.2     74.2      0.0     15.9      0.8      3.6      1    70,   70  /PD_TOP        (1.10)
i_0_50/i_17/CI->CO       FA_X1                   ff  25101.5     74.2     74.2      0.0     15.9      0.8      3.6      1    70,   70  /PD_TOP        (1.10)
i_0_50/i_18/CI->CO       FA_X1                   ff  25175.7     74.2     74.2      0.0     15.9      0.8      3.6      1    70,   70  /PD_TOP        (1.10)
i_0_50/i_19/CI->CO       FA_X1                   ff  25249.9     74.2     74.2      0.0     15.9      0.8      3.6      1    70,   70  /PD_TOP        (1.10)
i_0_50/i_20/CI->CO       FA_X1                   ff  25324.1     74.2     74.2      0.0     15.9      0.8      3.6      1    70,   70  /PD_TOP        (1.10)
i_0_50/i_21/CI->S        FA_X1                   ff  25431.2    107.1    107.1      0.0     15.9      1.6      9.9      2    70,   70  /PD_TOP        (1.10)
i_0_0_230/B2->ZN         OAI22_X4                fr  25480.8     49.6     49.6      0.0     23.7      0.8      4.7      1    70,   70  /PD_TOP        (1.10)
i_0_0_229/A->ZN          AOI21_X4                rf  25498.6     17.8     17.8      0.0     30.6      0.7      4.6      1    70,   70  /PD_TOP        (1.10)
i_0_0_228/A->ZN          AOI21_X4*               fr  25598.0     99.4     99.4      0.0      7.9     14.8    137.6     24    70,   70  /PD_TOP        (1.10)
i_0_0_205/A1->ZN         NOR2_X4                 rf  25608.1     10.1      9.7      0.4     15.3      0.7      3.8      1    70,   70  /PD_TOP        (1.10)
i_0_53/i_0/A->CO         HA_X1                   ff  25637.8     29.7     29.7      0.0      5.5      0.8      3.5      1    70,   70  /PD_TOP        (1.10)
i_0_53/i_1/CI->CO        FA_X1                   ff  25709.0     71.2     71.2      0.0      7.9      0.8      3.6      1    70,   70  /PD_TOP        (1.10)
i_0_53/i_2/CI->CO        FA_X1                   ff  25783.2     74.2     74.2      0.0     15.9      0.8      3.6      1    70,   70  /PD_TOP        (1.10)
i_0_53/i_3/CI->CO        FA_X1                   ff  25857.4     74.2     74.2      0.0     15.9      0.8      3.6      1    70,   70  /PD_TOP        (1.10)
i_0_53/i_4/CI->CO        FA_X1                   ff  25931.6     74.2     74.2      0.0     15.9      0.8      3.6      1    70,   70  /PD_TOP        (1.10)
i_0_53/i_5/CI->CO        FA_X1                   ff  26005.8     74.2     74.2      0.0     15.9      0.8      3.6      1    70,   70  /PD_TOP        (1.10)
i_0_53/i_6/CI->CO        FA_X1                   ff  26080.0     74.2     74.2      0.0     15.9      0.8      3.6      1    70,   70  /PD_TOP        (1.10)
i_0_53/i_7/CI->CO        FA_X1                   ff  26154.2     74.2     74.2      0.0     15.9      0.8      3.6      1    70,   70  /PD_TOP        (1.10)
i_0_53/i_8/CI->CO        FA_X1                   ff  26228.4     74.2     74.2      0.0     15.9      0.8      3.6      1    70,   70  /PD_TOP        (1.10)
i_0_53/i_9/CI->CO        FA_X1                   ff  26302.6     74.2     74.2      0.0     15.9      0.8      3.6      1    70,   70  /PD_TOP        (1.10)
i_0_53/i_10/CI->CO       FA_X1                   ff  26376.8     74.2     74.2      0.0     15.9      0.8      3.6      1    70,   70  /PD_TOP        (1.10)
i_0_53/i_11/CI->CO       FA_X1                   ff  26451.0     74.2     74.2      0.0     15.9      0.8      3.6      1    70,   70  /PD_TOP        (1.10)
i_0_53/i_12/CI->CO       FA_X1                   ff  26525.2     74.2     74.2      0.0     15.9      0.8      3.6      1    70,   70  /PD_TOP        (1.10)
i_0_53/i_13/CI->CO       FA_X1                   ff  26599.4     74.2     74.2      0.0     15.9      0.8      3.6      1    70,   70  /PD_TOP        (1.10)
i_0_53/i_14/CI->CO       FA_X1                   ff  26673.6     74.2     74.2      0.0     15.9      0.8      3.6      1    70,   70  /PD_TOP        (1.10)
i_0_53/i_15/CI->CO       FA_X1                   ff  26747.8     74.2     74.2      0.0     15.9      0.8      3.6      1    70,   70  /PD_TOP        (1.10)
i_0_53/i_16/CI->CO       FA_X1                   ff  26822.0     74.2     74.2      0.0     15.9      0.8      3.6      1    70,   70  /PD_TOP        (1.10)
i_0_53/i_17/CI->CO       FA_X1                   ff  26896.2     74.2     74.2      0.0     15.9      0.8      3.6      1    70,   70  /PD_TOP        (1.10)
i_0_53/i_18/CI->CO       FA_X1                   ff  26970.4     74.2     74.2      0.0     15.9      0.8      3.6      1    70,   70  /PD_TOP        (1.10)
i_0_53/i_19/CI->CO       FA_X1                   ff  27044.6     74.2     74.2      0.0     15.9      0.8      3.6      1    70,   70  /PD_TOP        (1.10)
i_0_53/i_20/CI->CO       FA_X1                   ff  27118.8     74.2     74.2      0.0     15.9      0.8      3.6      1    70,   70  /PD_TOP        (1.10)
i_0_53/i_21/CI->S        FA_X1                   ff  27221.6    102.8    102.8      0.0     15.9      1.6      7.7      2    70,   70  /PD_TOP        (1.10)
i_0_0_173/C1->ZN         OAI221_X2               fr  27263.1     41.5     41.5      0.0     21.5      0.8      4.7      1    70,   70  /PD_TOP        (1.10)
i_0_0_172/A2->ZN         NAND2_X4*               rf  27317.2     54.1     54.1      0.0     41.8     16.1     72.0     26    70,   70  /PD_TOP        (1.10)
i_0_0_150/A1->ZN         AND2_X4                 ff  27346.9     29.7     29.2      0.5     15.3      0.7      3.8      1    70,   70  /PD_TOP        (1.10)
i_0_56/i_0/A->CO         HA_X1                   ff  27376.6     29.7     29.7      0.0      5.5      0.8      3.5      1    70,   70  /PD_TOP        (1.10)
i_0_56/i_1/CI->CO        FA_X1                   ff  27447.8     71.2     71.2      0.0      7.9      0.8      3.6      1    70,   70  /PD_TOP        (1.10)
i_0_56/i_2/CI->CO        FA_X1                   ff  27522.0     74.2     74.2      0.0     15.9      0.8      3.6      1    70,   70  /PD_TOP        (1.10)
i_0_56/i_3/CI->CO        FA_X1                   ff  27596.2     74.2     74.2      0.0     15.9      0.8      3.6      1    70,   70  /PD_TOP        (1.10)
i_0_56/i_4/CI->CO        FA_X1                   ff  27670.4     74.2     74.2      0.0     15.9      0.8      3.6      1    70,   70  /PD_TOP        (1.10)
i_0_56/i_5/CI->CO        FA_X1                   ff  27744.6     74.2     74.2      0.0     15.9      0.8      3.6      1    70,   70  /PD_TOP        (1.10)
i_0_56/i_6/CI->CO        FA_X1                   ff  27818.8     74.2     74.2      0.0     15.9      0.8      3.6      1    70,   70  /PD_TOP        (1.10)
i_0_56/i_7/CI->CO        FA_X1                   ff  27893.0     74.2     74.2      0.0     15.9      0.8      3.6      1    70,   70  /PD_TOP        (1.10)
i_0_56/i_8/CI->CO        FA_X1                   ff  27967.2     74.2     74.2      0.0     15.9      0.8      3.6      1    70,   70  /PD_TOP        (1.10)
i_0_56/i_9/CI->CO        FA_X1                   ff  28041.4     74.2     74.2      0.0     15.9      0.8      3.6      1    70,   70  /PD_TOP        (1.10)
i_0_56/i_10/CI->CO       FA_X1                   ff  28115.6     74.2     74.2      0.0     15.9      0.8      3.6      1    70,   70  /PD_TOP        (1.10)
i_0_56/i_11/CI->CO       FA_X1                   ff  28189.8     74.2     74.2      0.0     15.9      0.8      3.6      1    70,   70  /PD_TOP        (1.10)
i_0_56/i_12/CI->CO       FA_X1                   ff  28264.0     74.2     74.2      0.0     15.9      0.8      3.6      1    70,   70  /PD_TOP        (1.10)
i_0_56/i_13/CI->CO       FA_X1                   ff  28338.2     74.2     74.2      0.0     15.9      0.8      3.6      1    70,   70  /PD_TOP        (1.10)
i_0_56/i_14/CI->CO       FA_X1                   ff  28412.4     74.2     74.2      0.0     15.9      0.8      3.6      1    70,   70  /PD_TOP        (1.10)
i_0_56/i_15/CI->CO       FA_X1                   ff  28486.6     74.2     74.2      0.0     15.9      0.8      3.6      1    70,   70  /PD_TOP        (1.10)
i_0_56/i_16/CI->CO       FA_X1                   ff  28560.8     74.2     74.2      0.0     15.9      0.8      3.6      1    70,   70  /PD_TOP        (1.10)
i_0_56/i_17/CI->CO       FA_X1                   ff  28635.0     74.2     74.2      0.0     15.9      0.8      3.6      1    70,   70  /PD_TOP        (1.10)
i_0_56/i_18/CI->CO       FA_X1                   ff  28709.2     74.2     74.2      0.0     15.9      0.8      3.6      1    70,   70  /PD_TOP        (1.10)
i_0_56/i_19/CI->CO       FA_X1                   ff  28783.4     74.2     74.2      0.0     15.9      0.8      3.6      1    70,   70  /PD_TOP        (1.10)
i_0_56/i_20/CI->CO       FA_X1                   ff  28857.6     74.2     74.2      0.0     15.9      0.8      3.6      1    70,   70  /PD_TOP        (1.10)
i_0_56/i_21/CI->S        FA_X1                   ff  28960.4    102.8    102.8      0.0     15.9      1.6      7.7      2    70,   70  /PD_TOP        (1.10)
i_0_0_1246/C1->ZN        OAI221_X2               fr  29001.9     41.5     41.5      0.0     21.5      0.8      4.7      1    70,   70  /PD_TOP        (1.10)
i_0_0_1245/A2->ZN        NAND2_X4*               rf  29055.9     54.0     54.0      0.0     41.8     16.7     71.7     26    70,   70  /PD_TOP        (1.10)
i_0_0_1224/A1->ZN        AND2_X4                 ff  29085.6     29.7     29.2      0.5     15.3      0.7      3.8      1    70,   70  /PD_TOP        (1.10)
i_0_59/i_0/A->CO         HA_X1                   ff  29115.3     29.7     29.7      0.0      5.5      0.8      3.5      1    70,   70  /PD_TOP        (1.10)
i_0_59/i_1/CI->CO        FA_X1                   ff  29186.5     71.2     71.2      0.0      7.9      0.8      3.6      1    70,   70  /PD_TOP        (1.10)
i_0_59/i_2/CI->CO        FA_X1                   ff  29260.7     74.2     74.2      0.0     15.9      0.8      3.6      1    70,   70  /PD_TOP        (1.10)
i_0_59/i_3/CI->CO        FA_X1                   ff  29334.9     74.2     74.2      0.0     15.9      0.8      3.6      1    70,   70  /PD_TOP        (1.10)
i_0_59/i_4/CI->CO        FA_X1                   ff  29409.1     74.2     74.2      0.0     15.9      0.8      3.6      1    70,   70  /PD_TOP        (1.10)
i_0_59/i_5/CI->CO        FA_X1                   ff  29483.3     74.2     74.2      0.0     15.9      0.8      3.6      1    70,   70  /PD_TOP        (1.10)
i_0_59/i_6/CI->CO        FA_X1                   ff  29557.5     74.2     74.2      0.0     15.9      0.8      3.6      1    70,   70  /PD_TOP        (1.10)
i_0_59/i_7/CI->CO        FA_X1                   ff  29631.7     74.2     74.2      0.0     15.9      0.8      3.6      1    70,   70  /PD_TOP        (1.10)
i_0_59/i_8/CI->CO        FA_X1                   ff  29705.9     74.2     74.2      0.0     15.9      0.8      3.6      1    70,   70  /PD_TOP        (1.10)
i_0_59/i_9/CI->CO        FA_X1                   ff  29780.1     74.2     74.2      0.0     15.9      0.8      3.6      1    70,   70  /PD_TOP        (1.10)
i_0_59/i_10/CI->CO       FA_X1                   ff  29854.3     74.2     74.2      0.0     15.9      0.8      3.6      1    70,   70  /PD_TOP        (1.10)
i_0_59/i_11/CI->CO       FA_X1                   ff  29928.5     74.2     74.2      0.0     15.9      0.8      3.6      1    70,   70  /PD_TOP        (1.10)
i_0_59/i_12/CI->CO       FA_X1                   ff  30002.7     74.2     74.2      0.0     15.9      0.8      3.6      1    70,   70  /PD_TOP        (1.10)
i_0_59/i_13/CI->CO       FA_X1                   ff  30076.9     74.2     74.2      0.0     15.9      0.8      3.6      1    70,   70  /PD_TOP        (1.10)
i_0_59/i_14/CI->CO       FA_X1                   ff  30151.1     74.2     74.2      0.0     15.9      0.8      3.6      1    70,   70  /PD_TOP        (1.10)
i_0_59/i_15/CI->CO       FA_X1                   ff  30225.3     74.2     74.2      0.0     15.9      0.8      3.6      1    70,   70  /PD_TOP        (1.10)
i_0_59/i_16/CI->CO       FA_X1                   ff  30299.5     74.2     74.2      0.0     15.9      0.8      3.6      1    70,   70  /PD_TOP        (1.10)
i_0_59/i_17/CI->CO       FA_X1                   ff  30373.7     74.2     74.2      0.0     15.9      0.8      3.6      1    70,   70  /PD_TOP        (1.10)
i_0_59/i_18/CI->CO       FA_X1                   ff  30447.9     74.2     74.2      0.0     15.9      0.8      3.6      1    70,   70  /PD_TOP        (1.10)
i_0_59/i_19/CI->CO       FA_X1                   ff  30522.1     74.2     74.2      0.0     15.9      0.8      3.6      1    70,   70  /PD_TOP        (1.10)
i_0_59/i_20/CI->S        FA_X1                   ff  30624.9    102.8    102.8      0.0     15.9      1.6      7.7      2    70,   70  /PD_TOP        (1.10)
i_0_0_1194/C1->ZN        OAI221_X2               fr  30666.4     41.5     41.5      0.0     21.5      0.8      4.7      1    70,   70  /PD_TOP        (1.10)
i_0_0_1193/A2->ZN        NAND2_X4*               rf  30707.9     41.5     41.5      0.0     41.8      2.6     37.5      4    70,   70  /PD_TOP        (1.10)
i_0_0_1192/A->ZN         INV_X32                 fr  30731.5     23.6     23.6      0.0     15.3     14.8    116.1     24    70,   70  /PD_TOP        (1.10)
i_0_0_1171/A1->ZN        NOR2_X4                 rf  30741.1      9.6      9.2      0.4     13.2      0.7      3.8      1    70,   70  /PD_TOP        (1.10)
i_0_62/i_0/A->CO         HA_X1                   ff  30770.8     29.7     29.7      0.0      5.5      0.8      3.5      1    70,   70  /PD_TOP        (1.10)
i_0_62/i_1/CI->CO        FA_X1                   ff  30842.0     71.2     71.2      0.0      7.9      0.8      3.6      1    70,   70  /PD_TOP        (1.10)
i_0_62/i_2/CI->CO        FA_X1                   ff  30916.2     74.2     74.2      0.0     15.9      0.8      3.6      1    70,   70  /PD_TOP        (1.10)
i_0_62/i_3/CI->CO        FA_X1                   ff  30990.4     74.2     74.2      0.0     15.9      0.8      3.6      1    70,   70  /PD_TOP        (1.10)
i_0_62/i_4/CI->CO        FA_X1                   ff  31064.6     74.2     74.2      0.0     15.9      0.8      3.6      1    70,   70  /PD_TOP        (1.10)
i_0_62/i_5/CI->CO        FA_X1                   ff  31138.8     74.2     74.2      0.0     15.9      0.8      3.6      1    70,   70  /PD_TOP        (1.10)
i_0_62/i_6/CI->CO        FA_X1                   ff  31213.0     74.2     74.2      0.0     15.9      0.8      3.6      1    70,   70  /PD_TOP        (1.10)
i_0_62/i_7/CI->CO        FA_X1                   ff  31287.2     74.2     74.2      0.0     15.9      0.8      3.6      1    70,   70  /PD_TOP        (1.10)
i_0_62/i_8/CI->CO        FA_X1                   ff  31361.4     74.2     74.2      0.0     15.9      0.8      3.6      1    70,   70  /PD_TOP        (1.10)
i_0_62/i_9/CI->CO        FA_X1                   ff  31435.6     74.2     74.2      0.0     15.9      0.8      3.6      1    70,   70  /PD_TOP        (1.10)
i_0_62/i_10/CI->CO       FA_X1                   ff  31509.8     74.2     74.2      0.0     15.9      0.8      3.6      1    70,   70  /PD_TOP        (1.10)
i_0_62/i_11/CI->CO       FA_X1                   ff  31584.0     74.2     74.2      0.0     15.9      0.8      3.6      1    70,   70  /PD_TOP        (1.10)
i_0_62/i_12/CI->CO       FA_X1                   ff  31658.2     74.2     74.2      0.0     15.9      0.8      3.6      1    70,   70  /PD_TOP        (1.10)
i_0_62/i_13/CI->CO       FA_X1                   ff  31732.4     74.2     74.2      0.0     15.9      0.8      3.6      1    70,   70  /PD_TOP        (1.10)
i_0_62/i_14/CI->CO       FA_X1                   ff  31806.6     74.2     74.2      0.0     15.9      0.8      3.6      1    70,   70  /PD_TOP        (1.10)
i_0_62/i_15/CI->CO       FA_X1                   ff  31880.8     74.2     74.2      0.0     15.9      0.8      3.6      1    70,   70  /PD_TOP        (1.10)
i_0_62/i_16/CI->CO       FA_X1                   ff  31955.0     74.2     74.2      0.0     15.9      0.8      3.6      1    70,   70  /PD_TOP        (1.10)
i_0_62/i_17/CI->CO       FA_X1                   ff  32029.2     74.2     74.2      0.0     15.9      0.8      3.6      1    70,   70  /PD_TOP        (1.10)
i_0_62/i_18/CI->CO       FA_X1                   ff  32103.4     74.2     74.2      0.0     15.9      0.8      3.6      1    70,   70  /PD_TOP        (1.10)
i_0_62/i_19/CI->CO       FA_X1                   ff  32177.6     74.2     74.2      0.0     15.9      0.8      3.6      1    70,   70  /PD_TOP        (1.10)
i_0_62/i_20/CI->S        FA_X1                   ff  32283.7    106.1    106.1      0.0     15.9      1.5      9.4      2    70,   70  /PD_TOP        (1.10)
i_0_0_1142/B2->ZN        OAI22_X4                fr  32333.3     49.6     49.6      0.0     23.2      0.8      4.8      1    70,   70  /PD_TOP        (1.10)
i_0_0_1140/B2->ZN        OAI21_X4*               rf  32374.0     40.7     40.7      0.0     30.8      1.9     32.8      3    70,   70  /PD_TOP        (1.10)
i_0_0_1139/A->ZN         INV_X32                 fr  32397.6     23.6     23.6      0.0     15.3     14.8    116.1     24    70,   70  /PD_TOP        (1.10)
i_0_0_1118/A1->ZN        NOR2_X4                 rf  32407.2      9.6      9.2      0.4     13.2      0.7      3.8      1    70,   70  /PD_TOP        (1.10)
i_0_65/i_0/A->CO         HA_X1                   ff  32436.9     29.7     29.7      0.0      5.5      0.8      3.5      1    70,   70  /PD_TOP        (1.10)
i_0_65/i_1/CI->CO        FA_X1                   ff  32508.1     71.2     71.2      0.0      7.9      0.8      3.6      1    70,   70  /PD_TOP        (1.10)
i_0_65/i_2/CI->CO        FA_X1                   ff  32582.3     74.2     74.2      0.0     15.9      0.8      3.6      1    70,   70  /PD_TOP        (1.10)
i_0_65/i_3/CI->CO        FA_X1                   ff  32656.5     74.2     74.2      0.0     15.9      0.8      3.6      1    70,   70  /PD_TOP        (1.10)
i_0_65/i_4/CI->CO        FA_X1                   ff  32730.7     74.2     74.2      0.0     15.9      0.8      3.6      1    70,   70  /PD_TOP        (1.10)
i_0_65/i_5/CI->CO        FA_X1                   ff  32804.9     74.2     74.2      0.0     15.9      0.8      3.6      1    70,   70  /PD_TOP        (1.10)
i_0_65/i_6/CI->CO        FA_X1                   ff  32879.1     74.2     74.2      0.0     15.9      0.8      3.6      1    70,   70  /PD_TOP        (1.10)
i_0_65/i_7/CI->CO        FA_X1                   ff  32953.3     74.2     74.2      0.0     15.9      0.8      3.6      1    70,   70  /PD_TOP        (1.10)
i_0_65/i_8/CI->CO        FA_X1                   ff  33027.5     74.2     74.2      0.0     15.9      0.8      3.6      1    70,   70  /PD_TOP        (1.10)
i_0_65/i_9/CI->CO        FA_X1                   ff  33101.7     74.2     74.2      0.0     15.9      0.8      3.6      1    70,   70  /PD_TOP        (1.10)
i_0_65/i_10/CI->CO       FA_X1                   ff  33175.9     74.2     74.2      0.0     15.9      0.8      3.6      1    70,   70  /PD_TOP        (1.10)
i_0_65/i_11/CI->CO       FA_X1                   ff  33250.1     74.2     74.2      0.0     15.9      0.8      3.6      1    70,   70  /PD_TOP        (1.10)
i_0_65/i_12/CI->CO       FA_X1                   ff  33324.3     74.2     74.2      0.0     15.9      0.8      3.6      1    70,   70  /PD_TOP        (1.10)
i_0_65/i_13/CI->CO       FA_X1                   ff  33398.5     74.2     74.2      0.0     15.9      0.8      3.6      1    70,   70  /PD_TOP        (1.10)
i_0_65/i_14/CI->CO       FA_X1                   ff  33472.7     74.2     74.2      0.0     15.9      0.8      3.6      1    70,   70  /PD_TOP        (1.10)
i_0_65/i_15/CI->CO       FA_X1                   ff  33546.9     74.2     74.2      0.0     15.9      0.8      3.6      1    70,   70  /PD_TOP        (1.10)
i_0_65/i_16/CI->CO       FA_X1                   ff  33621.1     74.2     74.2      0.0     15.9      0.8      3.6      1    70,   70  /PD_TOP        (1.10)
i_0_65/i_17/CI->CO       FA_X1                   ff  33695.3     74.2     74.2      0.0     15.9      0.8      3.6      1    70,   70  /PD_TOP        (1.10)
i_0_65/i_18/CI->CO       FA_X1                   ff  33769.5     74.2     74.2      0.0     15.9      0.8      3.6      1    70,   70  /PD_TOP        (1.10)
i_0_65/i_19/CI->CO       FA_X1                   ff  33843.7     74.2     74.2      0.0     15.9      0.8      3.6      1    70,   70  /PD_TOP        (1.10)
i_0_65/i_20/CI->S        FA_X1                   ff  33949.8    106.1    106.1      0.0     15.9      1.5      9.4      2    70,   70  /PD_TOP        (1.10)
i_0_0_1088/B2->ZN        OAI22_X4                fr  33999.4     49.6     49.6      0.0     23.2      0.8      4.8      1    70,   70  /PD_TOP        (1.10)
i_0_0_1087/B2->ZN        OAI21_X4*               rf  34055.0     55.6     55.6      0.0     30.8     16.5     70.9     26    70,   70  /PD_TOP        (1.10)
i_0_0_1066/A1->ZN        AND2_X4                 ff  34084.7     29.7     29.2      0.5     15.3      0.7      3.8      1    70,   70  /PD_TOP        (1.10)
i_0_68/i_0/A->CO         HA_X1                   ff  34114.4     29.7     29.7      0.0      5.5      0.8      3.5      1    70,   70  /PD_TOP        (1.10)
i_0_68/i_1/CI->CO        FA_X1                   ff  34185.6     71.2     71.2      0.0      7.9      0.8      3.6      1    70,   70  /PD_TOP        (1.10)
i_0_68/i_2/CI->CO        FA_X1                   ff  34259.8     74.2     74.2      0.0     15.9      0.8      3.6      1    70,   70  /PD_TOP        (1.10)
i_0_68/i_3/CI->CO        FA_X1                   ff  34334.0     74.2     74.2      0.0     15.9      0.8      3.6      1    70,   70  /PD_TOP        (1.10)
i_0_68/i_4/CI->CO        FA_X1                   ff  34408.2     74.2     74.2      0.0     15.9      0.8      3.6      1    70,   70  /PD_TOP        (1.10)
i_0_68/i_5/CI->CO        FA_X1                   ff  34482.4     74.2     74.2      0.0     15.9      0.8      3.6      1    70,   70  /PD_TOP        (1.10)
i_0_68/i_6/CI->CO        FA_X1                   ff  34556.6     74.2     74.2      0.0     15.9      0.8      3.6      1    70,   70  /PD_TOP        (1.10)
i_0_68/i_7/CI->CO        FA_X1                   ff  34630.8     74.2     74.2      0.0     15.9      0.8      3.6      1    70,   70  /PD_TOP        (1.10)
i_0_68/i_8/CI->CO        FA_X1                   ff  34705.0     74.2     74.2      0.0     15.9      0.8      3.6      1    70,   70  /PD_TOP        (1.10)
i_0_68/i_9/CI->CO        FA_X1                   ff  34779.2     74.2     74.2      0.0     15.9      0.8      3.6      1    70,   70  /PD_TOP        (1.10)
i_0_68/i_10/CI->CO       FA_X1                   ff  34853.4     74.2     74.2      0.0     15.9      0.8      3.6      1    70,   70  /PD_TOP        (1.10)
i_0_68/i_11/CI->CO       FA_X1                   ff  34927.6     74.2     74.2      0.0     15.9      0.8      3.6      1    70,   70  /PD_TOP        (1.10)
i_0_68/i_12/CI->CO       FA_X1                   ff  35001.8     74.2     74.2      0.0     15.9      0.8      3.6      1    70,   70  /PD_TOP        (1.10)
i_0_68/i_13/CI->CO       FA_X1                   ff  35076.0     74.2     74.2      0.0     15.9      0.8      3.6      1    70,   70  /PD_TOP        (1.10)
i_0_68/i_14/CI->CO       FA_X1                   ff  35150.2     74.2     74.2      0.0     15.9      0.8      3.6      1    70,   70  /PD_TOP        (1.10)
i_0_68/i_15/CI->CO       FA_X1                   ff  35224.4     74.2     74.2      0.0     15.9      0.8      3.6      1    70,   70  /PD_TOP        (1.10)
i_0_68/i_16/CI->CO       FA_X1                   ff  35298.6     74.2     74.2      0.0     15.9      0.8      3.6      1    70,   70  /PD_TOP        (1.10)
i_0_68/i_17/CI->CO       FA_X1                   ff  35372.8     74.2     74.2      0.0     15.9      0.8      3.6      1    70,   70  /PD_TOP        (1.10)
i_0_68/i_18/CI->CO       FA_X1                   ff  35447.0     74.2     74.2      0.0     15.9      0.8      3.6      1    70,   70  /PD_TOP        (1.10)
i_0_68/i_19/CI->CO       FA_X1                   ff  35521.2     74.2     74.2      0.0     15.9      0.8      3.6      1    70,   70  /PD_TOP        (1.10)
i_0_68/i_20/CI->S        FA_X1                   ff  35628.4    107.2    107.2      0.0     15.9      1.5      9.9      2    70,   70  /PD_TOP        (1.10)
i_0_0_1033/B2->ZN        AOI22_X4                fr  35682.0     53.6     53.6      0.0     23.8      0.8      5.0      1    70,   70  /PD_TOP        (1.10)
i_0_0_1032/B2->ZN        AOI21_X4*               rf  35734.0     52.0     52.0      0.0     25.7     16.8     76.1     26    70,   70  /PD_TOP        (1.10)
i_0_0_1011/A2->ZN        AND2_X4                 ff  35766.1     32.1     31.6      0.5     15.3      0.7      3.8      1    70,   70  /PD_TOP        (1.10)
i_0_71/i_0/A->CO         HA_X1                   ff  35795.8     29.7     29.7      0.0      5.5      0.8      3.5      1    70,   70  /PD_TOP        (1.10)
i_0_71/i_1/CI->CO        FA_X1                   ff  35867.0     71.2     71.2      0.0      7.9      0.8      3.6      1    70,   70  /PD_TOP        (1.10)
i_0_71/i_2/CI->CO        FA_X1                   ff  35941.2     74.2     74.2      0.0     15.9      0.8      3.6      1    70,   70  /PD_TOP        (1.10)
i_0_71/i_3/CI->CO        FA_X1                   ff  36015.4     74.2     74.2      0.0     15.9      0.8      3.6      1    70,   70  /PD_TOP        (1.10)
i_0_71/i_4/CI->CO        FA_X1                   ff  36089.6     74.2     74.2      0.0     15.9      0.8      3.6      1    70,   70  /PD_TOP        (1.10)
i_0_71/i_5/CI->CO        FA_X1                   ff  36163.8     74.2     74.2      0.0     15.9      0.8      3.6      1    70,   70  /PD_TOP        (1.10)
i_0_71/i_6/CI->CO        FA_X1                   ff  36238.0     74.2     74.2      0.0     15.9      0.8      3.6      1    70,   70  /PD_TOP        (1.10)
i_0_71/i_7/CI->CO        FA_X1                   ff  36312.2     74.2     74.2      0.0     15.9      0.8      3.6      1    70,   70  /PD_TOP        (1.10)
i_0_71/i_8/CI->CO        FA_X1                   ff  36386.4     74.2     74.2      0.0     15.9      0.8      3.6      1    70,   70  /PD_TOP        (1.10)
i_0_71/i_9/CI->CO        FA_X1                   ff  36460.6     74.2     74.2      0.0     15.9      0.8      3.6      1    70,   70  /PD_TOP        (1.10)
i_0_71/i_10/CI->CO       FA_X1                   ff  36534.8     74.2     74.2      0.0     15.9      0.8      3.6      1    70,   70  /PD_TOP        (1.10)
i_0_71/i_11/CI->CO       FA_X1                   ff  36609.0     74.2     74.2      0.0     15.9      0.8      3.6      1    70,   70  /PD_TOP        (1.10)
i_0_71/i_12/CI->CO       FA_X1                   ff  36683.2     74.2     74.2      0.0     15.9      0.8      3.6      1    70,   70  /PD_TOP        (1.10)
i_0_71/i_13/CI->CO       FA_X1                   ff  36757.4     74.2     74.2      0.0     15.9      0.8      3.6      1    70,   70  /PD_TOP        (1.10)
i_0_71/i_14/CI->CO       FA_X1                   ff  36831.6     74.2     74.2      0.0     15.9      0.8      3.6      1    70,   70  /PD_TOP        (1.10)
i_0_71/i_15/CI->CO       FA_X1                   ff  36905.8     74.2     74.2      0.0     15.9      0.8      3.6      1    70,   70  /PD_TOP        (1.10)
i_0_71/i_16/CI->CO       FA_X1                   ff  36980.0     74.2     74.2      0.0     15.9      0.8      3.6      1    70,   70  /PD_TOP        (1.10)
i_0_71/i_17/CI->CO       FA_X1                   ff  37054.2     74.2     74.2      0.0     15.9      0.8      3.6      1    70,   70  /PD_TOP        (1.10)
i_0_71/i_18/CI->CO       FA_X1                   ff  37128.4     74.2     74.2      0.0     15.9      0.8      3.6      1    70,   70  /PD_TOP        (1.10)
i_0_71/i_19/CI->S        FA_X1                   ff  37240.7    112.3    112.3      0.0     15.9      2.6     12.5      3    70,   70  /PD_TOP        (1.10)
i_0_0_118/A1->ZN         OAI22_X4                fr  37276.8     36.1     36.0      0.1     26.4      0.7      4.9      1    70,   70  /PD_TOP        (1.10)
i_0_0_117/A2->ZN         NOR2_X4                 rf  37289.7     12.9     12.9      0.0     30.9      0.8      3.4      1    70,   70  /PD_TOP        (1.10)
i_0_0_116/A->ZN          AOI221_X4*              fr  37445.6    155.9    155.9      0.0      5.4     16.5    107.6     22    70,   70  /PD_TOP        (1.10)
i_0_0_94/A1->ZN          NOR3_X4                 rf  37456.8     11.2     10.7      0.5     15.3      0.7      3.9      1    70,   70  /PD_TOP        (1.10)
i_0_74/i_0/A->CO         HA_X1                   ff  37487.0     30.2     30.2      0.0      6.5      0.8      3.5      1    70,   70  /PD_TOP        (1.10)
i_0_74/i_1/CI->CO        FA_X1                   ff  37558.2     71.2     71.2      0.0      7.9      0.8      3.6      1    70,   70  /PD_TOP        (1.10)
i_0_74/i_2/CI->CO        FA_X1                   ff  37632.4     74.2     74.2      0.0     15.9      0.8      3.6      1    70,   70  /PD_TOP        (1.10)
i_0_74/i_3/CI->CO        FA_X1                   ff  37706.6     74.2     74.2      0.0     15.9      0.8      3.6      1    70,   70  /PD_TOP        (1.10)
i_0_74/i_4/CI->CO        FA_X1                   ff  37780.8     74.2     74.2      0.0     15.9      0.8      3.6      1    70,   70  /PD_TOP        (1.10)
i_0_74/i_5/CI->CO        FA_X1                   ff  37855.0     74.2     74.2      0.0     15.9      0.8      3.6      1    70,   70  /PD_TOP        (1.10)
i_0_74/i_6/CI->CO        FA_X1                   ff  37929.2     74.2     74.2      0.0     15.9      0.8      3.6      1    70,   70  /PD_TOP        (1.10)
i_0_74/i_7/CI->CO        FA_X1                   ff  38003.4     74.2     74.2      0.0     15.9      0.8      3.6      1    70,   70  /PD_TOP        (1.10)
i_0_74/i_8/CI->CO        FA_X1                   ff  38077.6     74.2     74.2      0.0     15.9      0.8      3.6      1    70,   70  /PD_TOP        (1.10)
i_0_74/i_9/CI->CO        FA_X1                   ff  38151.8     74.2     74.2      0.0     15.9      0.8      3.6      1    70,   70  /PD_TOP        (1.10)
i_0_74/i_10/CI->CO       FA_X1                   ff  38226.0     74.2     74.2      0.0     15.9      0.8      3.6      1    70,   70  /PD_TOP        (1.10)
i_0_74/i_11/CI->CO       FA_X1                   ff  38300.2     74.2     74.2      0.0     15.9      0.8      3.6      1    70,   70  /PD_TOP        (1.10)
i_0_74/i_12/CI->CO       FA_X1                   ff  38374.4     74.2     74.2      0.0     15.9      0.8      3.6      1    70,   70  /PD_TOP        (1.10)
i_0_74/i_13/CI->CO       FA_X1                   ff  38448.6     74.2     74.2      0.0     15.9      0.8      3.6      1    70,   70  /PD_TOP        (1.10)
i_0_74/i_14/CI->CO       FA_X1                   ff  38522.8     74.2     74.2      0.0     15.9      0.8      3.6      1    70,   70  /PD_TOP        (1.10)
i_0_74/i_15/CI->CO       FA_X1                   ff  38597.0     74.2     74.2      0.0     15.9      0.8      3.6      1    70,   70  /PD_TOP        (1.10)
i_0_74/i_16/CI->CO       FA_X1                   ff  38671.2     74.2     74.2      0.0     15.9      0.8      3.6      1    70,   70  /PD_TOP        (1.10)
i_0_74/i_17/CI->CO       FA_X1                   ff  38745.4     74.2     74.2      0.0     15.9      0.8      3.6      1    70,   70  /PD_TOP        (1.10)
i_0_74/i_18/CI->CO       FA_X1                   ff  38819.6     74.2     74.2      0.0     15.9      0.8      3.6      1    70,   70  /PD_TOP        (1.10)
i_0_74/i_19/CI->CO       FA_X1                   ff  38893.8     74.2     74.2      0.0     15.9      0.8      3.6      1    70,   70  /PD_TOP        (1.10)
i_0_74/i_20/CI->S        FA_X1                   ff  39001.0    107.2    107.2      0.0     15.9      1.5      9.9      2    70,   70  /PD_TOP        (1.10)
i_0_0_63/B2->ZN          AOI22_X4                fr  39054.6     53.6     53.6      0.0     23.8      0.8      5.0      1    70,   70  /PD_TOP        (1.10)
i_0_0_62/B2->ZN          AOI21_X4                rf  39078.8     24.2     24.2      0.0     25.7      2.9     13.7      4    70,   70  /PD_TOP        (1.10)
i_0_83/i_29/A3->ZN       OR3_X4                  ff  39155.9     77.1     77.0      0.1     11.5      1.9      9.6      3    70,   70  /PD_TOP        (1.10)
i_0_83/i_28/A1->ZN       OR2_X4                  ff  39199.8     43.9     43.9      0.0     13.4      1.2      6.8      2    70,   70  /PD_TOP        (1.10)
i_0_83/i_27/A1->ZN       OR2_X4                  ff  39244.5     44.7     44.7      0.0      9.0      2.0     11.6      3    70,   70  /PD_TOP        (1.10)
i_0_83/i_26/A1->ZN       OR3_X4                  ff  39305.7     61.2     61.2      0.0     10.3      1.9      9.6      3    70,   70  /PD_TOP        (1.10)
i_0_83/i_25/A1->ZN       OR2_X4                  ff  39352.3     46.6     46.6      0.0     13.4      2.0     11.6      3    70,   70  /PD_TOP        (1.10)
i_0_83/i_24/A1->ZN       OR3_X4                  ff  39413.5     61.2     61.2      0.0     10.3      1.9      9.6      3    70,   70  /PD_TOP        (1.10)
i_0_83/i_23/A1->ZN       OR2_X4                  ff  39457.4     43.9     43.9      0.0     13.4      1.2      6.8      2    70,   70  /PD_TOP        (1.10)
i_0_83/i_22/A1->ZN       OR2_X4                  ff  39500.6     43.2     43.2      0.0      9.0      1.2      8.9      2    70,   70  /PD_TOP        (1.10)
i_0_83/i_21/A1->ZN       NOR2_X4                 fr  39529.6     29.0     29.0      0.0      9.5      1.2      8.7      2    70,   70  /PD_TOP        (1.10)
i_0_83/i_20/A1->ZN       NAND2_X4                rf  39549.8     20.2     20.2      0.0     20.5      2.0     11.6      3    70,   70  /PD_TOP        (1.10)
i_0_83/i_16/B->Z         XOR2_X2                 ff  39610.5     60.7     60.7      0.0      9.8      1.3      6.8      2    70,   70  /PD_TOP        (1.10)
i_0_0_31/A2->ZN          NOR2_X4                 fr  39640.9     30.4     30.4      0.0     13.9      0.7      4.6      1    70,   70  /PD_TOP        (1.10)
i_0_0_28/A1->ZN          NAND3_X4                rf  39661.4     20.5     20.5      0.0     15.8      0.7      4.9      1    70,   70  /PD_TOP        (1.10)
i_0_0_27/A1->ZN          NOR3_X4                 fr  39706.8     45.4     45.4      0.0     11.2      1.5      9.5      2    70,   70  /PD_TOP        (1.10)
i_0_0_26/A1->ZN          NAND3_X4                rf  39732.3     25.5     25.5      0.0     37.0      0.7      4.6      1    70,   70  /PD_TOP        (1.10)
i_0_0_25/A2->ZN          NAND2_X2                fr  39748.1     15.8     15.8      0.0     11.0      0.7      1.9      1    70,   70  /PD_TOP        (1.10)
zero_flag_reg/D          DFFR_X1                  r  39748.1      0.0               0.0      8.3                             70,   70  /PD_TOP        (1.10)
------------------------------------------------------------------------------------------------------------------------------------------------------------
Report for group I2O
Report for group R2O
------------------------------------------------------------------------------------------------------------------------------------------------------------
Startpoint: out64_reg[63]/Q
    (Clocked by sysclk R)
Endpoint: out_c[63]
    (Clocked by vsysclk R)
Path Group: R2O
Data required time: 42000.0
    (Clock shift: 60000.0, minus Uncertainty: 0.0, plus Latency 0.0, minus Out delay: 18000.0)
Data arrival time: 228.4
Slack: 41771.6
Logic depth: 0
------------------------------------------------------------------------------------------------------------------------------------------------------------
                                                     Arrival               Arc      Net               Net    Total   fan-                                   
Path                     Module/Cell           Edge     Time    Delay    Delay    Delay     Slew     Load     Load    out     Location Power Domain      (V)
                                                        (ps)     (ps)     (ps)     (ps)     (ps)     (ff)     (ff)    (#)      (um,um)                      
------------------------------------------------------------------------------------------------------------------------------------------------------------
clk                      {create_clock}           r      0.0      0.0      0.0                        0.0      0.0      2     0,   79                       
clk_gate_ovfl_flag_reg/CK->GCK
                         CLKGATETST_X1           rr      0.0      0.0      0.0      0.0      0.0      0.0      0.0     21    70,   70  /PD_TOP        (1.10)
out64_reg[63]/CK->Q      DFFR_X1*                rr    226.4    226.4    226.4      0.0      0.0    424.3    904.3     48    70,   70  /PD_TOP        (1.10)
out_c[63]                                         r    228.4      2.0               2.0     15.3                             56,  140                       
------------------------------------------------------------------------------------------------------------------------------------------------------------
