Report End Points: 
-----+-------+------+-------+-------+-----+-----+-------+--------------------------+--------------------------
     |Group  |Launch|Capture|Shift  |Delay|Depth|Slack  |Begin Point               |End Point                 
-----+-------+------+-------+-------+-----+-----+-------+--------------------------+--------------------------
1    |default|sysclk|sysclk |60000.0|206.7|    6|59659.9|divide_by_zero_error_reg/Q|posv_flag_reg/D           
2    |default|sysclk|sysclk |60000.0|196.5|    5|59670.0|divide_by_zero_error_reg/Q|zero_flag_reg/D           
3    |default|sysclk|sysclk |60000.0| 76.1|    2|59791.3|divide_by_zero_error_reg/Q|divide_by_zero_error_reg/D
-----+-------+------+-------+-------+-----+-----+-------+--------------------------+--------------------------
Report End Points: 
-----+-----+--------------+-------+-------+-------+-----+-------+-----------+---------------
     |Group|Launch        |Capture|Shift  |Delay  |Depth|Slack  |Begin Point|End Point      
-----+-----+--------------+-------+-------+-------+-----+-------+-----------+---------------
1    |I2R  |rtDefaultClock|sysclk |60000.0|17010.7|  500|42249.9|in_b[1]    |posv_flag_reg/D
2    |I2R  |rtDefaultClock|sysclk |60000.0|17000.5|  499|42260.0|in_b[1]    |zero_flag_reg/D
3    |I2R  |rtDefaultClock|sysclk |60000.0|16852.9|  496|42408.3|in_b[1]    |out64_reg[15]/D
-----+-----+--------------+-------+-------+-------+-----+-------+-----------+---------------
Report End Points: 
-----+-----+------+-------+-----+-----+-----+-----+-----------+---------
     |Group|Launch|Capture|Shift|Delay|Depth|Slack|Begin Point|End Point
-----+-----+------+-------+-----+-----+-----+-----+-----------+---------
1    |I2O  |      |       |     |     |     |     |           |         
-----+-----+------+-------+-----+-----+-----+-----+-----------+---------
Report End Points: 
-----+-----+------+-------+-------+-----+-----+-------+---------------+---------
     |Group|Launch|Capture|Shift  |Delay|Depth|Slack  |Begin Point    |End Point
-----+-----+------+-------+-------+-----+-----+-------+---------------+---------
1    |R2O  |sysclk|vsysclk|60000.0|  1.5|    0|41774.8|out64_reg[63]/Q|out_c[61]
2    |R2O  |sysclk|vsysclk|60000.0|  1.5|    0|41774.8|out64_reg[63]/Q|out_c[59]
3    |R2O  |sysclk|vsysclk|60000.0|  1.5|    0|41774.8|out64_reg[63]/Q|out_c[55]
-----+-----+------+-------+-------+-----+-----+-------+---------------+---------
