Report Physical info: 
------------------------+--------------+-----------+------------
                        |              |Area (squm)|Leakage (uW)
------------------------+--------------+-----------+------------
Design Name             |fpu_multiplier|           |            
  Total Instances       |          1246|       2810|      56.049
    Macros              |             0|          0|       0.000
    Pads                |             0|          0|       0.000
    Phys                |             0|          0|       0.000
    Blackboxes          |             0|          0|       0.000
    Cells               |          1246|       2810|      56.049
      Buffers           |             0|          0|       0.000
      Inverters         |           320|        170|       4.593
      Clock-Gates       |             1|          4|       0.059
      Combinational     |           903|       2517|      49.473
      Latches           |             0|          0|       0.000
      FlipFlops         |            22|        119|       1.925
       Single-Bit FF    |            22|        119|       1.925
       Multi-Bit FF     |             0|          0|       0.000
       Clock-Gated      |            21|           |            
       Bits             |            22|        119|       1.925
         Load-Enabled   |             0|           |            
         Clock-Gated    |            21|           |            
  Tristate Pin Count    |             0|           |            
Physical Info           |Placed        |           |            
  Chip Size (mm x mm)   |0.128 x 0.128 |      16496|            
  Fixed Cell Area       |              |          0|            
    Phys Only           |             0|          0|            
  Placeable Area        |              |       4596|            
  Movable Cell Area     |              |       2810|            
  Utilization (%)       |            61|           |            
  Chip Utilization (%)  |            61|           |            
  Total Wire Length (mm)|         3.950|           |            
  Longest Wire (mm)     |         0.192|           |            
  Average Wire (mm)     |         0.071|           |            
------------------------+--------------+-----------+------------
