Report for group default
------------------------------------------------------------------------------------------------------------------------------------------------------------
Startpoint: error_reg/Q
    (Clocked by sysclk R)
Endpoint: error_reg/D
    (Clocked by sysclk R)
Path Group: default
Data required time: 59958.8
    (Clock shift: 60000.0, minus Uncertainty: 0.0, plus Latency 0.0, minus Setup time: 41.2)
Data arrival time: 219.3
Slack: 59739.5
Logic depth: 2
------------------------------------------------------------------------------------------------------------------------------------------------------------
                                                     Arrival               Arc      Net               Net    Total   fan-                                   
Path                     Module/Cell           Edge     Time    Delay    Delay    Delay     Slew     Load     Load    out     Location Power Domain      (V)
                                                        (ps)     (ps)     (ps)     (ps)     (ps)     (ff)     (ff)    (#)      (um,um)                      
------------------------------------------------------------------------------------------------------------------------------------------------------------
clk                      {create_clock}           r      0.0      0.0      0.0                        0.0      0.0      2    51,    0                       
error_reg/CK->Q          DFFR_X1*                rr    162.2    162.2    162.2      0.0      0.0      2.1     33.0      3    57,   56  /PD_TOP        (1.10)
i_0_1_0/A2->ZN           NOR2_X4                 rf    173.1     10.9     10.9      0.0     15.3      0.7      2.9      1    57,   56  /PD_TOP        (1.10)
error_reg_enable_mux_0/S->Z
                         MUX2_X1                 ff    219.3     46.2     46.2      0.0      5.3      0.8      1.9      1    57,   56  /PD_TOP        (1.10)
error_reg/D              DFFR_X1                  f    219.3      0.0               0.0     10.3                             57,   56  /PD_TOP        (1.10)
------------------------------------------------------------------------------------------------------------------------------------------------------------
Report for group I2R
------------------------------------------------------------------------------------------------------------------------------------------------------------
Startpoint: in_a[1]
    (Clocked by rtDefaultClock R)
Endpoint: error_reg/D
    (Clocked by sysclk R)
Path Group: I2R
Data required time: 59958.8
    (Clock shift: 60000.0, minus Uncertainty: 0.0, plus Latency 0.0, minus Setup time: 41.2)
Data arrival time: 5570.1
Slack: 54388.7
Logic depth: 67
------------------------------------------------------------------------------------------------------------------------------------------------------------
                                                     Arrival               Arc      Net               Net    Total   fan-                                   
Path                     Module/Cell           Edge     Time    Delay    Delay    Delay     Slew     Load     Load    out     Location Power Domain      (V)
                                                        (ps)     (ps)     (ps)     (ps)     (ps)     (ff)     (ff)    (#)      (um,um)                      
------------------------------------------------------------------------------------------------------------------------------------------------------------
in_a[1]                  {set_input_delay}        f    700.0    700.0    700.0                       20.8     83.3     17     0,   53                       
i_0_2_0/A2->ZN           AND2_X4                 ff    762.1     62.1     61.1      1.0    100.0      0.7      4.1      1    57,   56  /PD_TOP        (1.10)
i_0_5/i_1/B->CO          HA_X1                   ff    794.4     32.3     32.3      0.0      5.5      0.8      3.5      1    57,   56  /PD_TOP        (1.10)
i_0_5/i_2/CI->CO         FA_X1                   ff    865.6     71.2     71.2      0.0      7.9      0.8      3.6      1    57,   56  /PD_TOP        (1.10)
i_0_5/i_3/CI->S          FA_X1                   ff    961.8     96.2     96.2      0.0     15.9      0.8      5.0      1    57,   56  /PD_TOP        (1.10)
i_0_2_18/B2->ZN          AOI22_X4                fr   1040.7     78.9     78.9      0.0     18.6      0.7     26.2      1    57,   56  /PD_TOP        (1.10)
i_0_2_19/A->ZN           INV_X8                  rf   1049.4      8.7      8.7      0.0     50.8      1.5      9.2      2    57,   56  /PD_TOP        (1.10)
i_0_7/i_3/B->CO          FA_X1                   ff   1127.3     77.9     77.9      0.0      4.0      0.8      3.6      1    57,   56  /PD_TOP        (1.10)
i_0_7/i_4/CI->CO         FA_X1                   ff   1201.5     74.2     74.2      0.0     15.9      0.8      3.6      1    57,   56  /PD_TOP        (1.10)
i_0_7/i_5/CI->CO         FA_X1                   ff   1275.7     74.2     74.2      0.0     15.9      0.8      3.6      1    57,   56  /PD_TOP        (1.10)
i_0_7/i_6/CI->CO         FA_X1                   ff   1349.9     74.2     74.2      0.0     15.9      0.8      3.6      1    57,   56  /PD_TOP        (1.10)
i_0_7/i_7/CI->CO         FA_X1                   ff   1424.1     74.2     74.2      0.0     15.9      0.8      3.6      1    57,   56  /PD_TOP        (1.10)
i_0_7/i_8/CI->CO         FA_X1                   ff   1498.3     74.2     74.2      0.0     15.9      0.8      3.6      1    57,   56  /PD_TOP        (1.10)
i_0_7/i_9/CI->CO         FA_X1                   ff   1572.5     74.2     74.2      0.0     15.9      0.8      3.6      1    57,   56  /PD_TOP        (1.10)
i_0_7/i_10/CI->CO        FA_X1                   ff   1646.7     74.2     74.2      0.0     15.9      0.8      3.6      1    57,   56  /PD_TOP        (1.10)
i_0_7/i_11/CI->CO        FA_X1                   ff   1720.9     74.2     74.2      0.0     15.9      0.8      3.6      1    57,   56  /PD_TOP        (1.10)
i_0_7/i_12/CI->CO        FA_X1                   ff   1795.1     74.2     74.2      0.0     15.9      0.8      3.6      1    57,   56  /PD_TOP        (1.10)
i_0_7/i_13/CI->CO        FA_X1                   ff   1869.3     74.2     74.2      0.0     15.9      0.8      3.6      1    57,   56  /PD_TOP        (1.10)
i_0_7/i_14/CI->CO        FA_X1                   ff   1943.5     74.2     74.2      0.0     15.9      0.8      3.6      1    57,   56  /PD_TOP        (1.10)
i_0_7/i_15/CI->CO        FA_X1                   ff   2017.7     74.2     74.2      0.0     15.9      0.8      3.6      1    57,   56  /PD_TOP        (1.10)
i_0_7/i_16/CI->CO        FA_X1                   ff   2091.9     74.2     74.2      0.0     15.9      0.8      3.6      1    57,   56  /PD_TOP        (1.10)
i_0_7/i_17/CI->CO        FA_X1                   ff   2166.1     74.2     74.2      0.0     15.9      0.8      3.6      1    57,   56  /PD_TOP        (1.10)
i_0_7/i_18/CI->S         FA_X1                   ff   2262.3     96.2     96.2      0.0     15.9      0.8      5.0      1    57,   56  /PD_TOP        (1.10)
i_0_2_80/B2->ZN          AOI22_X4                fr   2341.2     78.9     78.9      0.0     18.6      0.7     26.2      1    57,   56  /PD_TOP        (1.10)
i_0_2_81/A->ZN           INV_X8                  rf   2348.5      7.3      7.3      0.0     50.8      1.4      6.4      2    57,   56  /PD_TOP        (1.10)
i_0_9/i_17/A->S          FA_X1                   ff   2444.2     95.7     95.7      0.0      3.7      0.8      2.1      1    57,   56  /PD_TOP        (1.10)
i_0_2_98/B->Z            MUX2_X2                 ff   2506.9     62.7     62.7      0.0     15.3      1.5      6.3      2    57,   56  /PD_TOP        (1.10)
i_0_11/i_16/B->CO        FA_X1                   ff   2588.3     81.4     81.4      0.0     12.2      0.8      3.6      1    57,   56  /PD_TOP        (1.10)
i_0_11/i_17/CI->CO       FA_X1                   ff   2662.5     74.2     74.2      0.0     15.9      0.8      3.6      1    57,   56  /PD_TOP        (1.10)
i_0_11/i_18/CI->S        FA_X1                   ff   2750.8     88.3     88.3      0.0     15.9      0.8      2.1      1    57,   56  /PD_TOP        (1.10)
i_0_2_116/B->Z           MUX2_X2                 ff   2813.8     63.0     63.0      0.0     15.3      1.5      6.5      2    57,   56  /PD_TOP        (1.10)
i_0_13/i_17/A->S         FA_X1                   ff   2912.9     99.1     99.1      0.0     12.3      0.8      2.1      1    57,   56  /PD_TOP        (1.10)
i_0_2_132/B->Z           MUX2_X2                 ff   2975.6     62.7     62.7      0.0     15.3      1.5      6.3      2    57,   56  /PD_TOP        (1.10)
i_0_15/i_16/B->CO        FA_X1                   ff   3057.0     81.4     81.4      0.0     12.2      0.8      3.6      1    57,   56  /PD_TOP        (1.10)
i_0_15/i_17/CI->CO       FA_X1                   ff   3131.2     74.2     74.2      0.0     15.9      0.8      3.6      1    57,   56  /PD_TOP        (1.10)
i_0_15/i_18/CI->S        FA_X1                   ff   3219.5     88.3     88.3      0.0     15.9      0.8      2.1      1    57,   56  /PD_TOP        (1.10)
i_0_2_150/B->Z           MUX2_X2                 ff   3282.5     63.0     63.0      0.0     15.3      1.5      6.5      2    57,   56  /PD_TOP        (1.10)
i_0_17/i_17/A->S         FA_X1                   ff   3381.6     99.1     99.1      0.0     12.3      0.8      2.1      1    57,   56  /PD_TOP        (1.10)
i_0_2_167/B->Z           MUX2_X2                 ff   3444.3     62.7     62.7      0.0     15.3      1.5      6.3      2    57,   56  /PD_TOP        (1.10)
i_0_19/i_16/B->CO        FA_X1                   ff   3525.7     81.4     81.4      0.0     12.2      0.8      3.6      1    57,   56  /PD_TOP        (1.10)
i_0_19/i_17/CI->CO       FA_X1                   ff   3599.9     74.2     74.2      0.0     15.9      0.8      3.6      1    57,   56  /PD_TOP        (1.10)
i_0_19/i_18/CI->S        FA_X1                   ff   3688.2     88.3     88.3      0.0     15.9      0.8      2.1      1    57,   56  /PD_TOP        (1.10)
i_0_2_186/B->Z           MUX2_X2                 ff   3751.2     63.0     63.0      0.0     15.3      1.5      6.5      2    57,   56  /PD_TOP        (1.10)
i_0_21/i_17/A->S         FA_X1                   ff   3850.3     99.1     99.1      0.0     12.3      0.8      2.1      1    57,   56  /PD_TOP        (1.10)
i_0_2_203/B->Z           MUX2_X2                 ff   3913.0     62.7     62.7      0.0     15.3      1.5      6.3      2    57,   56  /PD_TOP        (1.10)
i_0_23/i_16/B->CO        FA_X1                   ff   3994.4     81.4     81.4      0.0     12.2      0.8      3.6      1    57,   56  /PD_TOP        (1.10)
i_0_23/i_17/CI->CO       FA_X1                   ff   4068.6     74.2     74.2      0.0     15.9      0.8      3.6      1    57,   56  /PD_TOP        (1.10)
i_0_23/i_18/CI->S        FA_X1                   ff   4156.9     88.3     88.3      0.0     15.9      0.8      2.1      1    57,   56  /PD_TOP        (1.10)
i_0_2_222/B->Z           MUX2_X2                 ff   4219.9     63.0     63.0      0.0     15.3      1.5      6.5      2    57,   56  /PD_TOP        (1.10)
i_0_25/i_17/A->S         FA_X1                   ff   4319.0     99.1     99.1      0.0     12.3      0.8      2.1      1    57,   56  /PD_TOP        (1.10)
i_0_2_239/B->Z           MUX2_X2                 ff   4381.7     62.7     62.7      0.0     15.3      1.5      6.3      2    57,   56  /PD_TOP        (1.10)
i_0_27/i_16/B->CO        FA_X1                   ff   4463.1     81.4     81.4      0.0     12.2      0.8      3.6      1    57,   56  /PD_TOP        (1.10)
i_0_27/i_17/CI->CO       FA_X1                   ff   4537.3     74.2     74.2      0.0     15.9      0.8      3.6      1    57,   56  /PD_TOP        (1.10)
i_0_27/i_18/CI->S        FA_X1                   ff   4625.6     88.3     88.3      0.0     15.9      0.8      2.1      1    57,   56  /PD_TOP        (1.10)
i_0_2_258/B->Z           MUX2_X2                 ff   4688.6     63.0     63.0      0.0     15.3      1.5      6.5      2    57,   56  /PD_TOP        (1.10)
i_0_29/i_17/A->S         FA_X1                   ff   4787.7     99.1     99.1      0.0     12.3      0.8      2.1      1    57,   56  /PD_TOP        (1.10)
i_0_2_275/B->Z           MUX2_X2                 ff   4850.4     62.7     62.7      0.0     15.3      1.5      6.3      2    57,   56  /PD_TOP        (1.10)
i_0_31/i_16/B->CO        FA_X1                   ff   4931.8     81.4     81.4      0.0     12.2      0.8      3.6      1    57,   56  /PD_TOP        (1.10)
i_0_31/i_17/CI->CO       FA_X1                   ff   5006.0     74.2     74.2      0.0     15.9      0.8      3.6      1    57,   56  /PD_TOP        (1.10)
i_0_31/i_18/CI->S        FA_X1                   fr   5119.4    113.4    113.4      0.0     15.9      0.8      2.1      1    57,   56  /PD_TOP        (1.10)
i_0_2_294/B->Z           MUX2_X2*                rr   5188.8     69.4     69.4      0.0     12.0      2.0     32.4      3    57,   56  /PD_TOP        (1.10)
i_0_33/i_63/A->ZN        INV_X8                  rf   5195.7      6.9      6.9      0.0     15.3      0.7      4.2      1    57,   56  /PD_TOP        (1.10)
i_0_33/i_117/B->S        FA_X1                   ff   5287.6     91.9     91.9      0.0      3.4      0.8      2.1      1    57,   56  /PD_TOP        (1.10)
i_0_2_311/B->Z           MUX2_X2                 ff   5349.9     62.3     62.3      0.0     15.3      1.6      6.0      2    57,   56  /PD_TOP        (1.10)
i_0_2_323/A3->ZN         OR4_X4                  ff   5453.6    103.7    103.7      0.0     12.0      0.8      5.0      1    57,   56  /PD_TOP        (1.10)
i_0_2_324/A1->ZN         NOR4_X4                 fr   5503.1     49.5     49.5      0.0     16.0      0.7      4.9      1    57,   56  /PD_TOP        (1.10)
i_0_2_325/A2->ZN         NOR2_X4                 rf   5517.4     14.3     14.3      0.0     44.1      1.5      4.0      2    57,   56  /PD_TOP        (1.10)
error_reg_enable_mux_0/B->Z
                         MUX2_X2                 ff   5570.1     52.7     52.7      0.0      5.5      0.8      1.9      1    57,   56  /PD_TOP        (1.10)
error_reg/D              DFFR_X1                  f   5570.1      0.0               0.0     10.3                             57,   56  /PD_TOP        (1.10)
------------------------------------------------------------------------------------------------------------------------------------------------------------
Report for group I2O
Report for group R2O
------------------------------------------------------------------------------------------------------------------------------------------------------------
Startpoint: out_c_reg[63]/Q
    (Clocked by sysclk R)
Endpoint: out_c[60]
    (Clocked by vsysclk R)
Path Group: R2O
Data required time: 42000.0
    (Clock shift: 60000.0, minus Uncertainty: 0.0, plus Latency 0.0, minus Out delay: 18000.0)
Data arrival time: 224.5
Slack: 41775.5
Logic depth: 0
------------------------------------------------------------------------------------------------------------------------------------------------------------
                                                     Arrival               Arc      Net               Net    Total   fan-                                   
Path                     Module/Cell           Edge     Time    Delay    Delay    Delay     Slew     Load     Load    out     Location Power Domain      (V)
                                                        (ps)     (ps)     (ps)     (ps)     (ps)     (ff)     (ff)    (#)      (um,um)                      
------------------------------------------------------------------------------------------------------------------------------------------------------------
clk                      {create_clock}           r      0.0      0.0      0.0                        0.0      0.0      2    51,    0                       
clk_gate_posv_reg/CK->GCK
                         CLKGATETST_X1           rr      0.0      0.0      0.0      0.0      0.0      0.0      0.0     21    57,   56  /PD_TOP        (1.10)
out_c_reg[63]/CK->Q      DFFR_X1*                rr    223.2    223.2    223.2      0.0      0.0    285.2    765.2     48    57,   56  /PD_TOP        (1.10)
out_c[60]                                         r    224.5      1.3               1.3     15.3                              0,   46                       
------------------------------------------------------------------------------------------------------------------------------------------------------------
